   ____ _____     _ _               
  / ___|__  /___ | | |_ __ _ _ __   
 | |  _  / // _ \| | __/ _` | '__| 
 | |_| |/ /| (_) | | || (_| | |     
  \____/____\___/|_|\__\__,_|_| 

* Preparing classpath
OpenJDK 64-Bit Server VM warning: ignoring option MaxPermSize=256M; support was removed in 8.0
* Collecting classes under test
* Collecting test cases
* Performing analysis
* Started org.jsecurity.authz.ModularRealmAuthorizerEvoSuiteTest#test10
* Finished org.jsecurity.authz.ModularRealmAuthorizerEvoSuiteTest#test10
* Started org.jsecurity.authz.ModularRealmAuthorizerEvoSuiteTest#test11
* Finished org.jsecurity.authz.ModularRealmAuthorizerEvoSuiteTest#test11
* Started org.jsecurity.authz.ModularRealmAuthorizerEvoSuiteTest#test12
* Finished org.jsecurity.authz.ModularRealmAuthorizerEvoSuiteTest#test12
* Started org.jsecurity.authz.ModularRealmAuthorizerEvoSuiteTest#test13
* Finished org.jsecurity.authz.ModularRealmAuthorizerEvoSuiteTest#test13
* Started org.jsecurity.authz.ModularRealmAuthorizerEvoSuiteTest#test14
* Finished org.jsecurity.authz.ModularRealmAuthorizerEvoSuiteTest#test14
* Started org.jsecurity.authz.ModularRealmAuthorizerEvoSuiteTest#test15
* Finished org.jsecurity.authz.ModularRealmAuthorizerEvoSuiteTest#test15
* Started org.jsecurity.authz.ModularRealmAuthorizerEvoSuiteTest#test16
log4j:WARN No appenders could be found for logger (org.jsecurity.realm.AuthorizingRealm).
log4j:WARN Please initialize the log4j system properly.
* Finished org.jsecurity.authz.ModularRealmAuthorizerEvoSuiteTest#test16
* Started org.jsecurity.authz.ModularRealmAuthorizerEvoSuiteTest#test17
* Finished org.jsecurity.authz.ModularRealmAuthorizerEvoSuiteTest#test17
* Started org.jsecurity.authz.ModularRealmAuthorizerEvoSuiteTest#test18
* Finished org.jsecurity.authz.ModularRealmAuthorizerEvoSuiteTest#test18
* Started org.jsecurity.authz.ModularRealmAuthorizerEvoSuiteTest#test19
* Finished org.jsecurity.authz.ModularRealmAuthorizerEvoSuiteTest#test19
* Started org.jsecurity.authz.ModularRealmAuthorizerEvoSuiteTest#test20
* Finished org.jsecurity.authz.ModularRealmAuthorizerEvoSuiteTest#test20
* Started org.jsecurity.authz.ModularRealmAuthorizerEvoSuiteTest#test21
* Finished org.jsecurity.authz.ModularRealmAuthorizerEvoSuiteTest#test21
* Started org.jsecurity.authz.ModularRealmAuthorizerEvoSuiteTest#test22
* Finished org.jsecurity.authz.ModularRealmAuthorizerEvoSuiteTest#test22
* Started org.jsecurity.authz.ModularRealmAuthorizerEvoSuiteTest#test0
* Finished org.jsecurity.authz.ModularRealmAuthorizerEvoSuiteTest#test0
* Started org.jsecurity.authz.ModularRealmAuthorizerEvoSuiteTest#test1
* Finished org.jsecurity.authz.ModularRealmAuthorizerEvoSuiteTest#test1
* Started org.jsecurity.authz.ModularRealmAuthorizerEvoSuiteTest#test2
* Finished org.jsecurity.authz.ModularRealmAuthorizerEvoSuiteTest#test2
* Started org.jsecurity.authz.ModularRealmAuthorizerEvoSuiteTest#test3
log4j:WARN No appenders could be found for logger (org.jsecurity.realm.AuthorizingRealm).
log4j:WARN Please initialize the log4j system properly.
* Finished org.jsecurity.authz.ModularRealmAuthorizerEvoSuiteTest#test3
* Started org.jsecurity.authz.ModularRealmAuthorizerEvoSuiteTest#test4
* Finished org.jsecurity.authz.ModularRealmAuthorizerEvoSuiteTest#test4
* Started org.jsecurity.authz.ModularRealmAuthorizerEvoSuiteTest#test5
log4j:WARN No appenders could be found for logger (org.jsecurity.realm.AuthorizingRealm).
log4j:WARN Please initialize the log4j system properly.
* Failure: expected:<....SimpleAccountRealm_[15]> but was:<....SimpleAccountRealm_[0]> | test5(org.jsecurity.authz.ModularRealmAuthorizerEvoSuiteTest)
org.junit.ComparisonFailure: expected:<....SimpleAccountRealm_[15]> but was:<....SimpleAccountRealm_[0]>
	at org.junit.Assert.assertEquals(Assert.java:115)
	at org.junit.Assert.assertEquals(Assert.java:144)
	at org.jsecurity.authz.ModularRealmAuthorizerEvoSuiteTest.test5(ModularRealmAuthorizerEvoSuiteTest.java:139)
	at sun.reflect.NativeMethodAccessorImpl.invoke0(Native Method)
	at sun.reflect.NativeMethodAccessorImpl.invoke(NativeMethodAccessorImpl.java:62)
	at sun.reflect.DelegatingMethodAccessorImpl.invoke(DelegatingMethodAccessorImpl.java:43)
	at java.lang.reflect.Method.invoke(Method.java:498)
	at org.junit.runners.model.FrameworkMethod$1.runReflectiveCall(FrameworkMethod.java:47)
	at org.junit.internal.runners.model.ReflectiveCallable.run(ReflectiveCallable.java:12)
	at org.junit.runners.model.FrameworkMethod.invokeExplosively(FrameworkMethod.java:44)
	at org.junit.internal.runners.statements.InvokeMethod.evaluate(InvokeMethod.java:17)
	at org.junit.runners.ParentRunner.runLeaf(ParentRunner.java:271)
	at org.junit.runners.BlockJUnit4ClassRunner.runChild(BlockJUnit4ClassRunner.java:70)
	at org.junit.runners.BlockJUnit4ClassRunner.runChild(BlockJUnit4ClassRunner.java:50)
	at org.junit.runners.ParentRunner$3.run(ParentRunner.java:238)
	at org.junit.runners.ParentRunner$1.schedule(ParentRunner.java:63)
	at org.junit.runners.ParentRunner.runChildren(ParentRunner.java:236)
	at org.junit.runners.ParentRunner.access$000(ParentRunner.java:53)
	at org.junit.runners.ParentRunner$2.evaluate(ParentRunner.java:229)
	at org.junit.runners.ParentRunner.run(ParentRunner.java:309)
	at com.gzoltar.lib.instrumentation.testing.junit.a.call(Unknown Source)
	at java.util.concurrent.FutureTask.run(FutureTask.java:266)
	at java.util.concurrent.ThreadPoolExecutor.runWorker(ThreadPoolExecutor.java:1142)
	at java.util.concurrent.ThreadPoolExecutor$Worker.run(ThreadPoolExecutor.java:617)
	at java.lang.Thread.run(Thread.java:745)

* Finished org.jsecurity.authz.ModularRealmAuthorizerEvoSuiteTest#test5
* Started org.jsecurity.authz.ModularRealmAuthorizerEvoSuiteTest#test6
log4j:WARN No appenders could be found for logger (org.jsecurity.realm.AuthorizingRealm).
log4j:WARN Please initialize the log4j system properly.
* Finished org.jsecurity.authz.ModularRealmAuthorizerEvoSuiteTest#test6
* Started org.jsecurity.authz.ModularRealmAuthorizerEvoSuiteTest#test7
* Finished org.jsecurity.authz.ModularRealmAuthorizerEvoSuiteTest#test7
* Started org.jsecurity.authz.ModularRealmAuthorizerEvoSuiteTest#test8
* Finished org.jsecurity.authz.ModularRealmAuthorizerEvoSuiteTest#test8
* Started org.jsecurity.authz.ModularRealmAuthorizerEvoSuiteTest#test9
* Finished org.jsecurity.authz.ModularRealmAuthorizerEvoSuiteTest#test9
* Started org.jsecurity.authz.aop.PermissionAnnotationMethodInterceptorEvoSuiteTest#test0
* Finished org.jsecurity.authz.aop.PermissionAnnotationMethodInterceptorEvoSuiteTest#test0
* Started org.jsecurity.authz.aop.UserAnnotationMethodInterceptorEvoSuiteTest#test0
* Finished org.jsecurity.authz.aop.UserAnnotationMethodInterceptorEvoSuiteTest#test0
* Started org.jsecurity.authz.aop.UserAnnotationHandlerEvoSuiteTest#test0
* Finished org.jsecurity.authz.aop.UserAnnotationHandlerEvoSuiteTest#test0
* Started org.jsecurity.authz.aop.GuestAnnotationHandlerEvoSuiteTest#test0
* Finished org.jsecurity.authz.aop.GuestAnnotationHandlerEvoSuiteTest#test0
* Started org.jsecurity.authz.aop.PermissionAnnotationHandlerEvoSuiteTest#test0
* Finished org.jsecurity.authz.aop.PermissionAnnotationHandlerEvoSuiteTest#test0
* Started org.jsecurity.authz.aop.PermissionAnnotationHandlerEvoSuiteTest#test1
* Finished org.jsecurity.authz.aop.PermissionAnnotationHandlerEvoSuiteTest#test1
* Started org.jsecurity.authz.aop.RoleAnnotationHandlerEvoSuiteTest#test0
* Finished org.jsecurity.authz.aop.RoleAnnotationHandlerEvoSuiteTest#test0
* Started org.jsecurity.authz.aop.RoleAnnotationMethodInterceptorEvoSuiteTest#test0
* Finished org.jsecurity.authz.aop.RoleAnnotationMethodInterceptorEvoSuiteTest#test0
* Started org.jsecurity.authz.aop.AuthorizingAnnotationMethodInterceptorEvoSuiteTest#test0
* Finished org.jsecurity.authz.aop.AuthorizingAnnotationMethodInterceptorEvoSuiteTest#test0
* Started org.jsecurity.authz.aop.AuthenticatedAnnotationMethodInterceptorEvoSuiteTest#test0
* Finished org.jsecurity.authz.aop.AuthenticatedAnnotationMethodInterceptorEvoSuiteTest#test0
* Started org.jsecurity.authz.aop.AuthenticatedAnnotationHandlerEvoSuiteTest#test0
* Finished org.jsecurity.authz.aop.AuthenticatedAnnotationHandlerEvoSuiteTest#test0
* Started org.jsecurity.authz.aop.GuestAnnotationMethodInterceptorEvoSuiteTest#test0
* Finished org.jsecurity.authz.aop.GuestAnnotationMethodInterceptorEvoSuiteTest#test0
* Started org.jsecurity.authz.aop.AuthorizingAnnotationHandlerEvoSuiteTest#test0
* Finished org.jsecurity.authz.aop.AuthorizingAnnotationHandlerEvoSuiteTest#test0
* Started org.jsecurity.authz.permission.AllPermissionEvoSuiteTest#test0
* Finished org.jsecurity.authz.permission.AllPermissionEvoSuiteTest#test0
* Started org.jsecurity.authz.permission.WildcardPermissionEvoSuiteTest#test0
* Finished org.jsecurity.authz.permission.WildcardPermissionEvoSuiteTest#test0
* Started org.jsecurity.authz.permission.WildcardPermissionEvoSuiteTest#test1
* Finished org.jsecurity.authz.permission.WildcardPermissionEvoSuiteTest#test1
* Started org.jsecurity.authz.permission.WildcardPermissionEvoSuiteTest#test2
* Finished org.jsecurity.authz.permission.WildcardPermissionEvoSuiteTest#test2
* Started org.jsecurity.authz.permission.WildcardPermissionEvoSuiteTest#test3
* Finished org.jsecurity.authz.permission.WildcardPermissionEvoSuiteTest#test3
* Started org.jsecurity.authz.permission.WildcardPermissionEvoSuiteTest#test4
* Finished org.jsecurity.authz.permission.WildcardPermissionEvoSuiteTest#test4
* Started org.jsecurity.authz.permission.WildcardPermissionEvoSuiteTest#test5
* Finished org.jsecurity.authz.permission.WildcardPermissionEvoSuiteTest#test5
* Started org.jsecurity.authz.permission.WildcardPermissionEvoSuiteTest#test6
* Finished org.jsecurity.authz.permission.WildcardPermissionEvoSuiteTest#test6
* Started org.jsecurity.authz.permission.WildcardPermissionEvoSuiteTest#test7
* Finished org.jsecurity.authz.permission.WildcardPermissionEvoSuiteTest#test7
* Started org.jsecurity.authz.permission.WildcardPermissionResolverEvoSuiteTest#test0
* Finished org.jsecurity.authz.permission.WildcardPermissionResolverEvoSuiteTest#test0
* Started org.jsecurity.authz.SimpleRoleEvoSuiteTest#test10
* Finished org.jsecurity.authz.SimpleRoleEvoSuiteTest#test10
* Started org.jsecurity.authz.SimpleRoleEvoSuiteTest#test11
* Finished org.jsecurity.authz.SimpleRoleEvoSuiteTest#test11
* Started org.jsecurity.authz.SimpleRoleEvoSuiteTest#test12
* Finished org.jsecurity.authz.SimpleRoleEvoSuiteTest#test12
* Started org.jsecurity.authz.SimpleRoleEvoSuiteTest#test13
* Failure: null | test13(org.jsecurity.authz.SimpleRoleEvoSuiteTest)
java.lang.AssertionError
	at org.junit.Assert.fail(Assert.java:86)
	at org.junit.Assert.assertTrue(Assert.java:41)
	at org.junit.Assert.assertTrue(Assert.java:52)
	at org.jsecurity.authz.SimpleRoleEvoSuiteTest.test13(SimpleRoleEvoSuiteTest.java:238)
	at sun.reflect.NativeMethodAccessorImpl.invoke0(Native Method)
	at sun.reflect.NativeMethodAccessorImpl.invoke(NativeMethodAccessorImpl.java:62)
	at sun.reflect.DelegatingMethodAccessorImpl.invoke(DelegatingMethodAccessorImpl.java:43)
	at java.lang.reflect.Method.invoke(Method.java:498)
	at org.junit.runners.model.FrameworkMethod$1.runReflectiveCall(FrameworkMethod.java:47)
	at org.junit.internal.runners.model.ReflectiveCallable.run(ReflectiveCallable.java:12)
	at org.junit.runners.model.FrameworkMethod.invokeExplosively(FrameworkMethod.java:44)
	at org.junit.internal.runners.statements.InvokeMethod.evaluate(InvokeMethod.java:17)
	at org.junit.runners.ParentRunner.runLeaf(ParentRunner.java:271)
	at org.junit.runners.BlockJUnit4ClassRunner.runChild(BlockJUnit4ClassRunner.java:70)
	at org.junit.runners.BlockJUnit4ClassRunner.runChild(BlockJUnit4ClassRunner.java:50)
	at org.junit.runners.ParentRunner$3.run(ParentRunner.java:238)
	at org.junit.runners.ParentRunner$1.schedule(ParentRunner.java:63)
	at org.junit.runners.ParentRunner.runChildren(ParentRunner.java:236)
	at org.junit.runners.ParentRunner.access$000(ParentRunner.java:53)
	at org.junit.runners.ParentRunner$2.evaluate(ParentRunner.java:229)
	at org.junit.runners.ParentRunner.run(ParentRunner.java:309)
	at com.gzoltar.lib.instrumentation.testing.junit.a.call(Unknown Source)
	at java.util.concurrent.FutureTask.run(FutureTask.java:266)
	at java.util.concurrent.ThreadPoolExecutor.runWorker(ThreadPoolExecutor.java:1142)
	at java.util.concurrent.ThreadPoolExecutor$Worker.run(ThreadPoolExecutor.java:617)
	at java.lang.Thread.run(Thread.java:745)

* Finished org.jsecurity.authz.SimpleRoleEvoSuiteTest#test13
* Started org.jsecurity.authz.SimpleRoleEvoSuiteTest#test14
* Finished org.jsecurity.authz.SimpleRoleEvoSuiteTest#test14
* Started org.jsecurity.authz.SimpleRoleEvoSuiteTest#test15
* Finished org.jsecurity.authz.SimpleRoleEvoSuiteTest#test15
* Started org.jsecurity.authz.SimpleRoleEvoSuiteTest#test0
* Finished org.jsecurity.authz.SimpleRoleEvoSuiteTest#test0
* Started org.jsecurity.authz.SimpleRoleEvoSuiteTest#test1
* Finished org.jsecurity.authz.SimpleRoleEvoSuiteTest#test1
* Started org.jsecurity.authz.SimpleRoleEvoSuiteTest#test2
* Finished org.jsecurity.authz.SimpleRoleEvoSuiteTest#test2
* Started org.jsecurity.authz.SimpleRoleEvoSuiteTest#test3
* Finished org.jsecurity.authz.SimpleRoleEvoSuiteTest#test3
* Started org.jsecurity.authz.SimpleRoleEvoSuiteTest#test4
* Finished org.jsecurity.authz.SimpleRoleEvoSuiteTest#test4
* Started org.jsecurity.authz.SimpleRoleEvoSuiteTest#test5
* Finished org.jsecurity.authz.SimpleRoleEvoSuiteTest#test5
* Started org.jsecurity.authz.SimpleRoleEvoSuiteTest#test6
* Finished org.jsecurity.authz.SimpleRoleEvoSuiteTest#test6
* Started org.jsecurity.authz.SimpleRoleEvoSuiteTest#test7
* Finished org.jsecurity.authz.SimpleRoleEvoSuiteTest#test7
* Started org.jsecurity.authz.SimpleRoleEvoSuiteTest#test8
* Finished org.jsecurity.authz.SimpleRoleEvoSuiteTest#test8
* Started org.jsecurity.authz.SimpleRoleEvoSuiteTest#test9
* Finished org.jsecurity.authz.SimpleRoleEvoSuiteTest#test9
* Started org.jsecurity.util.JdbcUtilsEvoSuiteTest#test0
* Finished org.jsecurity.util.JdbcUtilsEvoSuiteTest#test0
* Started org.jsecurity.util.JdbcUtilsEvoSuiteTest#test1
* Finished org.jsecurity.util.JdbcUtilsEvoSuiteTest#test1
* Started org.jsecurity.util.JdbcUtilsEvoSuiteTest#test2
* Finished org.jsecurity.util.JdbcUtilsEvoSuiteTest#test2
* Started org.jsecurity.util.ClassUtilsEvoSuiteTest#test0
* Finished org.jsecurity.util.ClassUtilsEvoSuiteTest#test0
* Started org.jsecurity.util.ClassUtilsEvoSuiteTest#test1
[ERROR] Class not found
java.lang.ClassNotFoundException:  overrides file at '
	at java.lang.ClassLoader.findClass(ClassLoader.java:530)
	at java.lang.ClassLoader.loadClass(ClassLoader.java:424)
	at java.lang.ClassLoader.loadClass(ClassLoader.java:357)
	at com.gzoltar.lib.instrumentation.util.GZoltarClassLoader.loadClass(Unknown Source)
	at org.jsecurity.util.ClassUtils.forName(ClassUtils.java:100)
	at org.jsecurity.util.ClassUtils.newInstance(ClassUtils.java:151)
	at org.jsecurity.util.ClassUtilsEvoSuiteTest.test1(ClassUtilsEvoSuiteTest.java:64)
	at sun.reflect.NativeMethodAccessorImpl.invoke0(Native Method)
	at sun.reflect.NativeMethodAccessorImpl.invoke(NativeMethodAccessorImpl.java:62)
	at sun.reflect.DelegatingMethodAccessorImpl.invoke(DelegatingMethodAccessorImpl.java:43)
	at java.lang.reflect.Method.invoke(Method.java:498)
	at org.junit.runners.model.FrameworkMethod$1.runReflectiveCall(FrameworkMethod.java:47)
	at org.junit.internal.runners.model.ReflectiveCallable.run(ReflectiveCallable.java:12)
	at org.junit.runners.model.FrameworkMethod.invokeExplosively(FrameworkMethod.java:44)
	at org.junit.internal.runners.statements.InvokeMethod.evaluate(InvokeMethod.java:17)
	at org.junit.runners.ParentRunner.runLeaf(ParentRunner.java:271)
	at org.junit.runners.BlockJUnit4ClassRunner.runChild(BlockJUnit4ClassRunner.java:70)
	at org.junit.runners.BlockJUnit4ClassRunner.runChild(BlockJUnit4ClassRunner.java:50)
	at org.junit.runners.ParentRunner$3.run(ParentRunner.java:238)
	at org.junit.runners.ParentRunner$1.schedule(ParentRunner.java:63)
	at org.junit.runners.ParentRunner.runChildren(ParentRunner.java:236)
	at org.junit.runners.ParentRunner.access$000(ParentRunner.java:53)
	at org.junit.runners.ParentRunner$2.evaluate(ParentRunner.java:229)
	at org.junit.runners.ParentRunner.run(ParentRunner.java:309)
	at com.gzoltar.lib.instrumentation.testing.junit.a.call(Unknown Source)
	at java.util.concurrent.FutureTask.run(FutureTask.java:266)
	at java.util.concurrent.ThreadPoolExecutor.runWorker(ThreadPoolExecutor.java:1142)
	at java.util.concurrent.ThreadPoolExecutor$Worker.run(ThreadPoolExecutor.java:617)
	at java.lang.Thread.run(Thread.java:745)
[ERROR] Class not found
java.lang.ClassNotFoundException:  overrides file at '
	at java.lang.ClassLoader.findClass(ClassLoader.java:530)
	at java.lang.ClassLoader.loadClass(ClassLoader.java:424)
	at java.lang.ClassLoader.loadClass(ClassLoader.java:357)
	at com.gzoltar.lib.instrumentation.util.GZoltarClassLoader.loadClass(Unknown Source)
	at org.jsecurity.util.ClassUtils.forName(ClassUtils.java:111)
	at org.jsecurity.util.ClassUtils.newInstance(ClassUtils.java:151)
	at org.jsecurity.util.ClassUtilsEvoSuiteTest.test1(ClassUtilsEvoSuiteTest.java:64)
	at sun.reflect.NativeMethodAccessorImpl.invoke0(Native Method)
	at sun.reflect.NativeMethodAccessorImpl.invoke(NativeMethodAccessorImpl.java:62)
	at sun.reflect.DelegatingMethodAccessorImpl.invoke(DelegatingMethodAccessorImpl.java:43)
	at java.lang.reflect.Method.invoke(Method.java:498)
	at org.junit.runners.model.FrameworkMethod$1.runReflectiveCall(FrameworkMethod.java:47)
	at org.junit.internal.runners.model.ReflectiveCallable.run(ReflectiveCallable.java:12)
	at org.junit.runners.model.FrameworkMethod.invokeExplosively(FrameworkMethod.java:44)
	at org.junit.internal.runners.statements.InvokeMethod.evaluate(InvokeMethod.java:17)
	at org.junit.runners.ParentRunner.runLeaf(ParentRunner.java:271)
	at org.junit.runners.BlockJUnit4ClassRunner.runChild(BlockJUnit4ClassRunner.java:70)
	at org.junit.runners.BlockJUnit4ClassRunner.runChild(BlockJUnit4ClassRunner.java:50)
	at org.junit.runners.ParentRunner$3.run(ParentRunner.java:238)
	at org.junit.runners.ParentRunner$1.schedule(ParentRunner.java:63)
	at org.junit.runners.ParentRunner.runChildren(ParentRunner.java:236)
	at org.junit.runners.ParentRunner.access$000(ParentRunner.java:53)
	at org.junit.runners.ParentRunner$2.evaluate(ParentRunner.java:229)
	at org.junit.runners.ParentRunner.run(ParentRunner.java:309)
	at com.gzoltar.lib.instrumentation.testing.junit.a.call(Unknown Source)
	at java.util.concurrent.FutureTask.run(FutureTask.java:266)
	at java.util.concurrent.ThreadPoolExecutor.runWorker(ThreadPoolExecutor.java:1142)
	at java.util.concurrent.ThreadPoolExecutor$Worker.run(ThreadPoolExecutor.java:617)
	at java.lang.Thread.run(Thread.java:745)
* Finished org.jsecurity.util.ClassUtilsEvoSuiteTest#test1
* Started org.jsecurity.util.ClassUtilsEvoSuiteTest#test2
* Finished org.jsecurity.util.ClassUtilsEvoSuiteTest#test2
* Started org.jsecurity.util.ClassUtilsEvoSuiteTest#test3
[ERROR] Class not found
java.lang.ClassNotFoundException: gUcOaqT
	at java.lang.ClassLoader.findClass(ClassLoader.java:530)
	at java.lang.ClassLoader.loadClass(ClassLoader.java:424)
	at java.lang.ClassLoader.loadClass(ClassLoader.java:357)
	at com.gzoltar.lib.instrumentation.util.GZoltarClassLoader.loadClass(Unknown Source)
	at org.jsecurity.util.ClassUtils.forName(ClassUtils.java:100)
	at org.jsecurity.util.ClassUtils.newInstance(ClassUtils.java:147)
	at org.jsecurity.util.ClassUtilsEvoSuiteTest.test3(ClassUtilsEvoSuiteTest.java:101)
	at sun.reflect.NativeMethodAccessorImpl.invoke0(Native Method)
	at sun.reflect.NativeMethodAccessorImpl.invoke(NativeMethodAccessorImpl.java:62)
	at sun.reflect.DelegatingMethodAccessorImpl.invoke(DelegatingMethodAccessorImpl.java:43)
	at java.lang.reflect.Method.invoke(Method.java:498)
	at org.junit.runners.model.FrameworkMethod$1.runReflectiveCall(FrameworkMethod.java:47)
	at org.junit.internal.runners.model.ReflectiveCallable.run(ReflectiveCallable.java:12)
	at org.junit.runners.model.FrameworkMethod.invokeExplosively(FrameworkMethod.java:44)
	at org.junit.internal.runners.statements.InvokeMethod.evaluate(InvokeMethod.java:17)
	at org.junit.runners.ParentRunner.runLeaf(ParentRunner.java:271)
	at org.junit.runners.BlockJUnit4ClassRunner.runChild(BlockJUnit4ClassRunner.java:70)
	at org.junit.runners.BlockJUnit4ClassRunner.runChild(BlockJUnit4ClassRunner.java:50)
	at org.junit.runners.ParentRunner$3.run(ParentRunner.java:238)
	at org.junit.runners.ParentRunner$1.schedule(ParentRunner.java:63)
	at org.junit.runners.ParentRunner.runChildren(ParentRunner.java:236)
	at org.junit.runners.ParentRunner.access$000(ParentRunner.java:53)
	at org.junit.runners.ParentRunner$2.evaluate(ParentRunner.java:229)
	at org.junit.runners.ParentRunner.run(ParentRunner.java:309)
	at com.gzoltar.lib.instrumentation.testing.junit.a.call(Unknown Source)
	at java.util.concurrent.FutureTask.run(FutureTask.java:266)
	at java.util.concurrent.ThreadPoolExecutor.runWorker(ThreadPoolExecutor.java:1142)
	at java.util.concurrent.ThreadPoolExecutor$Worker.run(ThreadPoolExecutor.java:617)
	at java.lang.Thread.run(Thread.java:745)
[ERROR] Class not found
java.lang.ClassNotFoundException: gUcOaqT
	at java.lang.ClassLoader.findClass(ClassLoader.java:530)
	at java.lang.ClassLoader.loadClass(ClassLoader.java:424)
	at java.lang.ClassLoader.loadClass(ClassLoader.java:357)
	at com.gzoltar.lib.instrumentation.util.GZoltarClassLoader.loadClass(Unknown Source)
	at org.jsecurity.util.ClassUtils.forName(ClassUtils.java:111)
	at org.jsecurity.util.ClassUtils.newInstance(ClassUtils.java:147)
	at org.jsecurity.util.ClassUtilsEvoSuiteTest.test3(ClassUtilsEvoSuiteTest.java:101)
	at sun.reflect.NativeMethodAccessorImpl.invoke0(Native Method)
	at sun.reflect.NativeMethodAccessorImpl.invoke(NativeMethodAccessorImpl.java:62)
	at sun.reflect.DelegatingMethodAccessorImpl.invoke(DelegatingMethodAccessorImpl.java:43)
	at java.lang.reflect.Method.invoke(Method.java:498)
	at org.junit.runners.model.FrameworkMethod$1.runReflectiveCall(FrameworkMethod.java:47)
	at org.junit.internal.runners.model.ReflectiveCallable.run(ReflectiveCallable.java:12)
	at org.junit.runners.model.FrameworkMethod.invokeExplosively(FrameworkMethod.java:44)
	at org.junit.internal.runners.statements.InvokeMethod.evaluate(InvokeMethod.java:17)
	at org.junit.runners.ParentRunner.runLeaf(ParentRunner.java:271)
	at org.junit.runners.BlockJUnit4ClassRunner.runChild(BlockJUnit4ClassRunner.java:70)
	at org.junit.runners.BlockJUnit4ClassRunner.runChild(BlockJUnit4ClassRunner.java:50)
	at org.junit.runners.ParentRunner$3.run(ParentRunner.java:238)
	at org.junit.runners.ParentRunner$1.schedule(ParentRunner.java:63)
	at org.junit.runners.ParentRunner.runChildren(ParentRunner.java:236)
	at org.junit.runners.ParentRunner.access$000(ParentRunner.java:53)
	at org.junit.runners.ParentRunner$2.evaluate(ParentRunner.java:229)
	at org.junit.runners.ParentRunner.run(ParentRunner.java:309)
	at com.gzoltar.lib.instrumentation.testing.junit.a.call(Unknown Source)
	at java.util.concurrent.FutureTask.run(FutureTask.java:266)
	at java.util.concurrent.ThreadPoolExecutor.runWorker(ThreadPoolExecutor.java:1142)
	at java.util.concurrent.ThreadPoolExecutor$Worker.run(ThreadPoolExecutor.java:617)
	at java.lang.Thread.run(Thread.java:745)
* Finished org.jsecurity.util.ClassUtilsEvoSuiteTest#test3
* Started org.jsecurity.util.ClassUtilsEvoSuiteTest#test4
[ERROR] Class not found
java.lang.ClassNotFoundException: =4.*Jbs2L
	at java.lang.ClassLoader.findClass(ClassLoader.java:530)
	at java.lang.ClassLoader.loadClass(ClassLoader.java:424)
	at java.lang.ClassLoader.loadClass(ClassLoader.java:357)
	at com.gzoltar.lib.instrumentation.util.GZoltarClassLoader.loadClass(Unknown Source)
	at org.jsecurity.util.ClassUtils.forName(ClassUtils.java:100)
	at org.jsecurity.util.ClassUtils.isAvailable(ClassUtils.java:139)
	at org.jsecurity.util.ClassUtilsEvoSuiteTest.test4(ClassUtilsEvoSuiteTest.java:123)
	at sun.reflect.NativeMethodAccessorImpl.invoke0(Native Method)
	at sun.reflect.NativeMethodAccessorImpl.invoke(NativeMethodAccessorImpl.java:62)
	at sun.reflect.DelegatingMethodAccessorImpl.invoke(DelegatingMethodAccessorImpl.java:43)
	at java.lang.reflect.Method.invoke(Method.java:498)
	at org.junit.runners.model.FrameworkMethod$1.runReflectiveCall(FrameworkMethod.java:47)
	at org.junit.internal.runners.model.ReflectiveCallable.run(ReflectiveCallable.java:12)
	at org.junit.runners.model.FrameworkMethod.invokeExplosively(FrameworkMethod.java:44)
	at org.junit.internal.runners.statements.InvokeMethod.evaluate(InvokeMethod.java:17)
	at org.junit.runners.ParentRunner.runLeaf(ParentRunner.java:271)
	at org.junit.runners.BlockJUnit4ClassRunner.runChild(BlockJUnit4ClassRunner.java:70)
	at org.junit.runners.BlockJUnit4ClassRunner.runChild(BlockJUnit4ClassRunner.java:50)
	at org.junit.runners.ParentRunner$3.run(ParentRunner.java:238)
	at org.junit.runners.ParentRunner$1.schedule(ParentRunner.java:63)
	at org.junit.runners.ParentRunner.runChildren(ParentRunner.java:236)
	at org.junit.runners.ParentRunner.access$000(ParentRunner.java:53)
	at org.junit.runners.ParentRunner$2.evaluate(ParentRunner.java:229)
	at org.junit.runners.ParentRunner.run(ParentRunner.java:309)
	at com.gzoltar.lib.instrumentation.testing.junit.a.call(Unknown Source)
	at java.util.concurrent.FutureTask.run(FutureTask.java:266)
	at java.util.concurrent.ThreadPoolExecutor.runWorker(ThreadPoolExecutor.java:1142)
	at java.util.concurrent.ThreadPoolExecutor$Worker.run(ThreadPoolExecutor.java:617)
	at java.lang.Thread.run(Thread.java:745)
[ERROR] Class not found
java.lang.ClassNotFoundException: =4.*Jbs2L
	at java.lang.ClassLoader.findClass(ClassLoader.java:530)
	at java.lang.ClassLoader.loadClass(ClassLoader.java:424)
	at java.lang.ClassLoader.loadClass(ClassLoader.java:357)
	at com.gzoltar.lib.instrumentation.util.GZoltarClassLoader.loadClass(Unknown Source)
	at org.jsecurity.util.ClassUtils.forName(ClassUtils.java:111)
	at org.jsecurity.util.ClassUtils.isAvailable(ClassUtils.java:139)
	at org.jsecurity.util.ClassUtilsEvoSuiteTest.test4(ClassUtilsEvoSuiteTest.java:123)
	at sun.reflect.NativeMethodAccessorImpl.invoke0(Native Method)
	at sun.reflect.NativeMethodAccessorImpl.invoke(NativeMethodAccessorImpl.java:62)
	at sun.reflect.DelegatingMethodAccessorImpl.invoke(DelegatingMethodAccessorImpl.java:43)
	at java.lang.reflect.Method.invoke(Method.java:498)
	at org.junit.runners.model.FrameworkMethod$1.runReflectiveCall(FrameworkMethod.java:47)
	at org.junit.internal.runners.model.ReflectiveCallable.run(ReflectiveCallable.java:12)
	at org.junit.runners.model.FrameworkMethod.invokeExplosively(FrameworkMethod.java:44)
	at org.junit.internal.runners.statements.InvokeMethod.evaluate(InvokeMethod.java:17)
	at org.junit.runners.ParentRunner.runLeaf(ParentRunner.java:271)
	at org.junit.runners.BlockJUnit4ClassRunner.runChild(BlockJUnit4ClassRunner.java:70)
	at org.junit.runners.BlockJUnit4ClassRunner.runChild(BlockJUnit4ClassRunner.java:50)
	at org.junit.runners.ParentRunner$3.run(ParentRunner.java:238)
	at org.junit.runners.ParentRunner$1.schedule(ParentRunner.java:63)
	at org.junit.runners.ParentRunner.runChildren(ParentRunner.java:236)
	at org.junit.runners.ParentRunner.access$000(ParentRunner.java:53)
	at org.junit.runners.ParentRunner$2.evaluate(ParentRunner.java:229)
	at org.junit.runners.ParentRunner.run(ParentRunner.java:309)
	at com.gzoltar.lib.instrumentation.testing.junit.a.call(Unknown Source)
	at java.util.concurrent.FutureTask.run(FutureTask.java:266)
	at java.util.concurrent.ThreadPoolExecutor.runWorker(ThreadPoolExecutor.java:1142)
	at java.util.concurrent.ThreadPoolExecutor$Worker.run(ThreadPoolExecutor.java:617)
	at java.lang.Thread.run(Thread.java:745)
* Finished org.jsecurity.util.ClassUtilsEvoSuiteTest#test4
* Started org.jsecurity.util.ClassUtilsEvoSuiteTest#test5
* Finished org.jsecurity.util.ClassUtilsEvoSuiteTest#test5
* Started org.jsecurity.util.ClassUtilsEvoSuiteTest#test6
log4j:WARN No appenders could be found for logger (org.jsecurity.util.ClassUtils).
log4j:WARN Please initialize the log4j system properly.
* Finished org.jsecurity.util.ClassUtilsEvoSuiteTest#test6
* Started org.jsecurity.util.ClassUtilsEvoSuiteTest#test7
* Finished org.jsecurity.util.ClassUtilsEvoSuiteTest#test7
* Started org.jsecurity.util.PermissionUtilsEvoSuiteTest#test0
* Finished org.jsecurity.util.PermissionUtilsEvoSuiteTest#test0
* Started org.jsecurity.util.PermissionUtilsEvoSuiteTest#test1
* Finished org.jsecurity.util.PermissionUtilsEvoSuiteTest#test1
* Started org.jsecurity.util.PermissionUtilsEvoSuiteTest#test2
* Finished org.jsecurity.util.PermissionUtilsEvoSuiteTest#test2
* Started org.jsecurity.util.StringUtilsEvoSuiteTest#test10
* Finished org.jsecurity.util.StringUtilsEvoSuiteTest#test10
* Started org.jsecurity.util.StringUtilsEvoSuiteTest#test11
* Finished org.jsecurity.util.StringUtilsEvoSuiteTest#test11
* Started org.jsecurity.util.StringUtilsEvoSuiteTest#test12
* Finished org.jsecurity.util.StringUtilsEvoSuiteTest#test12
* Started org.jsecurity.util.StringUtilsEvoSuiteTest#test13
* Finished org.jsecurity.util.StringUtilsEvoSuiteTest#test13
* Started org.jsecurity.util.StringUtilsEvoSuiteTest#test14
* Finished org.jsecurity.util.StringUtilsEvoSuiteTest#test14
* Started org.jsecurity.util.StringUtilsEvoSuiteTest#test15
* Finished org.jsecurity.util.StringUtilsEvoSuiteTest#test15
* Started org.jsecurity.util.StringUtilsEvoSuiteTest#test16
* Finished org.jsecurity.util.StringUtilsEvoSuiteTest#test16
* Started org.jsecurity.util.StringUtilsEvoSuiteTest#test17
* Finished org.jsecurity.util.StringUtilsEvoSuiteTest#test17
* Started org.jsecurity.util.StringUtilsEvoSuiteTest#test18
* Finished org.jsecurity.util.StringUtilsEvoSuiteTest#test18
* Started org.jsecurity.util.StringUtilsEvoSuiteTest#test19
* Finished org.jsecurity.util.StringUtilsEvoSuiteTest#test19
* Started org.jsecurity.util.StringUtilsEvoSuiteTest#test20
* Finished org.jsecurity.util.StringUtilsEvoSuiteTest#test20
* Started org.jsecurity.util.StringUtilsEvoSuiteTest#test21
* Finished org.jsecurity.util.StringUtilsEvoSuiteTest#test21
* Started org.jsecurity.util.StringUtilsEvoSuiteTest#test22
* Finished org.jsecurity.util.StringUtilsEvoSuiteTest#test22
* Started org.jsecurity.util.StringUtilsEvoSuiteTest#test23
* Finished org.jsecurity.util.StringUtilsEvoSuiteTest#test23
* Started org.jsecurity.util.StringUtilsEvoSuiteTest#test24
* Finished org.jsecurity.util.StringUtilsEvoSuiteTest#test24
* Started org.jsecurity.util.StringUtilsEvoSuiteTest#test25
* Finished org.jsecurity.util.StringUtilsEvoSuiteTest#test25
* Started org.jsecurity.util.StringUtilsEvoSuiteTest#test26
* Finished org.jsecurity.util.StringUtilsEvoSuiteTest#test26
* Started org.jsecurity.util.StringUtilsEvoSuiteTest#test0
* Finished org.jsecurity.util.StringUtilsEvoSuiteTest#test0
* Started org.jsecurity.util.StringUtilsEvoSuiteTest#test1
* Finished org.jsecurity.util.StringUtilsEvoSuiteTest#test1
* Started org.jsecurity.util.StringUtilsEvoSuiteTest#test2
* Finished org.jsecurity.util.StringUtilsEvoSuiteTest#test2
* Started org.jsecurity.util.StringUtilsEvoSuiteTest#test3
* Finished org.jsecurity.util.StringUtilsEvoSuiteTest#test3
* Started org.jsecurity.util.StringUtilsEvoSuiteTest#test4
* Finished org.jsecurity.util.StringUtilsEvoSuiteTest#test4
* Started org.jsecurity.util.StringUtilsEvoSuiteTest#test5
* Finished org.jsecurity.util.StringUtilsEvoSuiteTest#test5
* Started org.jsecurity.util.StringUtilsEvoSuiteTest#test6
* Finished org.jsecurity.util.StringUtilsEvoSuiteTest#test6
* Started org.jsecurity.util.StringUtilsEvoSuiteTest#test7
* Finished org.jsecurity.util.StringUtilsEvoSuiteTest#test7
* Started org.jsecurity.util.StringUtilsEvoSuiteTest#test8
* Finished org.jsecurity.util.StringUtilsEvoSuiteTest#test8
* Started org.jsecurity.util.StringUtilsEvoSuiteTest#test9
* Finished org.jsecurity.util.StringUtilsEvoSuiteTest#test9
* Started org.jsecurity.util.JavaEnvironmentEvoSuiteTest#test0
* Failure: expected:<true> but was:<false> | test0(org.jsecurity.util.JavaEnvironmentEvoSuiteTest)
java.lang.AssertionError: expected:<true> but was:<false>
	at org.junit.Assert.fail(Assert.java:88)
	at org.junit.Assert.failNotEquals(Assert.java:743)
	at org.junit.Assert.assertEquals(Assert.java:118)
	at org.junit.Assert.assertEquals(Assert.java:144)
	at org.jsecurity.util.JavaEnvironmentEvoSuiteTest.test0(JavaEnvironmentEvoSuiteTest.java:24)
	at sun.reflect.NativeMethodAccessorImpl.invoke0(Native Method)
	at sun.reflect.NativeMethodAccessorImpl.invoke(NativeMethodAccessorImpl.java:62)
	at sun.reflect.DelegatingMethodAccessorImpl.invoke(DelegatingMethodAccessorImpl.java:43)
	at java.lang.reflect.Method.invoke(Method.java:498)
	at org.junit.runners.model.FrameworkMethod$1.runReflectiveCall(FrameworkMethod.java:47)
	at org.junit.internal.runners.model.ReflectiveCallable.run(ReflectiveCallable.java:12)
	at org.junit.runners.model.FrameworkMethod.invokeExplosively(FrameworkMethod.java:44)
	at org.junit.internal.runners.statements.InvokeMethod.evaluate(InvokeMethod.java:17)
	at org.junit.runners.ParentRunner.runLeaf(ParentRunner.java:271)
	at org.junit.runners.BlockJUnit4ClassRunner.runChild(BlockJUnit4ClassRunner.java:70)
	at org.junit.runners.BlockJUnit4ClassRunner.runChild(BlockJUnit4ClassRunner.java:50)
	at org.junit.runners.ParentRunner$3.run(ParentRunner.java:238)
	at org.junit.runners.ParentRunner$1.schedule(ParentRunner.java:63)
	at org.junit.runners.ParentRunner.runChildren(ParentRunner.java:236)
	at org.junit.runners.ParentRunner.access$000(ParentRunner.java:53)
	at org.junit.runners.ParentRunner$2.evaluate(ParentRunner.java:229)
	at org.junit.runners.ParentRunner.run(ParentRunner.java:309)
	at com.gzoltar.lib.instrumentation.testing.junit.a.call(Unknown Source)
	at java.util.concurrent.FutureTask.run(FutureTask.java:266)
	at java.util.concurrent.ThreadPoolExecutor.runWorker(ThreadPoolExecutor.java:1142)
	at java.util.concurrent.ThreadPoolExecutor$Worker.run(ThreadPoolExecutor.java:617)
	at java.lang.Thread.run(Thread.java:745)

* Finished org.jsecurity.util.JavaEnvironmentEvoSuiteTest#test0
* Started org.jsecurity.util.JavaEnvironmentEvoSuiteTest#test1
* Failure: expected:<1.[7.0_79]> but was:<1.[8.0_91]> | test1(org.jsecurity.util.JavaEnvironmentEvoSuiteTest)
org.junit.ComparisonFailure: expected:<1.[7.0_79]> but was:<1.[8.0_91]>
	at org.junit.Assert.assertEquals(Assert.java:115)
	at org.junit.Assert.assertEquals(Assert.java:144)
	at org.jsecurity.util.JavaEnvironmentEvoSuiteTest.test1(JavaEnvironmentEvoSuiteTest.java:35)
	at sun.reflect.NativeMethodAccessorImpl.invoke0(Native Method)
	at sun.reflect.NativeMethodAccessorImpl.invoke(NativeMethodAccessorImpl.java:62)
	at sun.reflect.DelegatingMethodAccessorImpl.invoke(DelegatingMethodAccessorImpl.java:43)
	at java.lang.reflect.Method.invoke(Method.java:498)
	at org.junit.runners.model.FrameworkMethod$1.runReflectiveCall(FrameworkMethod.java:47)
	at org.junit.internal.runners.model.ReflectiveCallable.run(ReflectiveCallable.java:12)
	at org.junit.runners.model.FrameworkMethod.invokeExplosively(FrameworkMethod.java:44)
	at org.junit.internal.runners.statements.InvokeMethod.evaluate(InvokeMethod.java:17)
	at org.junit.runners.ParentRunner.runLeaf(ParentRunner.java:271)
	at org.junit.runners.BlockJUnit4ClassRunner.runChild(BlockJUnit4ClassRunner.java:70)
	at org.junit.runners.BlockJUnit4ClassRunner.runChild(BlockJUnit4ClassRunner.java:50)
	at org.junit.runners.ParentRunner$3.run(ParentRunner.java:238)
	at org.junit.runners.ParentRunner$1.schedule(ParentRunner.java:63)
	at org.junit.runners.ParentRunner.runChildren(ParentRunner.java:236)
	at org.junit.runners.ParentRunner.access$000(ParentRunner.java:53)
	at org.junit.runners.ParentRunner$2.evaluate(ParentRunner.java:229)
	at org.junit.runners.ParentRunner.run(ParentRunner.java:309)
	at com.gzoltar.lib.instrumentation.testing.junit.a.call(Unknown Source)
	at java.util.concurrent.FutureTask.run(FutureTask.java:266)
	at java.util.concurrent.ThreadPoolExecutor.runWorker(ThreadPoolExecutor.java:1142)
	at java.util.concurrent.ThreadPoolExecutor$Worker.run(ThreadPoolExecutor.java:617)
	at java.lang.Thread.run(Thread.java:745)

* Finished org.jsecurity.util.JavaEnvironmentEvoSuiteTest#test1
* Started org.jsecurity.util.JavaEnvironmentEvoSuiteTest#test2
* Failure: expected:<true> but was:<false> | test2(org.jsecurity.util.JavaEnvironmentEvoSuiteTest)
java.lang.AssertionError: expected:<true> but was:<false>
	at org.junit.Assert.fail(Assert.java:88)
	at org.junit.Assert.failNotEquals(Assert.java:743)
	at org.junit.Assert.assertEquals(Assert.java:118)
	at org.junit.Assert.assertEquals(Assert.java:144)
	at org.jsecurity.util.JavaEnvironmentEvoSuiteTest.test2(JavaEnvironmentEvoSuiteTest.java:47)
	at sun.reflect.NativeMethodAccessorImpl.invoke0(Native Method)
	at sun.reflect.NativeMethodAccessorImpl.invoke(NativeMethodAccessorImpl.java:62)
	at sun.reflect.DelegatingMethodAccessorImpl.invoke(DelegatingMethodAccessorImpl.java:43)
	at java.lang.reflect.Method.invoke(Method.java:498)
	at org.junit.runners.model.FrameworkMethod$1.runReflectiveCall(FrameworkMethod.java:47)
	at org.junit.internal.runners.model.ReflectiveCallable.run(ReflectiveCallable.java:12)
	at org.junit.runners.model.FrameworkMethod.invokeExplosively(FrameworkMethod.java:44)
	at org.junit.internal.runners.statements.InvokeMethod.evaluate(InvokeMethod.java:17)
	at org.junit.runners.ParentRunner.runLeaf(ParentRunner.java:271)
	at org.junit.runners.BlockJUnit4ClassRunner.runChild(BlockJUnit4ClassRunner.java:70)
	at org.junit.runners.BlockJUnit4ClassRunner.runChild(BlockJUnit4ClassRunner.java:50)
	at org.junit.runners.ParentRunner$3.run(ParentRunner.java:238)
	at org.junit.runners.ParentRunner$1.schedule(ParentRunner.java:63)
	at org.junit.runners.ParentRunner.runChildren(ParentRunner.java:236)
	at org.junit.runners.ParentRunner.access$000(ParentRunner.java:53)
	at org.junit.runners.ParentRunner$2.evaluate(ParentRunner.java:229)
	at org.junit.runners.ParentRunner.run(ParentRunner.java:309)
	at com.gzoltar.lib.instrumentation.testing.junit.a.call(Unknown Source)
	at java.util.concurrent.FutureTask.run(FutureTask.java:266)
	at java.util.concurrent.ThreadPoolExecutor.runWorker(ThreadPoolExecutor.java:1142)
	at java.util.concurrent.ThreadPoolExecutor$Worker.run(ThreadPoolExecutor.java:617)
	at java.lang.Thread.run(Thread.java:745)

* Finished org.jsecurity.util.JavaEnvironmentEvoSuiteTest#test2
* Started org.jsecurity.util.CollectionUtilsEvoSuiteTest#test0
* Finished org.jsecurity.util.CollectionUtilsEvoSuiteTest#test0
* Started org.jsecurity.util.CollectionUtilsEvoSuiteTest#test1
* Finished org.jsecurity.util.CollectionUtilsEvoSuiteTest#test1
* Started org.jsecurity.util.CollectionUtilsEvoSuiteTest#test2
* Finished org.jsecurity.util.CollectionUtilsEvoSuiteTest#test2
* Started org.jsecurity.util.CollectionUtilsEvoSuiteTest#test3
* Finished org.jsecurity.util.CollectionUtilsEvoSuiteTest#test3
* Started org.jsecurity.util.CollectionUtilsEvoSuiteTest#test4
* Finished org.jsecurity.util.CollectionUtilsEvoSuiteTest#test4
* Started org.jsecurity.util.CollectionUtilsEvoSuiteTest#test5
* Finished org.jsecurity.util.CollectionUtilsEvoSuiteTest#test5
* Started org.jsecurity.util.AntPathMatcherEvoSuiteTest#test10
* Finished org.jsecurity.util.AntPathMatcherEvoSuiteTest#test10
* Started org.jsecurity.util.AntPathMatcherEvoSuiteTest#test11
* Finished org.jsecurity.util.AntPathMatcherEvoSuiteTest#test11
* Started org.jsecurity.util.AntPathMatcherEvoSuiteTest#test12
* Finished org.jsecurity.util.AntPathMatcherEvoSuiteTest#test12
* Started org.jsecurity.util.AntPathMatcherEvoSuiteTest#test13
* Finished org.jsecurity.util.AntPathMatcherEvoSuiteTest#test13
* Started org.jsecurity.util.AntPathMatcherEvoSuiteTest#test14
* Finished org.jsecurity.util.AntPathMatcherEvoSuiteTest#test14
* Started org.jsecurity.util.AntPathMatcherEvoSuiteTest#test15
* Finished org.jsecurity.util.AntPathMatcherEvoSuiteTest#test15
* Started org.jsecurity.util.AntPathMatcherEvoSuiteTest#test16
* Finished org.jsecurity.util.AntPathMatcherEvoSuiteTest#test16
* Started org.jsecurity.util.AntPathMatcherEvoSuiteTest#test17
* Finished org.jsecurity.util.AntPathMatcherEvoSuiteTest#test17
* Started org.jsecurity.util.AntPathMatcherEvoSuiteTest#test18
* Failure: expected:<true> but was:<false> | test18(org.jsecurity.util.AntPathMatcherEvoSuiteTest)
java.lang.AssertionError: expected:<true> but was:<false>
	at org.junit.Assert.fail(Assert.java:88)
	at org.junit.Assert.failNotEquals(Assert.java:743)
	at org.junit.Assert.assertEquals(Assert.java:118)
	at org.junit.Assert.assertEquals(Assert.java:144)
	at org.jsecurity.util.AntPathMatcherEvoSuiteTest.test18(AntPathMatcherEvoSuiteTest.java:332)
	at sun.reflect.NativeMethodAccessorImpl.invoke0(Native Method)
	at sun.reflect.NativeMethodAccessorImpl.invoke(NativeMethodAccessorImpl.java:62)
	at sun.reflect.DelegatingMethodAccessorImpl.invoke(DelegatingMethodAccessorImpl.java:43)
	at java.lang.reflect.Method.invoke(Method.java:498)
	at org.junit.runners.model.FrameworkMethod$1.runReflectiveCall(FrameworkMethod.java:47)
	at org.junit.internal.runners.model.ReflectiveCallable.run(ReflectiveCallable.java:12)
	at org.junit.runners.model.FrameworkMethod.invokeExplosively(FrameworkMethod.java:44)
	at org.junit.internal.runners.statements.InvokeMethod.evaluate(InvokeMethod.java:17)
	at org.junit.runners.ParentRunner.runLeaf(ParentRunner.java:271)
	at org.junit.runners.BlockJUnit4ClassRunner.runChild(BlockJUnit4ClassRunner.java:70)
	at org.junit.runners.BlockJUnit4ClassRunner.runChild(BlockJUnit4ClassRunner.java:50)
	at org.junit.runners.ParentRunner$3.run(ParentRunner.java:238)
	at org.junit.runners.ParentRunner$1.schedule(ParentRunner.java:63)
	at org.junit.runners.ParentRunner.runChildren(ParentRunner.java:236)
	at org.junit.runners.ParentRunner.access$000(ParentRunner.java:53)
	at org.junit.runners.ParentRunner$2.evaluate(ParentRunner.java:229)
	at org.junit.runners.ParentRunner.run(ParentRunner.java:309)
	at com.gzoltar.lib.instrumentation.testing.junit.a.call(Unknown Source)
	at java.util.concurrent.FutureTask.run(FutureTask.java:266)
	at java.util.concurrent.ThreadPoolExecutor.runWorker(ThreadPoolExecutor.java:1142)
	at java.util.concurrent.ThreadPoolExecutor$Worker.run(ThreadPoolExecutor.java:617)
	at java.lang.Thread.run(Thread.java:745)

* Finished org.jsecurity.util.AntPathMatcherEvoSuiteTest#test18
* Started org.jsecurity.util.AntPathMatcherEvoSuiteTest#test19
* Finished org.jsecurity.util.AntPathMatcherEvoSuiteTest#test19
* Started org.jsecurity.util.AntPathMatcherEvoSuiteTest#test20
* Finished org.jsecurity.util.AntPathMatcherEvoSuiteTest#test20
* Started org.jsecurity.util.AntPathMatcherEvoSuiteTest#test21
* Finished org.jsecurity.util.AntPathMatcherEvoSuiteTest#test21
* Started org.jsecurity.util.AntPathMatcherEvoSuiteTest#test22
* Finished org.jsecurity.util.AntPathMatcherEvoSuiteTest#test22
* Started org.jsecurity.util.AntPathMatcherEvoSuiteTest#test23
* Finished org.jsecurity.util.AntPathMatcherEvoSuiteTest#test23
* Started org.jsecurity.util.AntPathMatcherEvoSuiteTest#test24
* Finished org.jsecurity.util.AntPathMatcherEvoSuiteTest#test24
* Started org.jsecurity.util.AntPathMatcherEvoSuiteTest#test25
* Finished org.jsecurity.util.AntPathMatcherEvoSuiteTest#test25
* Started org.jsecurity.util.AntPathMatcherEvoSuiteTest#test26
* Finished org.jsecurity.util.AntPathMatcherEvoSuiteTest#test26
* Started org.jsecurity.util.AntPathMatcherEvoSuiteTest#test27
* Finished org.jsecurity.util.AntPathMatcherEvoSuiteTest#test27
* Started org.jsecurity.util.AntPathMatcherEvoSuiteTest#test28
* Finished org.jsecurity.util.AntPathMatcherEvoSuiteTest#test28
* Started org.jsecurity.util.AntPathMatcherEvoSuiteTest#test29
* Finished org.jsecurity.util.AntPathMatcherEvoSuiteTest#test29
* Started org.jsecurity.util.AntPathMatcherEvoSuiteTest#test30
* Finished org.jsecurity.util.AntPathMatcherEvoSuiteTest#test30
* Started org.jsecurity.util.AntPathMatcherEvoSuiteTest#test31
* Finished org.jsecurity.util.AntPathMatcherEvoSuiteTest#test31
* Started org.jsecurity.util.AntPathMatcherEvoSuiteTest#test32
* Finished org.jsecurity.util.AntPathMatcherEvoSuiteTest#test32
* Started org.jsecurity.util.AntPathMatcherEvoSuiteTest#test0
* Finished org.jsecurity.util.AntPathMatcherEvoSuiteTest#test0
* Started org.jsecurity.util.AntPathMatcherEvoSuiteTest#test1
* Finished org.jsecurity.util.AntPathMatcherEvoSuiteTest#test1
* Started org.jsecurity.util.AntPathMatcherEvoSuiteTest#test2
* Finished org.jsecurity.util.AntPathMatcherEvoSuiteTest#test2
* Started org.jsecurity.util.AntPathMatcherEvoSuiteTest#test3
* Finished org.jsecurity.util.AntPathMatcherEvoSuiteTest#test3
* Started org.jsecurity.util.AntPathMatcherEvoSuiteTest#test4
* Finished org.jsecurity.util.AntPathMatcherEvoSuiteTest#test4
* Started org.jsecurity.util.AntPathMatcherEvoSuiteTest#test5
* Finished org.jsecurity.util.AntPathMatcherEvoSuiteTest#test5
* Started org.jsecurity.util.AntPathMatcherEvoSuiteTest#test6
* Finished org.jsecurity.util.AntPathMatcherEvoSuiteTest#test6
* Started org.jsecurity.util.AntPathMatcherEvoSuiteTest#test7
* Finished org.jsecurity.util.AntPathMatcherEvoSuiteTest#test7
* Started org.jsecurity.util.AntPathMatcherEvoSuiteTest#test8
* Finished org.jsecurity.util.AntPathMatcherEvoSuiteTest#test8
* Started org.jsecurity.util.AntPathMatcherEvoSuiteTest#test9
* Finished org.jsecurity.util.AntPathMatcherEvoSuiteTest#test9
* Started org.jsecurity.session.mgt.SimpleSessionEvoSuiteTest#test10
* Finished org.jsecurity.session.mgt.SimpleSessionEvoSuiteTest#test10
* Started org.jsecurity.session.mgt.SimpleSessionEvoSuiteTest#test11
* Finished org.jsecurity.session.mgt.SimpleSessionEvoSuiteTest#test11
* Started org.jsecurity.session.mgt.SimpleSessionEvoSuiteTest#test12
* Finished org.jsecurity.session.mgt.SimpleSessionEvoSuiteTest#test12
* Started org.jsecurity.session.mgt.SimpleSessionEvoSuiteTest#test13
* Finished org.jsecurity.session.mgt.SimpleSessionEvoSuiteTest#test13
* Started org.jsecurity.session.mgt.SimpleSessionEvoSuiteTest#test14
* Finished org.jsecurity.session.mgt.SimpleSessionEvoSuiteTest#test14
* Started org.jsecurity.session.mgt.SimpleSessionEvoSuiteTest#test15
log4j:WARN No appenders could be found for logger (org.jsecurity.session.mgt.SimpleSession).
log4j:WARN Please initialize the log4j system properly.
* Finished org.jsecurity.session.mgt.SimpleSessionEvoSuiteTest#test15
* Started org.jsecurity.session.mgt.SimpleSessionEvoSuiteTest#test16
* Finished org.jsecurity.session.mgt.SimpleSessionEvoSuiteTest#test16
* Started org.jsecurity.session.mgt.SimpleSessionEvoSuiteTest#test17
* Finished org.jsecurity.session.mgt.SimpleSessionEvoSuiteTest#test17
* Started org.jsecurity.session.mgt.SimpleSessionEvoSuiteTest#test18
* Finished org.jsecurity.session.mgt.SimpleSessionEvoSuiteTest#test18
* Started org.jsecurity.session.mgt.SimpleSessionEvoSuiteTest#test19
* Finished org.jsecurity.session.mgt.SimpleSessionEvoSuiteTest#test19
* Started org.jsecurity.session.mgt.SimpleSessionEvoSuiteTest#test20
* Finished org.jsecurity.session.mgt.SimpleSessionEvoSuiteTest#test20
* Started org.jsecurity.session.mgt.SimpleSessionEvoSuiteTest#test21
* Finished org.jsecurity.session.mgt.SimpleSessionEvoSuiteTest#test21
* Started org.jsecurity.session.mgt.SimpleSessionEvoSuiteTest#test0
* Finished org.jsecurity.session.mgt.SimpleSessionEvoSuiteTest#test0
* Started org.jsecurity.session.mgt.SimpleSessionEvoSuiteTest#test1
* Failure: java.lang.AssertionError: expected:<1433848166151> but was:<1467618216827> | test1(org.jsecurity.session.mgt.SimpleSessionEvoSuiteTest)
java.util.concurrent.ExecutionException: java.lang.AssertionError: expected:<1433848166151> but was:<1467618216827>
	at java.util.concurrent.FutureTask.report(FutureTask.java:122)
	at java.util.concurrent.FutureTask.get(FutureTask.java:206)
	at org.jsecurity.session.mgt.SimpleSessionEvoSuiteTest.test1(SimpleSessionEvoSuiteTest.java:99)
	at sun.reflect.NativeMethodAccessorImpl.invoke0(Native Method)
	at sun.reflect.NativeMethodAccessorImpl.invoke(NativeMethodAccessorImpl.java:62)
	at sun.reflect.DelegatingMethodAccessorImpl.invoke(DelegatingMethodAccessorImpl.java:43)
	at java.lang.reflect.Method.invoke(Method.java:498)
	at org.junit.runners.model.FrameworkMethod$1.runReflectiveCall(FrameworkMethod.java:47)
	at org.junit.internal.runners.model.ReflectiveCallable.run(ReflectiveCallable.java:12)
	at org.junit.runners.model.FrameworkMethod.invokeExplosively(FrameworkMethod.java:44)
	at org.junit.internal.runners.statements.InvokeMethod.evaluate(InvokeMethod.java:17)
	at org.junit.internal.runners.statements.RunBefores.evaluate(RunBefores.java:26)
	at org.junit.internal.runners.statements.RunAfters.evaluate(RunAfters.java:27)
	at org.junit.runners.ParentRunner.runLeaf(ParentRunner.java:271)
	at org.junit.runners.BlockJUnit4ClassRunner.runChild(BlockJUnit4ClassRunner.java:70)
	at org.junit.runners.BlockJUnit4ClassRunner.runChild(BlockJUnit4ClassRunner.java:50)
	at org.junit.runners.ParentRunner$3.run(ParentRunner.java:238)
	at org.junit.runners.ParentRunner$1.schedule(ParentRunner.java:63)
	at org.junit.runners.ParentRunner.runChildren(ParentRunner.java:236)
	at org.junit.runners.ParentRunner.access$000(ParentRunner.java:53)
	at org.junit.runners.ParentRunner$2.evaluate(ParentRunner.java:229)
	at org.junit.internal.runners.statements.RunBefores.evaluate(RunBefores.java:26)
	at org.junit.internal.runners.statements.RunAfters.evaluate(RunAfters.java:27)
	at org.junit.runners.ParentRunner.run(ParentRunner.java:309)
	at com.gzoltar.lib.instrumentation.testing.junit.a.call(Unknown Source)
	at java.util.concurrent.FutureTask.run(FutureTask.java:266)
	at java.util.concurrent.ThreadPoolExecutor.runWorker(ThreadPoolExecutor.java:1142)
	at java.util.concurrent.ThreadPoolExecutor$Worker.run(ThreadPoolExecutor.java:617)
	at java.lang.Thread.run(Thread.java:745)
Caused by: java.lang.AssertionError: expected:<1433848166151> but was:<1467618216827>
	at org.junit.Assert.fail(Assert.java:88)
	at org.junit.Assert.failNotEquals(Assert.java:743)
	at org.junit.Assert.assertEquals(Assert.java:118)
	at org.junit.Assert.assertEquals(Assert.java:555)
	at org.junit.Assert.assertEquals(Assert.java:542)
	at org.jsecurity.session.mgt.SimpleSessionEvoSuiteTest$2.run(SimpleSessionEvoSuiteTest.java:95)
	at java.util.concurrent.Executors$RunnableAdapter.call(Executors.java:511)
	... 4 more

* Finished org.jsecurity.session.mgt.SimpleSessionEvoSuiteTest#test1
* Started org.jsecurity.session.mgt.SimpleSessionEvoSuiteTest#test2
* Finished org.jsecurity.session.mgt.SimpleSessionEvoSuiteTest#test2
* Started org.jsecurity.session.mgt.SimpleSessionEvoSuiteTest#test3
* Finished org.jsecurity.session.mgt.SimpleSessionEvoSuiteTest#test3
* Started org.jsecurity.session.mgt.SimpleSessionEvoSuiteTest#test4
* Finished org.jsecurity.session.mgt.SimpleSessionEvoSuiteTest#test4
* Started org.jsecurity.session.mgt.SimpleSessionEvoSuiteTest#test5
* Finished org.jsecurity.session.mgt.SimpleSessionEvoSuiteTest#test5
* Started org.jsecurity.session.mgt.SimpleSessionEvoSuiteTest#test6
* Finished org.jsecurity.session.mgt.SimpleSessionEvoSuiteTest#test6
* Started org.jsecurity.session.mgt.SimpleSessionEvoSuiteTest#test7
* Finished org.jsecurity.session.mgt.SimpleSessionEvoSuiteTest#test7
* Started org.jsecurity.session.mgt.SimpleSessionEvoSuiteTest#test8
log4j:WARN No appenders could be found for logger (org.jsecurity.session.mgt.SimpleSession).
log4j:WARN Please initialize the log4j system properly.
* Finished org.jsecurity.session.mgt.SimpleSessionEvoSuiteTest#test8
* Started org.jsecurity.session.mgt.SimpleSessionEvoSuiteTest#test9
* Finished org.jsecurity.session.mgt.SimpleSessionEvoSuiteTest#test9
* Started org.jsecurity.session.ProxiedSessionEvoSuiteTest#test0
* Finished org.jsecurity.session.ProxiedSessionEvoSuiteTest#test0
* Started org.jsecurity.aop.AnnotationMethodInterceptorEvoSuiteTest#test0
* Finished org.jsecurity.aop.AnnotationMethodInterceptorEvoSuiteTest#test0
* Started org.jsecurity.aop.MethodInterceptorSupportEvoSuiteTest#test0
log4j:WARN No appenders could be found for logger (org.jsecurity.util.ThreadContext).
log4j:WARN Please initialize the log4j system properly.
* Finished org.jsecurity.aop.MethodInterceptorSupportEvoSuiteTest#test0
* Started org.jsecurity.authc.pam.ModularRealmAuthenticatorEvoSuiteTest#test10
* Finished org.jsecurity.authc.pam.ModularRealmAuthenticatorEvoSuiteTest#test10
* Started org.jsecurity.authc.pam.ModularRealmAuthenticatorEvoSuiteTest#test0
log4j:WARN No appenders could be found for logger (org.jsecurity.realm.AuthorizingRealm).
log4j:WARN Please initialize the log4j system properly.
* Finished org.jsecurity.authc.pam.ModularRealmAuthenticatorEvoSuiteTest#test0
* Started org.jsecurity.authc.pam.ModularRealmAuthenticatorEvoSuiteTest#test1
* Finished org.jsecurity.authc.pam.ModularRealmAuthenticatorEvoSuiteTest#test1
* Started org.jsecurity.authc.pam.ModularRealmAuthenticatorEvoSuiteTest#test2
* Finished org.jsecurity.authc.pam.ModularRealmAuthenticatorEvoSuiteTest#test2
* Started org.jsecurity.authc.pam.ModularRealmAuthenticatorEvoSuiteTest#test3
log4j:WARN No appenders could be found for logger (org.jsecurity.realm.AuthorizingRealm).
log4j:WARN Please initialize the log4j system properly.
* Finished org.jsecurity.authc.pam.ModularRealmAuthenticatorEvoSuiteTest#test3
* Started org.jsecurity.authc.pam.ModularRealmAuthenticatorEvoSuiteTest#test4
log4j:WARN No appenders could be found for logger (org.jsecurity.realm.AuthorizingRealm).
log4j:WARN Please initialize the log4j system properly.
* Finished org.jsecurity.authc.pam.ModularRealmAuthenticatorEvoSuiteTest#test4
* Started org.jsecurity.authc.pam.ModularRealmAuthenticatorEvoSuiteTest#test5
log4j:WARN No appenders could be found for logger (org.jsecurity.realm.AuthorizingRealm).
log4j:WARN Please initialize the log4j system properly.
* Finished org.jsecurity.authc.pam.ModularRealmAuthenticatorEvoSuiteTest#test5
* Started org.jsecurity.authc.pam.ModularRealmAuthenticatorEvoSuiteTest#test6
log4j:WARN No appenders could be found for logger (org.jsecurity.realm.AuthorizingRealm).
log4j:WARN Please initialize the log4j system properly.
* Finished org.jsecurity.authc.pam.ModularRealmAuthenticatorEvoSuiteTest#test6
* Started org.jsecurity.authc.pam.ModularRealmAuthenticatorEvoSuiteTest#test7
* Finished org.jsecurity.authc.pam.ModularRealmAuthenticatorEvoSuiteTest#test7
* Started org.jsecurity.authc.pam.ModularRealmAuthenticatorEvoSuiteTest#test8
* Finished org.jsecurity.authc.pam.ModularRealmAuthenticatorEvoSuiteTest#test8
* Started org.jsecurity.authc.pam.ModularRealmAuthenticatorEvoSuiteTest#test9
log4j:WARN No appenders could be found for logger (org.jsecurity.realm.AuthorizingRealm).
log4j:WARN Please initialize the log4j system properly.
* Finished org.jsecurity.authc.pam.ModularRealmAuthenticatorEvoSuiteTest#test9
* Started org.jsecurity.authc.pam.AtLeastOneSuccessfulModularAuthenticationStrategyEvoSuiteTest#test0
* Finished org.jsecurity.authc.pam.AtLeastOneSuccessfulModularAuthenticationStrategyEvoSuiteTest#test0
* Started org.jsecurity.authc.pam.AtLeastOneSuccessfulModularAuthenticationStrategyEvoSuiteTest#test1
* Finished org.jsecurity.authc.pam.AtLeastOneSuccessfulModularAuthenticationStrategyEvoSuiteTest#test1
* Started org.jsecurity.authc.pam.AtLeastOneSuccessfulModularAuthenticationStrategyEvoSuiteTest#test2
* Finished org.jsecurity.authc.pam.AtLeastOneSuccessfulModularAuthenticationStrategyEvoSuiteTest#test2
* Started org.jsecurity.authc.pam.AllSuccessfulModularAuthenticationStrategyEvoSuiteTest#test0
log4j:WARN No appenders could be found for logger (org.jsecurity.realm.AuthorizingRealm).
log4j:WARN Please initialize the log4j system properly.
* Finished org.jsecurity.authc.pam.AllSuccessfulModularAuthenticationStrategyEvoSuiteTest#test0
* Started org.jsecurity.authc.pam.AllSuccessfulModularAuthenticationStrategyEvoSuiteTest#test1
log4j:WARN No appenders could be found for logger (org.jsecurity.realm.AuthorizingRealm).
log4j:WARN Please initialize the log4j system properly.
* Finished org.jsecurity.authc.pam.AllSuccessfulModularAuthenticationStrategyEvoSuiteTest#test1
* Started org.jsecurity.authc.pam.AllSuccessfulModularAuthenticationStrategyEvoSuiteTest#test2
log4j:WARN No appenders could be found for logger (org.jsecurity.realm.AuthorizingRealm).
log4j:WARN Please initialize the log4j system properly.
* Finished org.jsecurity.authc.pam.AllSuccessfulModularAuthenticationStrategyEvoSuiteTest#test2
* Started org.jsecurity.authc.pam.AllSuccessfulModularAuthenticationStrategyEvoSuiteTest#test3
* Finished org.jsecurity.authc.pam.AllSuccessfulModularAuthenticationStrategyEvoSuiteTest#test3
* Started org.jsecurity.authc.SimpleAuthenticationInfoEvoSuiteTest#test10
* Finished org.jsecurity.authc.SimpleAuthenticationInfoEvoSuiteTest#test10
* Started org.jsecurity.authc.SimpleAuthenticationInfoEvoSuiteTest#test11
* Finished org.jsecurity.authc.SimpleAuthenticationInfoEvoSuiteTest#test11
* Started org.jsecurity.authc.SimpleAuthenticationInfoEvoSuiteTest#test12
* Finished org.jsecurity.authc.SimpleAuthenticationInfoEvoSuiteTest#test12
* Started org.jsecurity.authc.SimpleAuthenticationInfoEvoSuiteTest#test0
* Finished org.jsecurity.authc.SimpleAuthenticationInfoEvoSuiteTest#test0
* Started org.jsecurity.authc.SimpleAuthenticationInfoEvoSuiteTest#test1
* Finished org.jsecurity.authc.SimpleAuthenticationInfoEvoSuiteTest#test1
* Started org.jsecurity.authc.SimpleAuthenticationInfoEvoSuiteTest#test2
* Finished org.jsecurity.authc.SimpleAuthenticationInfoEvoSuiteTest#test2
* Started org.jsecurity.authc.SimpleAuthenticationInfoEvoSuiteTest#test3
* Finished org.jsecurity.authc.SimpleAuthenticationInfoEvoSuiteTest#test3
* Started org.jsecurity.authc.SimpleAuthenticationInfoEvoSuiteTest#test4
* Finished org.jsecurity.authc.SimpleAuthenticationInfoEvoSuiteTest#test4
* Started org.jsecurity.authc.SimpleAuthenticationInfoEvoSuiteTest#test5
* Finished org.jsecurity.authc.SimpleAuthenticationInfoEvoSuiteTest#test5
* Started org.jsecurity.authc.SimpleAuthenticationInfoEvoSuiteTest#test6
* Finished org.jsecurity.authc.SimpleAuthenticationInfoEvoSuiteTest#test6
* Started org.jsecurity.authc.SimpleAuthenticationInfoEvoSuiteTest#test7
* Finished org.jsecurity.authc.SimpleAuthenticationInfoEvoSuiteTest#test7
* Started org.jsecurity.authc.SimpleAuthenticationInfoEvoSuiteTest#test8
* Finished org.jsecurity.authc.SimpleAuthenticationInfoEvoSuiteTest#test8
* Started org.jsecurity.authc.SimpleAuthenticationInfoEvoSuiteTest#test9
* Finished org.jsecurity.authc.SimpleAuthenticationInfoEvoSuiteTest#test9
* Started org.jsecurity.authc.credential.Md2CredentialsMatcherEvoSuiteTest#test0
* Finished org.jsecurity.authc.credential.Md2CredentialsMatcherEvoSuiteTest#test0
* Started org.jsecurity.authc.credential.Md2CredentialsMatcherEvoSuiteTest#test1
* Finished org.jsecurity.authc.credential.Md2CredentialsMatcherEvoSuiteTest#test1
* Started org.jsecurity.authc.credential.Sha512CredentialsMatcherEvoSuiteTest#test0
* Finished org.jsecurity.authc.credential.Sha512CredentialsMatcherEvoSuiteTest#test0
* Started org.jsecurity.authc.credential.Sha512CredentialsMatcherEvoSuiteTest#test1
* Finished org.jsecurity.authc.credential.Sha512CredentialsMatcherEvoSuiteTest#test1
* Started org.jsecurity.authc.credential.Md5CredentialsMatcherEvoSuiteTest#test0
* Finished org.jsecurity.authc.credential.Md5CredentialsMatcherEvoSuiteTest#test0
* Started org.jsecurity.authc.credential.Md5CredentialsMatcherEvoSuiteTest#test1
* Finished org.jsecurity.authc.credential.Md5CredentialsMatcherEvoSuiteTest#test1
* Started org.jsecurity.authc.credential.AllowAllCredentialsMatcherEvoSuiteTest#test0
* Finished org.jsecurity.authc.credential.AllowAllCredentialsMatcherEvoSuiteTest#test0
* Started org.jsecurity.authc.credential.Sha1CredentialsMatcherEvoSuiteTest#test0
* Finished org.jsecurity.authc.credential.Sha1CredentialsMatcherEvoSuiteTest#test0
* Started org.jsecurity.authc.credential.Sha1CredentialsMatcherEvoSuiteTest#test1
* Finished org.jsecurity.authc.credential.Sha1CredentialsMatcherEvoSuiteTest#test1
* Started org.jsecurity.authc.credential.Sha384CredentialsMatcherEvoSuiteTest#test0
* Finished org.jsecurity.authc.credential.Sha384CredentialsMatcherEvoSuiteTest#test0
* Started org.jsecurity.authc.credential.Sha384CredentialsMatcherEvoSuiteTest#test1
* Finished org.jsecurity.authc.credential.Sha384CredentialsMatcherEvoSuiteTest#test1
* Started org.jsecurity.authc.credential.HashedCredentialsMatcherEvoSuiteTest#test0
* Finished org.jsecurity.authc.credential.HashedCredentialsMatcherEvoSuiteTest#test0
* Started org.jsecurity.authc.credential.HashedCredentialsMatcherEvoSuiteTest#test1
* Finished org.jsecurity.authc.credential.HashedCredentialsMatcherEvoSuiteTest#test1
* Started org.jsecurity.authc.credential.HashedCredentialsMatcherEvoSuiteTest#test2
* Finished org.jsecurity.authc.credential.HashedCredentialsMatcherEvoSuiteTest#test2
* Started org.jsecurity.authc.credential.HashedCredentialsMatcherEvoSuiteTest#test3
* Finished org.jsecurity.authc.credential.HashedCredentialsMatcherEvoSuiteTest#test3
* Started org.jsecurity.authc.credential.HashedCredentialsMatcherEvoSuiteTest#test4
log4j:WARN No appenders could be found for logger (org.jsecurity.authc.credential.SimpleCredentialsMatcher).
log4j:WARN Please initialize the log4j system properly.
* Finished org.jsecurity.authc.credential.HashedCredentialsMatcherEvoSuiteTest#test4
* Started org.jsecurity.authc.credential.Sha256CredentialsMatcherEvoSuiteTest#test0
* Finished org.jsecurity.authc.credential.Sha256CredentialsMatcherEvoSuiteTest#test0
* Started org.jsecurity.authc.credential.Sha256CredentialsMatcherEvoSuiteTest#test1
* Finished org.jsecurity.authc.credential.Sha256CredentialsMatcherEvoSuiteTest#test1
* Started org.jsecurity.authc.credential.SimpleCredentialsMatcherEvoSuiteTest#test0
log4j:WARN No appenders could be found for logger (org.jsecurity.authc.credential.SimpleCredentialsMatcher).
log4j:WARN Please initialize the log4j system properly.
* Finished org.jsecurity.authc.credential.SimpleCredentialsMatcherEvoSuiteTest#test0
* Started org.jsecurity.authc.credential.SimpleCredentialsMatcherEvoSuiteTest#test1
log4j:WARN No appenders could be found for logger (org.jsecurity.authc.credential.SimpleCredentialsMatcher).
log4j:WARN Please initialize the log4j system properly.
* Finished org.jsecurity.authc.credential.SimpleCredentialsMatcherEvoSuiteTest#test1
* Started org.jsecurity.authc.credential.SimpleCredentialsMatcherEvoSuiteTest#test2
log4j:WARN No appenders could be found for logger (org.jsecurity.authc.credential.SimpleCredentialsMatcher).
log4j:WARN Please initialize the log4j system properly.
* Finished org.jsecurity.authc.credential.SimpleCredentialsMatcherEvoSuiteTest#test2
* Started org.jsecurity.authc.credential.SimpleCredentialsMatcherEvoSuiteTest#test3
log4j:WARN No appenders could be found for logger (org.jsecurity.authc.credential.SimpleCredentialsMatcher).
log4j:WARN Please initialize the log4j system properly.
* Finished org.jsecurity.authc.credential.SimpleCredentialsMatcherEvoSuiteTest#test3
* Started org.jsecurity.authc.UsernamePasswordTokenEvoSuiteTest#test10
* Finished org.jsecurity.authc.UsernamePasswordTokenEvoSuiteTest#test10
* Started org.jsecurity.authc.UsernamePasswordTokenEvoSuiteTest#test11
* Finished org.jsecurity.authc.UsernamePasswordTokenEvoSuiteTest#test11
* Started org.jsecurity.authc.UsernamePasswordTokenEvoSuiteTest#test0
* Finished org.jsecurity.authc.UsernamePasswordTokenEvoSuiteTest#test0
* Started org.jsecurity.authc.UsernamePasswordTokenEvoSuiteTest#test1
* Finished org.jsecurity.authc.UsernamePasswordTokenEvoSuiteTest#test1
* Started org.jsecurity.authc.UsernamePasswordTokenEvoSuiteTest#test2
* Finished org.jsecurity.authc.UsernamePasswordTokenEvoSuiteTest#test2
* Started org.jsecurity.authc.UsernamePasswordTokenEvoSuiteTest#test3
* Finished org.jsecurity.authc.UsernamePasswordTokenEvoSuiteTest#test3
* Started org.jsecurity.authc.UsernamePasswordTokenEvoSuiteTest#test4
* Finished org.jsecurity.authc.UsernamePasswordTokenEvoSuiteTest#test4
* Started org.jsecurity.authc.UsernamePasswordTokenEvoSuiteTest#test5
* Finished org.jsecurity.authc.UsernamePasswordTokenEvoSuiteTest#test5
* Started org.jsecurity.authc.UsernamePasswordTokenEvoSuiteTest#test6
* Finished org.jsecurity.authc.UsernamePasswordTokenEvoSuiteTest#test6
* Started org.jsecurity.authc.UsernamePasswordTokenEvoSuiteTest#test7
* Finished org.jsecurity.authc.UsernamePasswordTokenEvoSuiteTest#test7
* Started org.jsecurity.authc.UsernamePasswordTokenEvoSuiteTest#test8
* Finished org.jsecurity.authc.UsernamePasswordTokenEvoSuiteTest#test8
* Started org.jsecurity.authc.UsernamePasswordTokenEvoSuiteTest#test9
* Finished org.jsecurity.authc.UsernamePasswordTokenEvoSuiteTest#test9
* Started org.jsecurity.crypto.hash.Sha512HashEvoSuiteTest#test0
* Finished org.jsecurity.crypto.hash.Sha512HashEvoSuiteTest#test0
* Started org.jsecurity.crypto.hash.Sha512HashEvoSuiteTest#test1
* Finished org.jsecurity.crypto.hash.Sha512HashEvoSuiteTest#test1
* Started org.jsecurity.crypto.hash.Sha512HashEvoSuiteTest#test2
* Finished org.jsecurity.crypto.hash.Sha512HashEvoSuiteTest#test2
* Started org.jsecurity.crypto.hash.Sha512HashEvoSuiteTest#test3
* Finished org.jsecurity.crypto.hash.Sha512HashEvoSuiteTest#test3
* Started org.jsecurity.crypto.hash.Sha256HashEvoSuiteTest#test0
* Finished org.jsecurity.crypto.hash.Sha256HashEvoSuiteTest#test0
* Started org.jsecurity.crypto.hash.Sha256HashEvoSuiteTest#test1
* Finished org.jsecurity.crypto.hash.Sha256HashEvoSuiteTest#test1
* Started org.jsecurity.crypto.hash.Sha256HashEvoSuiteTest#test2
* Finished org.jsecurity.crypto.hash.Sha256HashEvoSuiteTest#test2
* Started org.jsecurity.crypto.hash.Sha256HashEvoSuiteTest#test3
* Finished org.jsecurity.crypto.hash.Sha256HashEvoSuiteTest#test3
* Started org.jsecurity.crypto.hash.Md5HashEvoSuiteTest#test0
* Finished org.jsecurity.crypto.hash.Md5HashEvoSuiteTest#test0
* Started org.jsecurity.crypto.hash.Md5HashEvoSuiteTest#test1
* Finished org.jsecurity.crypto.hash.Md5HashEvoSuiteTest#test1
* Started org.jsecurity.crypto.hash.Md5HashEvoSuiteTest#test2
* Finished org.jsecurity.crypto.hash.Md5HashEvoSuiteTest#test2
* Started org.jsecurity.crypto.hash.Md5HashEvoSuiteTest#test3
* Finished org.jsecurity.crypto.hash.Md5HashEvoSuiteTest#test3
* Started org.jsecurity.crypto.hash.AbstractHashEvoSuiteTest#test0
* Finished org.jsecurity.crypto.hash.AbstractHashEvoSuiteTest#test0
* Started org.jsecurity.crypto.hash.AbstractHashEvoSuiteTest#test1
* Finished org.jsecurity.crypto.hash.AbstractHashEvoSuiteTest#test1
* Started org.jsecurity.crypto.hash.AbstractHashEvoSuiteTest#test2
* Finished org.jsecurity.crypto.hash.AbstractHashEvoSuiteTest#test2
* Started org.jsecurity.crypto.hash.AbstractHashEvoSuiteTest#test3
* Finished org.jsecurity.crypto.hash.AbstractHashEvoSuiteTest#test3
* Started org.jsecurity.crypto.hash.AbstractHashEvoSuiteTest#test4
* Finished org.jsecurity.crypto.hash.AbstractHashEvoSuiteTest#test4
* Started org.jsecurity.crypto.hash.AbstractHashEvoSuiteTest#test5
* Finished org.jsecurity.crypto.hash.AbstractHashEvoSuiteTest#test5
* Started org.jsecurity.crypto.hash.AbstractHashEvoSuiteTest#test6
* Finished org.jsecurity.crypto.hash.AbstractHashEvoSuiteTest#test6
* Started org.jsecurity.crypto.hash.AbstractHashEvoSuiteTest#test7
* Finished org.jsecurity.crypto.hash.AbstractHashEvoSuiteTest#test7
* Started org.jsecurity.crypto.hash.AbstractHashEvoSuiteTest#test8
* Finished org.jsecurity.crypto.hash.AbstractHashEvoSuiteTest#test8
* Started org.jsecurity.crypto.hash.AbstractHashEvoSuiteTest#test9
* Finished org.jsecurity.crypto.hash.AbstractHashEvoSuiteTest#test9
* Started org.jsecurity.crypto.hash.Sha1HashEvoSuiteTest#test0
* Finished org.jsecurity.crypto.hash.Sha1HashEvoSuiteTest#test0
* Started org.jsecurity.crypto.hash.Sha1HashEvoSuiteTest#test1
* Finished org.jsecurity.crypto.hash.Sha1HashEvoSuiteTest#test1
* Started org.jsecurity.crypto.hash.Sha1HashEvoSuiteTest#test2
* Finished org.jsecurity.crypto.hash.Sha1HashEvoSuiteTest#test2
* Started org.jsecurity.crypto.hash.Sha1HashEvoSuiteTest#test3
* Finished org.jsecurity.crypto.hash.Sha1HashEvoSuiteTest#test3
* Started org.jsecurity.crypto.hash.Sha1HashEvoSuiteTest#test4
* Finished org.jsecurity.crypto.hash.Sha1HashEvoSuiteTest#test4
* Started org.jsecurity.crypto.hash.Md2HashEvoSuiteTest#test0
* Finished org.jsecurity.crypto.hash.Md2HashEvoSuiteTest#test0
* Started org.jsecurity.crypto.hash.Md2HashEvoSuiteTest#test1
* Finished org.jsecurity.crypto.hash.Md2HashEvoSuiteTest#test1
* Started org.jsecurity.crypto.hash.Md2HashEvoSuiteTest#test2
* Finished org.jsecurity.crypto.hash.Md2HashEvoSuiteTest#test2
* Started org.jsecurity.crypto.hash.Md2HashEvoSuiteTest#test3
* Finished org.jsecurity.crypto.hash.Md2HashEvoSuiteTest#test3
* Started org.jsecurity.crypto.hash.Sha384HashEvoSuiteTest#test0
* Finished org.jsecurity.crypto.hash.Sha384HashEvoSuiteTest#test0
* Started org.jsecurity.crypto.hash.Sha384HashEvoSuiteTest#test1
* Finished org.jsecurity.crypto.hash.Sha384HashEvoSuiteTest#test1
* Started org.jsecurity.crypto.hash.Sha384HashEvoSuiteTest#test2
* Finished org.jsecurity.crypto.hash.Sha384HashEvoSuiteTest#test2
* Started org.jsecurity.crypto.hash.Sha384HashEvoSuiteTest#test3
* Finished org.jsecurity.crypto.hash.Sha384HashEvoSuiteTest#test3
* Started org.jsecurity.crypto.BlowfishCipherEvoSuiteTest#test0
log4j:WARN No appenders could be found for logger (org.jsecurity.crypto.BlowfishCipher).
log4j:WARN Please initialize the log4j system properly.
* Finished org.jsecurity.crypto.BlowfishCipherEvoSuiteTest#test0
* Started org.jsecurity.crypto.BlowfishCipherEvoSuiteTest#test1
log4j:WARN No appenders could be found for logger (org.jsecurity.crypto.BlowfishCipher).
log4j:WARN Please initialize the log4j system properly.
* Finished org.jsecurity.crypto.BlowfishCipherEvoSuiteTest#test1
* Started org.jsecurity.crypto.BlowfishCipherEvoSuiteTest#test2
* Finished org.jsecurity.crypto.BlowfishCipherEvoSuiteTest#test2
* Started org.jsecurity.io.IniResourceEvoSuiteTest#test0
* Finished org.jsecurity.io.IniResourceEvoSuiteTest#test0
* Started org.jsecurity.io.IniResourceEvoSuiteTest#test1
log4j:WARN No appenders could be found for logger (org.jsecurity.io.ResourceUtils).
log4j:WARN Please initialize the log4j system properly.
* Finished org.jsecurity.io.IniResourceEvoSuiteTest#test1
* Started org.jsecurity.io.IniResourceEvoSuiteTest#test2
* Finished org.jsecurity.io.IniResourceEvoSuiteTest#test2
* Started org.jsecurity.io.IniResourceEvoSuiteTest#test3
* Finished org.jsecurity.io.IniResourceEvoSuiteTest#test3
* Started org.jsecurity.io.IniResourceEvoSuiteTest#test4
log4j:WARN No appenders could be found for logger (org.jsecurity.io.ResourceUtils).
log4j:WARN Please initialize the log4j system properly.
* Finished org.jsecurity.io.IniResourceEvoSuiteTest#test4
* Started org.jsecurity.io.IniResourceEvoSuiteTest#test5
* Finished org.jsecurity.io.IniResourceEvoSuiteTest#test5
* Started org.jsecurity.io.IniResourceEvoSuiteTest#test6
* Finished org.jsecurity.io.IniResourceEvoSuiteTest#test6
* Started org.jsecurity.io.IniResourceEvoSuiteTest#test7
* Finished org.jsecurity.io.IniResourceEvoSuiteTest#test7
* Started org.jsecurity.io.ResourceUtilsEvoSuiteTest#test10
* Finished org.jsecurity.io.ResourceUtilsEvoSuiteTest#test10
* Started org.jsecurity.io.ResourceUtilsEvoSuiteTest#test11
* Finished org.jsecurity.io.ResourceUtilsEvoSuiteTest#test11
* Started org.jsecurity.io.ResourceUtilsEvoSuiteTest#test0
log4j:WARN No appenders could be found for logger (org.jsecurity.io.ResourceUtils).
log4j:WARN Please initialize the log4j system properly.
* Finished org.jsecurity.io.ResourceUtilsEvoSuiteTest#test0
* Started org.jsecurity.io.ResourceUtilsEvoSuiteTest#test1
* Finished org.jsecurity.io.ResourceUtilsEvoSuiteTest#test1
* Started org.jsecurity.io.ResourceUtilsEvoSuiteTest#test2
* Finished org.jsecurity.io.ResourceUtilsEvoSuiteTest#test2
* Started org.jsecurity.io.ResourceUtilsEvoSuiteTest#test3
* Finished org.jsecurity.io.ResourceUtilsEvoSuiteTest#test3
* Started org.jsecurity.io.ResourceUtilsEvoSuiteTest#test4
* Finished org.jsecurity.io.ResourceUtilsEvoSuiteTest#test4
* Started org.jsecurity.io.ResourceUtilsEvoSuiteTest#test5
* Finished org.jsecurity.io.ResourceUtilsEvoSuiteTest#test5
* Started org.jsecurity.io.ResourceUtilsEvoSuiteTest#test6
log4j:WARN No appenders could be found for logger (org.jsecurity.io.ResourceUtils).
log4j:WARN Please initialize the log4j system properly.
* Finished org.jsecurity.io.ResourceUtilsEvoSuiteTest#test6
* Started org.jsecurity.io.ResourceUtilsEvoSuiteTest#test7
* Finished org.jsecurity.io.ResourceUtilsEvoSuiteTest#test7
* Started org.jsecurity.io.ResourceUtilsEvoSuiteTest#test8
log4j:WARN No appenders could be found for logger (org.jsecurity.io.ResourceUtils).
log4j:WARN Please initialize the log4j system properly.
* Finished org.jsecurity.io.ResourceUtilsEvoSuiteTest#test8
* Started org.jsecurity.io.ResourceUtilsEvoSuiteTest#test9
log4j:WARN No appenders could be found for logger (org.jsecurity.io.ResourceUtils).
log4j:WARN Please initialize the log4j system properly.
* Finished org.jsecurity.io.ResourceUtilsEvoSuiteTest#test9
* Started org.jsecurity.io.XmlSerializerEvoSuiteTest#test0
* Finished org.jsecurity.io.XmlSerializerEvoSuiteTest#test0
* Started org.jsecurity.io.XmlSerializerEvoSuiteTest#test1
* Finished org.jsecurity.io.XmlSerializerEvoSuiteTest#test1
* Started org.jsecurity.io.XmlSerializerEvoSuiteTest#test2
* Finished org.jsecurity.io.XmlSerializerEvoSuiteTest#test2
* Started org.jsecurity.io.TextResourceEvoSuiteTest#test0
log4j:WARN No appenders could be found for logger (org.jsecurity.io.ResourceUtils).
log4j:WARN Please initialize the log4j system properly.
* Finished org.jsecurity.io.TextResourceEvoSuiteTest#test0
* Started org.jsecurity.io.TextResourceEvoSuiteTest#test1
* Finished org.jsecurity.io.TextResourceEvoSuiteTest#test1
* Started org.jsecurity.io.TextResourceEvoSuiteTest#test2
* Finished org.jsecurity.io.TextResourceEvoSuiteTest#test2
* Started org.jsecurity.io.DefaultSerializerEvoSuiteTest#test0
* Finished org.jsecurity.io.DefaultSerializerEvoSuiteTest#test0
* Started org.jsecurity.io.DefaultSerializerEvoSuiteTest#test1
* Finished org.jsecurity.io.DefaultSerializerEvoSuiteTest#test1
* Started org.jsecurity.io.DefaultSerializerEvoSuiteTest#test2
* Finished org.jsecurity.io.DefaultSerializerEvoSuiteTest#test2
* Started org.jsecurity.realm.AuthorizingRealmEvoSuiteTest#test10
log4j:WARN No appenders could be found for logger (org.jsecurity.realm.AuthorizingRealm).
log4j:WARN Please initialize the log4j system properly.
* Failure: expected:<....SimpleAccountRealm_[329]> but was:<....SimpleAccountRealm_[0]> | test10(org.jsecurity.realm.AuthorizingRealmEvoSuiteTest)
org.junit.ComparisonFailure: expected:<....SimpleAccountRealm_[329]> but was:<....SimpleAccountRealm_[0]>
	at org.junit.Assert.assertEquals(Assert.java:115)
	at org.junit.Assert.assertEquals(Assert.java:144)
	at org.jsecurity.realm.AuthorizingRealmEvoSuiteTest.test10(AuthorizingRealmEvoSuiteTest.java:268)
	at sun.reflect.NativeMethodAccessorImpl.invoke0(Native Method)
	at sun.reflect.NativeMethodAccessorImpl.invoke(NativeMethodAccessorImpl.java:62)
	at sun.reflect.DelegatingMethodAccessorImpl.invoke(DelegatingMethodAccessorImpl.java:43)
	at java.lang.reflect.Method.invoke(Method.java:498)
	at org.junit.runners.model.FrameworkMethod$1.runReflectiveCall(FrameworkMethod.java:47)
	at org.junit.internal.runners.model.ReflectiveCallable.run(ReflectiveCallable.java:12)
	at org.junit.runners.model.FrameworkMethod.invokeExplosively(FrameworkMethod.java:44)
	at org.junit.internal.runners.statements.InvokeMethod.evaluate(InvokeMethod.java:17)
	at org.junit.runners.ParentRunner.runLeaf(ParentRunner.java:271)
	at org.junit.runners.BlockJUnit4ClassRunner.runChild(BlockJUnit4ClassRunner.java:70)
	at org.junit.runners.BlockJUnit4ClassRunner.runChild(BlockJUnit4ClassRunner.java:50)
	at org.junit.runners.ParentRunner$3.run(ParentRunner.java:238)
	at org.junit.runners.ParentRunner$1.schedule(ParentRunner.java:63)
	at org.junit.runners.ParentRunner.runChildren(ParentRunner.java:236)
	at org.junit.runners.ParentRunner.access$000(ParentRunner.java:53)
	at org.junit.runners.ParentRunner$2.evaluate(ParentRunner.java:229)
	at org.junit.runners.ParentRunner.run(ParentRunner.java:309)
	at com.gzoltar.lib.instrumentation.testing.junit.a.call(Unknown Source)
	at java.util.concurrent.FutureTask.run(FutureTask.java:266)
	at java.util.concurrent.ThreadPoolExecutor.runWorker(ThreadPoolExecutor.java:1142)
	at java.util.concurrent.ThreadPoolExecutor$Worker.run(ThreadPoolExecutor.java:617)
	at java.lang.Thread.run(Thread.java:745)

* Finished org.jsecurity.realm.AuthorizingRealmEvoSuiteTest#test10
* Started org.jsecurity.realm.AuthorizingRealmEvoSuiteTest#test11
log4j:WARN No appenders could be found for logger (org.jsecurity.realm.AuthorizingRealm).
log4j:WARN Please initialize the log4j system properly.
* Finished org.jsecurity.realm.AuthorizingRealmEvoSuiteTest#test11
* Started org.jsecurity.realm.AuthorizingRealmEvoSuiteTest#test12
log4j:WARN No appenders could be found for logger (org.jsecurity.realm.AuthorizingRealm).
log4j:WARN Please initialize the log4j system properly.
* Finished org.jsecurity.realm.AuthorizingRealmEvoSuiteTest#test12
* Started org.jsecurity.realm.AuthorizingRealmEvoSuiteTest#test13
log4j:WARN No appenders could be found for logger (org.jsecurity.realm.AuthorizingRealm).
log4j:WARN Please initialize the log4j system properly.
* Failure: expected:<....SimpleAccountRealm_[423]> but was:<....SimpleAccountRealm_[0]> | test13(org.jsecurity.realm.AuthorizingRealmEvoSuiteTest)
org.junit.ComparisonFailure: expected:<....SimpleAccountRealm_[423]> but was:<....SimpleAccountRealm_[0]>
	at org.junit.Assert.assertEquals(Assert.java:115)
	at org.junit.Assert.assertEquals(Assert.java:144)
	at org.jsecurity.realm.AuthorizingRealmEvoSuiteTest.test13(AuthorizingRealmEvoSuiteTest.java:345)
	at sun.reflect.NativeMethodAccessorImpl.invoke0(Native Method)
	at sun.reflect.NativeMethodAccessorImpl.invoke(NativeMethodAccessorImpl.java:62)
	at sun.reflect.DelegatingMethodAccessorImpl.invoke(DelegatingMethodAccessorImpl.java:43)
	at java.lang.reflect.Method.invoke(Method.java:498)
	at org.junit.runners.model.FrameworkMethod$1.runReflectiveCall(FrameworkMethod.java:47)
	at org.junit.internal.runners.model.ReflectiveCallable.run(ReflectiveCallable.java:12)
	at org.junit.runners.model.FrameworkMethod.invokeExplosively(FrameworkMethod.java:44)
	at org.junit.internal.runners.statements.InvokeMethod.evaluate(InvokeMethod.java:17)
	at org.junit.runners.ParentRunner.runLeaf(ParentRunner.java:271)
	at org.junit.runners.BlockJUnit4ClassRunner.runChild(BlockJUnit4ClassRunner.java:70)
	at org.junit.runners.BlockJUnit4ClassRunner.runChild(BlockJUnit4ClassRunner.java:50)
	at org.junit.runners.ParentRunner$3.run(ParentRunner.java:238)
	at org.junit.runners.ParentRunner$1.schedule(ParentRunner.java:63)
	at org.junit.runners.ParentRunner.runChildren(ParentRunner.java:236)
	at org.junit.runners.ParentRunner.access$000(ParentRunner.java:53)
	at org.junit.runners.ParentRunner$2.evaluate(ParentRunner.java:229)
	at org.junit.runners.ParentRunner.run(ParentRunner.java:309)
	at com.gzoltar.lib.instrumentation.testing.junit.a.call(Unknown Source)
	at java.util.concurrent.FutureTask.run(FutureTask.java:266)
	at java.util.concurrent.ThreadPoolExecutor.runWorker(ThreadPoolExecutor.java:1142)
	at java.util.concurrent.ThreadPoolExecutor$Worker.run(ThreadPoolExecutor.java:617)
	at java.lang.Thread.run(Thread.java:745)

* Finished org.jsecurity.realm.AuthorizingRealmEvoSuiteTest#test13
* Started org.jsecurity.realm.AuthorizingRealmEvoSuiteTest#test14
log4j:WARN No appenders could be found for logger (org.jsecurity.realm.AuthorizingRealm).
log4j:WARN Please initialize the log4j system properly.
* Finished org.jsecurity.realm.AuthorizingRealmEvoSuiteTest#test14
* Started org.jsecurity.realm.AuthorizingRealmEvoSuiteTest#test15
log4j:WARN No appenders could be found for logger (org.jsecurity.realm.AuthorizingRealm).
log4j:WARN Please initialize the log4j system properly.
* Failure: expected:<....SimpleAccountRealm_[491]> but was:<....SimpleAccountRealm_[0]> | test15(org.jsecurity.realm.AuthorizingRealmEvoSuiteTest)
org.junit.ComparisonFailure: expected:<....SimpleAccountRealm_[491]> but was:<....SimpleAccountRealm_[0]>
	at org.junit.Assert.assertEquals(Assert.java:115)
	at org.junit.Assert.assertEquals(Assert.java:144)
	at org.jsecurity.realm.AuthorizingRealmEvoSuiteTest.test15(AuthorizingRealmEvoSuiteTest.java:388)
	at sun.reflect.NativeMethodAccessorImpl.invoke0(Native Method)
	at sun.reflect.NativeMethodAccessorImpl.invoke(NativeMethodAccessorImpl.java:62)
	at sun.reflect.DelegatingMethodAccessorImpl.invoke(DelegatingMethodAccessorImpl.java:43)
	at java.lang.reflect.Method.invoke(Method.java:498)
	at org.junit.runners.model.FrameworkMethod$1.runReflectiveCall(FrameworkMethod.java:47)
	at org.junit.internal.runners.model.ReflectiveCallable.run(ReflectiveCallable.java:12)
	at org.junit.runners.model.FrameworkMethod.invokeExplosively(FrameworkMethod.java:44)
	at org.junit.internal.runners.statements.InvokeMethod.evaluate(InvokeMethod.java:17)
	at org.junit.runners.ParentRunner.runLeaf(ParentRunner.java:271)
	at org.junit.runners.BlockJUnit4ClassRunner.runChild(BlockJUnit4ClassRunner.java:70)
	at org.junit.runners.BlockJUnit4ClassRunner.runChild(BlockJUnit4ClassRunner.java:50)
	at org.junit.runners.ParentRunner$3.run(ParentRunner.java:238)
	at org.junit.runners.ParentRunner$1.schedule(ParentRunner.java:63)
	at org.junit.runners.ParentRunner.runChildren(ParentRunner.java:236)
	at org.junit.runners.ParentRunner.access$000(ParentRunner.java:53)
	at org.junit.runners.ParentRunner$2.evaluate(ParentRunner.java:229)
	at org.junit.runners.ParentRunner.run(ParentRunner.java:309)
	at com.gzoltar.lib.instrumentation.testing.junit.a.call(Unknown Source)
	at java.util.concurrent.FutureTask.run(FutureTask.java:266)
	at java.util.concurrent.ThreadPoolExecutor.runWorker(ThreadPoolExecutor.java:1142)
	at java.util.concurrent.ThreadPoolExecutor$Worker.run(ThreadPoolExecutor.java:617)
	at java.lang.Thread.run(Thread.java:745)

* Finished org.jsecurity.realm.AuthorizingRealmEvoSuiteTest#test15
* Started org.jsecurity.realm.AuthorizingRealmEvoSuiteTest#test16
log4j:WARN No appenders could be found for logger (org.jsecurity.realm.AuthorizingRealm).
log4j:WARN Please initialize the log4j system properly.
* Finished org.jsecurity.realm.AuthorizingRealmEvoSuiteTest#test16
* Started org.jsecurity.realm.AuthorizingRealmEvoSuiteTest#test17
log4j:WARN No appenders could be found for logger (org.jsecurity.realm.AuthorizingRealm).
log4j:WARN Please initialize the log4j system properly.
* Failure: expected:<....SimpleAccountRealm_[524]> but was:<....SimpleAccountRealm_[0]> | test17(org.jsecurity.realm.AuthorizingRealmEvoSuiteTest)
org.junit.ComparisonFailure: expected:<....SimpleAccountRealm_[524]> but was:<....SimpleAccountRealm_[0]>
	at org.junit.Assert.assertEquals(Assert.java:115)
	at org.junit.Assert.assertEquals(Assert.java:144)
	at org.jsecurity.realm.AuthorizingRealmEvoSuiteTest.test17(AuthorizingRealmEvoSuiteTest.java:420)
	at sun.reflect.NativeMethodAccessorImpl.invoke0(Native Method)
	at sun.reflect.NativeMethodAccessorImpl.invoke(NativeMethodAccessorImpl.java:62)
	at sun.reflect.DelegatingMethodAccessorImpl.invoke(DelegatingMethodAccessorImpl.java:43)
	at java.lang.reflect.Method.invoke(Method.java:498)
	at org.junit.runners.model.FrameworkMethod$1.runReflectiveCall(FrameworkMethod.java:47)
	at org.junit.internal.runners.model.ReflectiveCallable.run(ReflectiveCallable.java:12)
	at org.junit.runners.model.FrameworkMethod.invokeExplosively(FrameworkMethod.java:44)
	at org.junit.internal.runners.statements.InvokeMethod.evaluate(InvokeMethod.java:17)
	at org.junit.runners.ParentRunner.runLeaf(ParentRunner.java:271)
	at org.junit.runners.BlockJUnit4ClassRunner.runChild(BlockJUnit4ClassRunner.java:70)
	at org.junit.runners.BlockJUnit4ClassRunner.runChild(BlockJUnit4ClassRunner.java:50)
	at org.junit.runners.ParentRunner$3.run(ParentRunner.java:238)
	at org.junit.runners.ParentRunner$1.schedule(ParentRunner.java:63)
	at org.junit.runners.ParentRunner.runChildren(ParentRunner.java:236)
	at org.junit.runners.ParentRunner.access$000(ParentRunner.java:53)
	at org.junit.runners.ParentRunner$2.evaluate(ParentRunner.java:229)
	at org.junit.runners.ParentRunner.run(ParentRunner.java:309)
	at com.gzoltar.lib.instrumentation.testing.junit.a.call(Unknown Source)
	at java.util.concurrent.FutureTask.run(FutureTask.java:266)
	at java.util.concurrent.ThreadPoolExecutor.runWorker(ThreadPoolExecutor.java:1142)
	at java.util.concurrent.ThreadPoolExecutor$Worker.run(ThreadPoolExecutor.java:617)
	at java.lang.Thread.run(Thread.java:745)

* Finished org.jsecurity.realm.AuthorizingRealmEvoSuiteTest#test17
* Started org.jsecurity.realm.AuthorizingRealmEvoSuiteTest#test18
log4j:WARN No appenders could be found for logger (org.jsecurity.realm.AuthorizingRealm).
log4j:WARN Please initialize the log4j system properly.
* Failure: expected:<....SimpleAccountRealm_[539]> but was:<....SimpleAccountRealm_[0]> | test18(org.jsecurity.realm.AuthorizingRealmEvoSuiteTest)
org.junit.ComparisonFailure: expected:<....SimpleAccountRealm_[539]> but was:<....SimpleAccountRealm_[0]>
	at org.junit.Assert.assertEquals(Assert.java:115)
	at org.junit.Assert.assertEquals(Assert.java:144)
	at org.jsecurity.realm.AuthorizingRealmEvoSuiteTest.test18(AuthorizingRealmEvoSuiteTest.java:438)
	at sun.reflect.NativeMethodAccessorImpl.invoke0(Native Method)
	at sun.reflect.NativeMethodAccessorImpl.invoke(NativeMethodAccessorImpl.java:62)
	at sun.reflect.DelegatingMethodAccessorImpl.invoke(DelegatingMethodAccessorImpl.java:43)
	at java.lang.reflect.Method.invoke(Method.java:498)
	at org.junit.runners.model.FrameworkMethod$1.runReflectiveCall(FrameworkMethod.java:47)
	at org.junit.internal.runners.model.ReflectiveCallable.run(ReflectiveCallable.java:12)
	at org.junit.runners.model.FrameworkMethod.invokeExplosively(FrameworkMethod.java:44)
	at org.junit.internal.runners.statements.InvokeMethod.evaluate(InvokeMethod.java:17)
	at org.junit.runners.ParentRunner.runLeaf(ParentRunner.java:271)
	at org.junit.runners.BlockJUnit4ClassRunner.runChild(BlockJUnit4ClassRunner.java:70)
	at org.junit.runners.BlockJUnit4ClassRunner.runChild(BlockJUnit4ClassRunner.java:50)
	at org.junit.runners.ParentRunner$3.run(ParentRunner.java:238)
	at org.junit.runners.ParentRunner$1.schedule(ParentRunner.java:63)
	at org.junit.runners.ParentRunner.runChildren(ParentRunner.java:236)
	at org.junit.runners.ParentRunner.access$000(ParentRunner.java:53)
	at org.junit.runners.ParentRunner$2.evaluate(ParentRunner.java:229)
	at org.junit.runners.ParentRunner.run(ParentRunner.java:309)
	at com.gzoltar.lib.instrumentation.testing.junit.a.call(Unknown Source)
	at java.util.concurrent.FutureTask.run(FutureTask.java:266)
	at java.util.concurrent.ThreadPoolExecutor.runWorker(ThreadPoolExecutor.java:1142)
	at java.util.concurrent.ThreadPoolExecutor$Worker.run(ThreadPoolExecutor.java:617)
	at java.lang.Thread.run(Thread.java:745)

* Finished org.jsecurity.realm.AuthorizingRealmEvoSuiteTest#test18
* Started org.jsecurity.realm.AuthorizingRealmEvoSuiteTest#test19
log4j:WARN No appenders could be found for logger (org.jsecurity.realm.AuthorizingRealm).
log4j:WARN Please initialize the log4j system properly.
* Finished org.jsecurity.realm.AuthorizingRealmEvoSuiteTest#test19
* Started org.jsecurity.realm.AuthorizingRealmEvoSuiteTest#test20
log4j:WARN No appenders could be found for logger (org.jsecurity.realm.AuthorizingRealm).
log4j:WARN Please initialize the log4j system properly.
* Failure: expected:<....SimpleAccountRealm_[574]> but was:<....SimpleAccountRealm_[0]> | test20(org.jsecurity.realm.AuthorizingRealmEvoSuiteTest)
org.junit.ComparisonFailure: expected:<....SimpleAccountRealm_[574]> but was:<....SimpleAccountRealm_[0]>
	at org.junit.Assert.assertEquals(Assert.java:115)
	at org.junit.Assert.assertEquals(Assert.java:144)
	at org.jsecurity.realm.AuthorizingRealmEvoSuiteTest.test20(AuthorizingRealmEvoSuiteTest.java:478)
	at sun.reflect.NativeMethodAccessorImpl.invoke0(Native Method)
	at sun.reflect.NativeMethodAccessorImpl.invoke(NativeMethodAccessorImpl.java:62)
	at sun.reflect.DelegatingMethodAccessorImpl.invoke(DelegatingMethodAccessorImpl.java:43)
	at java.lang.reflect.Method.invoke(Method.java:498)
	at org.junit.runners.model.FrameworkMethod$1.runReflectiveCall(FrameworkMethod.java:47)
	at org.junit.internal.runners.model.ReflectiveCallable.run(ReflectiveCallable.java:12)
	at org.junit.runners.model.FrameworkMethod.invokeExplosively(FrameworkMethod.java:44)
	at org.junit.internal.runners.statements.InvokeMethod.evaluate(InvokeMethod.java:17)
	at org.junit.runners.ParentRunner.runLeaf(ParentRunner.java:271)
	at org.junit.runners.BlockJUnit4ClassRunner.runChild(BlockJUnit4ClassRunner.java:70)
	at org.junit.runners.BlockJUnit4ClassRunner.runChild(BlockJUnit4ClassRunner.java:50)
	at org.junit.runners.ParentRunner$3.run(ParentRunner.java:238)
	at org.junit.runners.ParentRunner$1.schedule(ParentRunner.java:63)
	at org.junit.runners.ParentRunner.runChildren(ParentRunner.java:236)
	at org.junit.runners.ParentRunner.access$000(ParentRunner.java:53)
	at org.junit.runners.ParentRunner$2.evaluate(ParentRunner.java:229)
	at org.junit.runners.ParentRunner.run(ParentRunner.java:309)
	at com.gzoltar.lib.instrumentation.testing.junit.a.call(Unknown Source)
	at java.util.concurrent.FutureTask.run(FutureTask.java:266)
	at java.util.concurrent.ThreadPoolExecutor.runWorker(ThreadPoolExecutor.java:1142)
	at java.util.concurrent.ThreadPoolExecutor$Worker.run(ThreadPoolExecutor.java:617)
	at java.lang.Thread.run(Thread.java:745)

* Finished org.jsecurity.realm.AuthorizingRealmEvoSuiteTest#test20
* Started org.jsecurity.realm.AuthorizingRealmEvoSuiteTest#test21
log4j:WARN No appenders could be found for logger (org.jsecurity.realm.AuthorizingRealm).
log4j:WARN Please initialize the log4j system properly.
* Failure: expected:<....SimpleAccountRealm_[593]> but was:<....SimpleAccountRealm_[0]> | test21(org.jsecurity.realm.AuthorizingRealmEvoSuiteTest)
org.junit.ComparisonFailure: expected:<....SimpleAccountRealm_[593]> but was:<....SimpleAccountRealm_[0]>
	at org.junit.Assert.assertEquals(Assert.java:115)
	at org.junit.Assert.assertEquals(Assert.java:144)
	at org.jsecurity.realm.AuthorizingRealmEvoSuiteTest.test21(AuthorizingRealmEvoSuiteTest.java:497)
	at sun.reflect.NativeMethodAccessorImpl.invoke0(Native Method)
	at sun.reflect.NativeMethodAccessorImpl.invoke(NativeMethodAccessorImpl.java:62)
	at sun.reflect.DelegatingMethodAccessorImpl.invoke(DelegatingMethodAccessorImpl.java:43)
	at java.lang.reflect.Method.invoke(Method.java:498)
	at org.junit.runners.model.FrameworkMethod$1.runReflectiveCall(FrameworkMethod.java:47)
	at org.junit.internal.runners.model.ReflectiveCallable.run(ReflectiveCallable.java:12)
	at org.junit.runners.model.FrameworkMethod.invokeExplosively(FrameworkMethod.java:44)
	at org.junit.internal.runners.statements.InvokeMethod.evaluate(InvokeMethod.java:17)
	at org.junit.runners.ParentRunner.runLeaf(ParentRunner.java:271)
	at org.junit.runners.BlockJUnit4ClassRunner.runChild(BlockJUnit4ClassRunner.java:70)
	at org.junit.runners.BlockJUnit4ClassRunner.runChild(BlockJUnit4ClassRunner.java:50)
	at org.junit.runners.ParentRunner$3.run(ParentRunner.java:238)
	at org.junit.runners.ParentRunner$1.schedule(ParentRunner.java:63)
	at org.junit.runners.ParentRunner.runChildren(ParentRunner.java:236)
	at org.junit.runners.ParentRunner.access$000(ParentRunner.java:53)
	at org.junit.runners.ParentRunner$2.evaluate(ParentRunner.java:229)
	at org.junit.runners.ParentRunner.run(ParentRunner.java:309)
	at com.gzoltar.lib.instrumentation.testing.junit.a.call(Unknown Source)
	at java.util.concurrent.FutureTask.run(FutureTask.java:266)
	at java.util.concurrent.ThreadPoolExecutor.runWorker(ThreadPoolExecutor.java:1142)
	at java.util.concurrent.ThreadPoolExecutor$Worker.run(ThreadPoolExecutor.java:617)
	at java.lang.Thread.run(Thread.java:745)

* Finished org.jsecurity.realm.AuthorizingRealmEvoSuiteTest#test21
* Started org.jsecurity.realm.AuthorizingRealmEvoSuiteTest#test22
log4j:WARN No appenders could be found for logger (org.jsecurity.realm.AuthorizingRealm).
log4j:WARN Please initialize the log4j system properly.
* Failure: expected:<....SimpleAccountRealm_[611]> but was:<....SimpleAccountRealm_[0]> | test22(org.jsecurity.realm.AuthorizingRealmEvoSuiteTest)
org.junit.ComparisonFailure: expected:<....SimpleAccountRealm_[611]> but was:<....SimpleAccountRealm_[0]>
	at org.junit.Assert.assertEquals(Assert.java:115)
	at org.junit.Assert.assertEquals(Assert.java:144)
	at org.jsecurity.realm.AuthorizingRealmEvoSuiteTest.test22(AuthorizingRealmEvoSuiteTest.java:518)
	at sun.reflect.NativeMethodAccessorImpl.invoke0(Native Method)
	at sun.reflect.NativeMethodAccessorImpl.invoke(NativeMethodAccessorImpl.java:62)
	at sun.reflect.DelegatingMethodAccessorImpl.invoke(DelegatingMethodAccessorImpl.java:43)
	at java.lang.reflect.Method.invoke(Method.java:498)
	at org.junit.runners.model.FrameworkMethod$1.runReflectiveCall(FrameworkMethod.java:47)
	at org.junit.internal.runners.model.ReflectiveCallable.run(ReflectiveCallable.java:12)
	at org.junit.runners.model.FrameworkMethod.invokeExplosively(FrameworkMethod.java:44)
	at org.junit.internal.runners.statements.InvokeMethod.evaluate(InvokeMethod.java:17)
	at org.junit.runners.ParentRunner.runLeaf(ParentRunner.java:271)
	at org.junit.runners.BlockJUnit4ClassRunner.runChild(BlockJUnit4ClassRunner.java:70)
	at org.junit.runners.BlockJUnit4ClassRunner.runChild(BlockJUnit4ClassRunner.java:50)
	at org.junit.runners.ParentRunner$3.run(ParentRunner.java:238)
	at org.junit.runners.ParentRunner$1.schedule(ParentRunner.java:63)
	at org.junit.runners.ParentRunner.runChildren(ParentRunner.java:236)
	at org.junit.runners.ParentRunner.access$000(ParentRunner.java:53)
	at org.junit.runners.ParentRunner$2.evaluate(ParentRunner.java:229)
	at org.junit.runners.ParentRunner.run(ParentRunner.java:309)
	at com.gzoltar.lib.instrumentation.testing.junit.a.call(Unknown Source)
	at java.util.concurrent.FutureTask.run(FutureTask.java:266)
	at java.util.concurrent.ThreadPoolExecutor.runWorker(ThreadPoolExecutor.java:1142)
	at java.util.concurrent.ThreadPoolExecutor$Worker.run(ThreadPoolExecutor.java:617)
	at java.lang.Thread.run(Thread.java:745)

* Finished org.jsecurity.realm.AuthorizingRealmEvoSuiteTest#test22
* Started org.jsecurity.realm.AuthorizingRealmEvoSuiteTest#test23
log4j:WARN No appenders could be found for logger (org.jsecurity.realm.AuthorizingRealm).
log4j:WARN Please initialize the log4j system properly.
* Failure: expected:<....SimpleAccountRealm_[634]> but was:<....SimpleAccountRealm_[0]> | test23(org.jsecurity.realm.AuthorizingRealmEvoSuiteTest)
org.junit.ComparisonFailure: expected:<....SimpleAccountRealm_[634]> but was:<....SimpleAccountRealm_[0]>
	at org.junit.Assert.assertEquals(Assert.java:115)
	at org.junit.Assert.assertEquals(Assert.java:144)
	at org.jsecurity.realm.AuthorizingRealmEvoSuiteTest.test23(AuthorizingRealmEvoSuiteTest.java:535)
	at sun.reflect.NativeMethodAccessorImpl.invoke0(Native Method)
	at sun.reflect.NativeMethodAccessorImpl.invoke(NativeMethodAccessorImpl.java:62)
	at sun.reflect.DelegatingMethodAccessorImpl.invoke(DelegatingMethodAccessorImpl.java:43)
	at java.lang.reflect.Method.invoke(Method.java:498)
	at org.junit.runners.model.FrameworkMethod$1.runReflectiveCall(FrameworkMethod.java:47)
	at org.junit.internal.runners.model.ReflectiveCallable.run(ReflectiveCallable.java:12)
	at org.junit.runners.model.FrameworkMethod.invokeExplosively(FrameworkMethod.java:44)
	at org.junit.internal.runners.statements.InvokeMethod.evaluate(InvokeMethod.java:17)
	at org.junit.runners.ParentRunner.runLeaf(ParentRunner.java:271)
	at org.junit.runners.BlockJUnit4ClassRunner.runChild(BlockJUnit4ClassRunner.java:70)
	at org.junit.runners.BlockJUnit4ClassRunner.runChild(BlockJUnit4ClassRunner.java:50)
	at org.junit.runners.ParentRunner$3.run(ParentRunner.java:238)
	at org.junit.runners.ParentRunner$1.schedule(ParentRunner.java:63)
	at org.junit.runners.ParentRunner.runChildren(ParentRunner.java:236)
	at org.junit.runners.ParentRunner.access$000(ParentRunner.java:53)
	at org.junit.runners.ParentRunner$2.evaluate(ParentRunner.java:229)
	at org.junit.runners.ParentRunner.run(ParentRunner.java:309)
	at com.gzoltar.lib.instrumentation.testing.junit.a.call(Unknown Source)
	at java.util.concurrent.FutureTask.run(FutureTask.java:266)
	at java.util.concurrent.ThreadPoolExecutor.runWorker(ThreadPoolExecutor.java:1142)
	at java.util.concurrent.ThreadPoolExecutor$Worker.run(ThreadPoolExecutor.java:617)
	at java.lang.Thread.run(Thread.java:745)

* Finished org.jsecurity.realm.AuthorizingRealmEvoSuiteTest#test23
* Started org.jsecurity.realm.AuthorizingRealmEvoSuiteTest#test24
log4j:WARN No appenders could be found for logger (org.jsecurity.realm.AuthorizingRealm).
log4j:WARN Please initialize the log4j system properly.
* Finished org.jsecurity.realm.AuthorizingRealmEvoSuiteTest#test24
* Started org.jsecurity.realm.AuthorizingRealmEvoSuiteTest#test25
log4j:WARN No appenders could be found for logger (org.jsecurity.realm.AuthorizingRealm).
log4j:WARN Please initialize the log4j system properly.
* Failure: expected:<....SimpleAccountRealm_[672]> but was:<....SimpleAccountRealm_[0]> | test25(org.jsecurity.realm.AuthorizingRealmEvoSuiteTest)
org.junit.ComparisonFailure: expected:<....SimpleAccountRealm_[672]> but was:<....SimpleAccountRealm_[0]>
	at org.junit.Assert.assertEquals(Assert.java:115)
	at org.junit.Assert.assertEquals(Assert.java:144)
	at org.jsecurity.realm.AuthorizingRealmEvoSuiteTest.test25(AuthorizingRealmEvoSuiteTest.java:569)
	at sun.reflect.NativeMethodAccessorImpl.invoke0(Native Method)
	at sun.reflect.NativeMethodAccessorImpl.invoke(NativeMethodAccessorImpl.java:62)
	at sun.reflect.DelegatingMethodAccessorImpl.invoke(DelegatingMethodAccessorImpl.java:43)
	at java.lang.reflect.Method.invoke(Method.java:498)
	at org.junit.runners.model.FrameworkMethod$1.runReflectiveCall(FrameworkMethod.java:47)
	at org.junit.internal.runners.model.ReflectiveCallable.run(ReflectiveCallable.java:12)
	at org.junit.runners.model.FrameworkMethod.invokeExplosively(FrameworkMethod.java:44)
	at org.junit.internal.runners.statements.InvokeMethod.evaluate(InvokeMethod.java:17)
	at org.junit.runners.ParentRunner.runLeaf(ParentRunner.java:271)
	at org.junit.runners.BlockJUnit4ClassRunner.runChild(BlockJUnit4ClassRunner.java:70)
	at org.junit.runners.BlockJUnit4ClassRunner.runChild(BlockJUnit4ClassRunner.java:50)
	at org.junit.runners.ParentRunner$3.run(ParentRunner.java:238)
	at org.junit.runners.ParentRunner$1.schedule(ParentRunner.java:63)
	at org.junit.runners.ParentRunner.runChildren(ParentRunner.java:236)
	at org.junit.runners.ParentRunner.access$000(ParentRunner.java:53)
	at org.junit.runners.ParentRunner$2.evaluate(ParentRunner.java:229)
	at org.junit.runners.ParentRunner.run(ParentRunner.java:309)
	at com.gzoltar.lib.instrumentation.testing.junit.a.call(Unknown Source)
	at java.util.concurrent.FutureTask.run(FutureTask.java:266)
	at java.util.concurrent.ThreadPoolExecutor.runWorker(ThreadPoolExecutor.java:1142)
	at java.util.concurrent.ThreadPoolExecutor$Worker.run(ThreadPoolExecutor.java:617)
	at java.lang.Thread.run(Thread.java:745)

* Finished org.jsecurity.realm.AuthorizingRealmEvoSuiteTest#test25
* Started org.jsecurity.realm.AuthorizingRealmEvoSuiteTest#test26
log4j:WARN No appenders could be found for logger (org.jsecurity.realm.AuthorizingRealm).
log4j:WARN Please initialize the log4j system properly.
* Finished org.jsecurity.realm.AuthorizingRealmEvoSuiteTest#test26
* Started org.jsecurity.realm.AuthorizingRealmEvoSuiteTest#test27
log4j:WARN No appenders could be found for logger (org.jsecurity.realm.AuthorizingRealm).
log4j:WARN Please initialize the log4j system properly.
* Finished org.jsecurity.realm.AuthorizingRealmEvoSuiteTest#test27
* Started org.jsecurity.realm.AuthorizingRealmEvoSuiteTest#test28
log4j:WARN No appenders could be found for logger (org.jsecurity.realm.AuthorizingRealm).
log4j:WARN Please initialize the log4j system properly.
* Finished org.jsecurity.realm.AuthorizingRealmEvoSuiteTest#test28
* Started org.jsecurity.realm.AuthorizingRealmEvoSuiteTest#test29
log4j:WARN No appenders could be found for logger (org.jsecurity.realm.AuthorizingRealm).
log4j:WARN Please initialize the log4j system properly.
* Finished org.jsecurity.realm.AuthorizingRealmEvoSuiteTest#test29
* Started org.jsecurity.realm.AuthorizingRealmEvoSuiteTest#test30
log4j:WARN No appenders could be found for logger (org.jsecurity.realm.AuthorizingRealm).
log4j:WARN Please initialize the log4j system properly.
* Failure: expected:<....SimpleAccountRealm_[775]> but was:<....SimpleAccountRealm_[0]> | test30(org.jsecurity.realm.AuthorizingRealmEvoSuiteTest)
org.junit.ComparisonFailure: expected:<....SimpleAccountRealm_[775]> but was:<....SimpleAccountRealm_[0]>
	at org.junit.Assert.assertEquals(Assert.java:115)
	at org.junit.Assert.assertEquals(Assert.java:144)
	at org.jsecurity.realm.AuthorizingRealmEvoSuiteTest.test30(AuthorizingRealmEvoSuiteTest.java:655)
	at sun.reflect.NativeMethodAccessorImpl.invoke0(Native Method)
	at sun.reflect.NativeMethodAccessorImpl.invoke(NativeMethodAccessorImpl.java:62)
	at sun.reflect.DelegatingMethodAccessorImpl.invoke(DelegatingMethodAccessorImpl.java:43)
	at java.lang.reflect.Method.invoke(Method.java:498)
	at org.junit.runners.model.FrameworkMethod$1.runReflectiveCall(FrameworkMethod.java:47)
	at org.junit.internal.runners.model.ReflectiveCallable.run(ReflectiveCallable.java:12)
	at org.junit.runners.model.FrameworkMethod.invokeExplosively(FrameworkMethod.java:44)
	at org.junit.internal.runners.statements.InvokeMethod.evaluate(InvokeMethod.java:17)
	at org.junit.runners.ParentRunner.runLeaf(ParentRunner.java:271)
	at org.junit.runners.BlockJUnit4ClassRunner.runChild(BlockJUnit4ClassRunner.java:70)
	at org.junit.runners.BlockJUnit4ClassRunner.runChild(BlockJUnit4ClassRunner.java:50)
	at org.junit.runners.ParentRunner$3.run(ParentRunner.java:238)
	at org.junit.runners.ParentRunner$1.schedule(ParentRunner.java:63)
	at org.junit.runners.ParentRunner.runChildren(ParentRunner.java:236)
	at org.junit.runners.ParentRunner.access$000(ParentRunner.java:53)
	at org.junit.runners.ParentRunner$2.evaluate(ParentRunner.java:229)
	at org.junit.runners.ParentRunner.run(ParentRunner.java:309)
	at com.gzoltar.lib.instrumentation.testing.junit.a.call(Unknown Source)
	at java.util.concurrent.FutureTask.run(FutureTask.java:266)
	at java.util.concurrent.ThreadPoolExecutor.runWorker(ThreadPoolExecutor.java:1142)
	at java.util.concurrent.ThreadPoolExecutor$Worker.run(ThreadPoolExecutor.java:617)
	at java.lang.Thread.run(Thread.java:745)

* Finished org.jsecurity.realm.AuthorizingRealmEvoSuiteTest#test30
* Started org.jsecurity.realm.AuthorizingRealmEvoSuiteTest#test31
log4j:WARN No appenders could be found for logger (org.jsecurity.realm.AuthorizingRealm).
log4j:WARN Please initialize the log4j system properly.
* Finished org.jsecurity.realm.AuthorizingRealmEvoSuiteTest#test31
* Started org.jsecurity.realm.AuthorizingRealmEvoSuiteTest#test32
log4j:WARN No appenders could be found for logger (org.jsecurity.realm.AuthorizingRealm).
log4j:WARN Please initialize the log4j system properly.
* Finished org.jsecurity.realm.AuthorizingRealmEvoSuiteTest#test32
* Started org.jsecurity.realm.AuthorizingRealmEvoSuiteTest#test0
log4j:WARN No appenders could be found for logger (org.jsecurity.realm.AuthorizingRealm).
log4j:WARN Please initialize the log4j system properly.
* Finished org.jsecurity.realm.AuthorizingRealmEvoSuiteTest#test0
* Started org.jsecurity.realm.AuthorizingRealmEvoSuiteTest#test1
log4j:WARN No appenders could be found for logger (org.jsecurity.realm.AuthorizingRealm).
log4j:WARN Please initialize the log4j system properly.
* Finished org.jsecurity.realm.AuthorizingRealmEvoSuiteTest#test1
* Started org.jsecurity.realm.AuthorizingRealmEvoSuiteTest#test2
log4j:WARN No appenders could be found for logger (org.jsecurity.realm.AuthorizingRealm).
log4j:WARN Please initialize the log4j system properly.
* Finished org.jsecurity.realm.AuthorizingRealmEvoSuiteTest#test2
* Started org.jsecurity.realm.AuthorizingRealmEvoSuiteTest#test3
log4j:WARN No appenders could be found for logger (org.jsecurity.realm.AuthorizingRealm).
log4j:WARN Please initialize the log4j system properly.
* Failure: expected:<....SimpleAccountRealm_[6]0> but was:<....SimpleAccountRealm_[]0> | test3(org.jsecurity.realm.AuthorizingRealmEvoSuiteTest)
org.junit.ComparisonFailure: expected:<....SimpleAccountRealm_[6]0> but was:<....SimpleAccountRealm_[]0>
	at org.junit.Assert.assertEquals(Assert.java:115)
	at org.junit.Assert.assertEquals(Assert.java:144)
	at org.jsecurity.realm.AuthorizingRealmEvoSuiteTest.test3(AuthorizingRealmEvoSuiteTest.java:123)
	at sun.reflect.NativeMethodAccessorImpl.invoke0(Native Method)
	at sun.reflect.NativeMethodAccessorImpl.invoke(NativeMethodAccessorImpl.java:62)
	at sun.reflect.DelegatingMethodAccessorImpl.invoke(DelegatingMethodAccessorImpl.java:43)
	at java.lang.reflect.Method.invoke(Method.java:498)
	at org.junit.runners.model.FrameworkMethod$1.runReflectiveCall(FrameworkMethod.java:47)
	at org.junit.internal.runners.model.ReflectiveCallable.run(ReflectiveCallable.java:12)
	at org.junit.runners.model.FrameworkMethod.invokeExplosively(FrameworkMethod.java:44)
	at org.junit.internal.runners.statements.InvokeMethod.evaluate(InvokeMethod.java:17)
	at org.junit.runners.ParentRunner.runLeaf(ParentRunner.java:271)
	at org.junit.runners.BlockJUnit4ClassRunner.runChild(BlockJUnit4ClassRunner.java:70)
	at org.junit.runners.BlockJUnit4ClassRunner.runChild(BlockJUnit4ClassRunner.java:50)
	at org.junit.runners.ParentRunner$3.run(ParentRunner.java:238)
	at org.junit.runners.ParentRunner$1.schedule(ParentRunner.java:63)
	at org.junit.runners.ParentRunner.runChildren(ParentRunner.java:236)
	at org.junit.runners.ParentRunner.access$000(ParentRunner.java:53)
	at org.junit.runners.ParentRunner$2.evaluate(ParentRunner.java:229)
	at org.junit.runners.ParentRunner.run(ParentRunner.java:309)
	at com.gzoltar.lib.instrumentation.testing.junit.a.call(Unknown Source)
	at java.util.concurrent.FutureTask.run(FutureTask.java:266)
	at java.util.concurrent.ThreadPoolExecutor.runWorker(ThreadPoolExecutor.java:1142)
	at java.util.concurrent.ThreadPoolExecutor$Worker.run(ThreadPoolExecutor.java:617)
	at java.lang.Thread.run(Thread.java:745)

* Finished org.jsecurity.realm.AuthorizingRealmEvoSuiteTest#test3
* Started org.jsecurity.realm.AuthorizingRealmEvoSuiteTest#test4
log4j:WARN No appenders could be found for logger (org.jsecurity.realm.AuthorizingRealm).
log4j:WARN Please initialize the log4j system properly.
* Finished org.jsecurity.realm.AuthorizingRealmEvoSuiteTest#test4
* Started org.jsecurity.realm.AuthorizingRealmEvoSuiteTest#test5
log4j:WARN No appenders could be found for logger (org.jsecurity.realm.AuthorizingRealm).
log4j:WARN Please initialize the log4j system properly.
* Finished org.jsecurity.realm.AuthorizingRealmEvoSuiteTest#test5
* Started org.jsecurity.realm.AuthorizingRealmEvoSuiteTest#test6
log4j:WARN No appenders could be found for logger (org.jsecurity.realm.AuthorizingRealm).
log4j:WARN Please initialize the log4j system properly.
* Failure: expected:<....SimpleAccountRealm_[182]> but was:<....SimpleAccountRealm_[0]> | test6(org.jsecurity.realm.AuthorizingRealmEvoSuiteTest)
org.junit.ComparisonFailure: expected:<....SimpleAccountRealm_[182]> but was:<....SimpleAccountRealm_[0]>
	at org.junit.Assert.assertEquals(Assert.java:115)
	at org.junit.Assert.assertEquals(Assert.java:144)
	at org.jsecurity.realm.AuthorizingRealmEvoSuiteTest.test6(AuthorizingRealmEvoSuiteTest.java:184)
	at sun.reflect.NativeMethodAccessorImpl.invoke0(Native Method)
	at sun.reflect.NativeMethodAccessorImpl.invoke(NativeMethodAccessorImpl.java:62)
	at sun.reflect.DelegatingMethodAccessorImpl.invoke(DelegatingMethodAccessorImpl.java:43)
	at java.lang.reflect.Method.invoke(Method.java:498)
	at org.junit.runners.model.FrameworkMethod$1.runReflectiveCall(FrameworkMethod.java:47)
	at org.junit.internal.runners.model.ReflectiveCallable.run(ReflectiveCallable.java:12)
	at org.junit.runners.model.FrameworkMethod.invokeExplosively(FrameworkMethod.java:44)
	at org.junit.internal.runners.statements.InvokeMethod.evaluate(InvokeMethod.java:17)
	at org.junit.runners.ParentRunner.runLeaf(ParentRunner.java:271)
	at org.junit.runners.BlockJUnit4ClassRunner.runChild(BlockJUnit4ClassRunner.java:70)
	at org.junit.runners.BlockJUnit4ClassRunner.runChild(BlockJUnit4ClassRunner.java:50)
	at org.junit.runners.ParentRunner$3.run(ParentRunner.java:238)
	at org.junit.runners.ParentRunner$1.schedule(ParentRunner.java:63)
	at org.junit.runners.ParentRunner.runChildren(ParentRunner.java:236)
	at org.junit.runners.ParentRunner.access$000(ParentRunner.java:53)
	at org.junit.runners.ParentRunner$2.evaluate(ParentRunner.java:229)
	at org.junit.runners.ParentRunner.run(ParentRunner.java:309)
	at com.gzoltar.lib.instrumentation.testing.junit.a.call(Unknown Source)
	at java.util.concurrent.FutureTask.run(FutureTask.java:266)
	at java.util.concurrent.ThreadPoolExecutor.runWorker(ThreadPoolExecutor.java:1142)
	at java.util.concurrent.ThreadPoolExecutor$Worker.run(ThreadPoolExecutor.java:617)
	at java.lang.Thread.run(Thread.java:745)

* Finished org.jsecurity.realm.AuthorizingRealmEvoSuiteTest#test6
* Started org.jsecurity.realm.AuthorizingRealmEvoSuiteTest#test7
log4j:WARN No appenders could be found for logger (org.jsecurity.realm.AuthorizingRealm).
log4j:WARN Please initialize the log4j system properly.
* Finished org.jsecurity.realm.AuthorizingRealmEvoSuiteTest#test7
* Started org.jsecurity.realm.AuthorizingRealmEvoSuiteTest#test8
log4j:WARN No appenders could be found for logger (org.jsecurity.realm.AuthorizingRealm).
log4j:WARN Please initialize the log4j system properly.
* Finished org.jsecurity.realm.AuthorizingRealmEvoSuiteTest#test8
* Started org.jsecurity.realm.AuthorizingRealmEvoSuiteTest#test9
log4j:WARN No appenders could be found for logger (org.jsecurity.realm.AuthorizingRealm).
log4j:WARN Please initialize the log4j system properly.
* Finished org.jsecurity.realm.AuthorizingRealmEvoSuiteTest#test9
* Started org.jsecurity.realm.activedirectory.ActiveDirectoryRealmEvoSuiteTest#test0
* Finished org.jsecurity.realm.activedirectory.ActiveDirectoryRealmEvoSuiteTest#test0
* Started org.jsecurity.realm.activedirectory.ActiveDirectoryRealmEvoSuiteTest#test1
* Finished org.jsecurity.realm.activedirectory.ActiveDirectoryRealmEvoSuiteTest#test1
* Started org.jsecurity.realm.activedirectory.ActiveDirectoryRealmEvoSuiteTest#test2
* Finished org.jsecurity.realm.activedirectory.ActiveDirectoryRealmEvoSuiteTest#test2
* Started org.jsecurity.realm.activedirectory.ActiveDirectoryRealmEvoSuiteTest#test3
* Failure: expected:<...ctiveDirectoryRealm_[9]> but was:<...ctiveDirectoryRealm_[0]> | test3(org.jsecurity.realm.activedirectory.ActiveDirectoryRealmEvoSuiteTest)
org.junit.ComparisonFailure: expected:<...ctiveDirectoryRealm_[9]> but was:<...ctiveDirectoryRealm_[0]>
	at org.junit.Assert.assertEquals(Assert.java:115)
	at org.junit.Assert.assertEquals(Assert.java:144)
	at org.jsecurity.realm.activedirectory.ActiveDirectoryRealmEvoSuiteTest.test3(ActiveDirectoryRealmEvoSuiteTest.java:90)
	at sun.reflect.NativeMethodAccessorImpl.invoke0(Native Method)
	at sun.reflect.NativeMethodAccessorImpl.invoke(NativeMethodAccessorImpl.java:62)
	at sun.reflect.DelegatingMethodAccessorImpl.invoke(DelegatingMethodAccessorImpl.java:43)
	at java.lang.reflect.Method.invoke(Method.java:498)
	at org.junit.runners.model.FrameworkMethod$1.runReflectiveCall(FrameworkMethod.java:47)
	at org.junit.internal.runners.model.ReflectiveCallable.run(ReflectiveCallable.java:12)
	at org.junit.runners.model.FrameworkMethod.invokeExplosively(FrameworkMethod.java:44)
	at org.junit.internal.runners.statements.InvokeMethod.evaluate(InvokeMethod.java:17)
	at org.junit.runners.ParentRunner.runLeaf(ParentRunner.java:271)
	at org.junit.runners.BlockJUnit4ClassRunner.runChild(BlockJUnit4ClassRunner.java:70)
	at org.junit.runners.BlockJUnit4ClassRunner.runChild(BlockJUnit4ClassRunner.java:50)
	at org.junit.runners.ParentRunner$3.run(ParentRunner.java:238)
	at org.junit.runners.ParentRunner$1.schedule(ParentRunner.java:63)
	at org.junit.runners.ParentRunner.runChildren(ParentRunner.java:236)
	at org.junit.runners.ParentRunner.access$000(ParentRunner.java:53)
	at org.junit.runners.ParentRunner$2.evaluate(ParentRunner.java:229)
	at org.junit.runners.ParentRunner.run(ParentRunner.java:309)
	at com.gzoltar.lib.instrumentation.testing.junit.a.call(Unknown Source)
	at java.util.concurrent.FutureTask.run(FutureTask.java:266)
	at java.util.concurrent.ThreadPoolExecutor.runWorker(ThreadPoolExecutor.java:1142)
	at java.util.concurrent.ThreadPoolExecutor$Worker.run(ThreadPoolExecutor.java:617)
	at java.lang.Thread.run(Thread.java:745)

* Finished org.jsecurity.realm.activedirectory.ActiveDirectoryRealmEvoSuiteTest#test3
* Started org.jsecurity.realm.activedirectory.ActiveDirectoryRealmEvoSuiteTest#test4
* Failure: expected:<...ctiveDirectoryRealm_[11]> but was:<...ctiveDirectoryRealm_[0]> | test4(org.jsecurity.realm.activedirectory.ActiveDirectoryRealmEvoSuiteTest)
org.junit.ComparisonFailure: expected:<...ctiveDirectoryRealm_[11]> but was:<...ctiveDirectoryRealm_[0]>
	at org.junit.Assert.assertEquals(Assert.java:115)
	at org.junit.Assert.assertEquals(Assert.java:144)
	at org.jsecurity.realm.activedirectory.ActiveDirectoryRealmEvoSuiteTest.test4(ActiveDirectoryRealmEvoSuiteTest.java:103)
	at sun.reflect.NativeMethodAccessorImpl.invoke0(Native Method)
	at sun.reflect.NativeMethodAccessorImpl.invoke(NativeMethodAccessorImpl.java:62)
	at sun.reflect.DelegatingMethodAccessorImpl.invoke(DelegatingMethodAccessorImpl.java:43)
	at java.lang.reflect.Method.invoke(Method.java:498)
	at org.junit.runners.model.FrameworkMethod$1.runReflectiveCall(FrameworkMethod.java:47)
	at org.junit.internal.runners.model.ReflectiveCallable.run(ReflectiveCallable.java:12)
	at org.junit.runners.model.FrameworkMethod.invokeExplosively(FrameworkMethod.java:44)
	at org.junit.internal.runners.statements.InvokeMethod.evaluate(InvokeMethod.java:17)
	at org.junit.runners.ParentRunner.runLeaf(ParentRunner.java:271)
	at org.junit.runners.BlockJUnit4ClassRunner.runChild(BlockJUnit4ClassRunner.java:70)
	at org.junit.runners.BlockJUnit4ClassRunner.runChild(BlockJUnit4ClassRunner.java:50)
	at org.junit.runners.ParentRunner$3.run(ParentRunner.java:238)
	at org.junit.runners.ParentRunner$1.schedule(ParentRunner.java:63)
	at org.junit.runners.ParentRunner.runChildren(ParentRunner.java:236)
	at org.junit.runners.ParentRunner.access$000(ParentRunner.java:53)
	at org.junit.runners.ParentRunner$2.evaluate(ParentRunner.java:229)
	at org.junit.runners.ParentRunner.run(ParentRunner.java:309)
	at com.gzoltar.lib.instrumentation.testing.junit.a.call(Unknown Source)
	at java.util.concurrent.FutureTask.run(FutureTask.java:266)
	at java.util.concurrent.ThreadPoolExecutor.runWorker(ThreadPoolExecutor.java:1142)
	at java.util.concurrent.ThreadPoolExecutor$Worker.run(ThreadPoolExecutor.java:617)
	at java.lang.Thread.run(Thread.java:745)

* Finished org.jsecurity.realm.activedirectory.ActiveDirectoryRealmEvoSuiteTest#test4
* Started org.jsecurity.realm.activedirectory.ActiveDirectoryRealmEvoSuiteTest#test5
* Failure: expected:<...ctiveDirectoryRealm_[15]> but was:<...ctiveDirectoryRealm_[0]> | test5(org.jsecurity.realm.activedirectory.ActiveDirectoryRealmEvoSuiteTest)
org.junit.ComparisonFailure: expected:<...ctiveDirectoryRealm_[15]> but was:<...ctiveDirectoryRealm_[0]>
	at org.junit.Assert.assertEquals(Assert.java:115)
	at org.junit.Assert.assertEquals(Assert.java:144)
	at org.jsecurity.realm.activedirectory.ActiveDirectoryRealmEvoSuiteTest.test5(ActiveDirectoryRealmEvoSuiteTest.java:123)
	at sun.reflect.NativeMethodAccessorImpl.invoke0(Native Method)
	at sun.reflect.NativeMethodAccessorImpl.invoke(NativeMethodAccessorImpl.java:62)
	at sun.reflect.DelegatingMethodAccessorImpl.invoke(DelegatingMethodAccessorImpl.java:43)
	at java.lang.reflect.Method.invoke(Method.java:498)
	at org.junit.runners.model.FrameworkMethod$1.runReflectiveCall(FrameworkMethod.java:47)
	at org.junit.internal.runners.model.ReflectiveCallable.run(ReflectiveCallable.java:12)
	at org.junit.runners.model.FrameworkMethod.invokeExplosively(FrameworkMethod.java:44)
	at org.junit.internal.runners.statements.InvokeMethod.evaluate(InvokeMethod.java:17)
	at org.junit.runners.ParentRunner.runLeaf(ParentRunner.java:271)
	at org.junit.runners.BlockJUnit4ClassRunner.runChild(BlockJUnit4ClassRunner.java:70)
	at org.junit.runners.BlockJUnit4ClassRunner.runChild(BlockJUnit4ClassRunner.java:50)
	at org.junit.runners.ParentRunner$3.run(ParentRunner.java:238)
	at org.junit.runners.ParentRunner$1.schedule(ParentRunner.java:63)
	at org.junit.runners.ParentRunner.runChildren(ParentRunner.java:236)
	at org.junit.runners.ParentRunner.access$000(ParentRunner.java:53)
	at org.junit.runners.ParentRunner$2.evaluate(ParentRunner.java:229)
	at org.junit.runners.ParentRunner.run(ParentRunner.java:309)
	at com.gzoltar.lib.instrumentation.testing.junit.a.call(Unknown Source)
	at java.util.concurrent.FutureTask.run(FutureTask.java:266)
	at java.util.concurrent.ThreadPoolExecutor.runWorker(ThreadPoolExecutor.java:1142)
	at java.util.concurrent.ThreadPoolExecutor$Worker.run(ThreadPoolExecutor.java:617)
	at java.lang.Thread.run(Thread.java:745)

* Finished org.jsecurity.realm.activedirectory.ActiveDirectoryRealmEvoSuiteTest#test5
* Started org.jsecurity.realm.activedirectory.ActiveDirectoryRealmEvoSuiteTest#test6
log4j:WARN No appenders could be found for logger (org.jsecurity.realm.activedirectory.ActiveDirectoryRealm).
log4j:WARN Please initialize the log4j system properly.
* Failure: expected:<...ctiveDirectoryRealm_[27]> but was:<...ctiveDirectoryRealm_[0]> | test6(org.jsecurity.realm.activedirectory.ActiveDirectoryRealmEvoSuiteTest)
org.junit.ComparisonFailure: expected:<...ctiveDirectoryRealm_[27]> but was:<...ctiveDirectoryRealm_[0]>
	at org.junit.Assert.assertEquals(Assert.java:115)
	at org.junit.Assert.assertEquals(Assert.java:144)
	at org.jsecurity.realm.activedirectory.ActiveDirectoryRealmEvoSuiteTest.test6(ActiveDirectoryRealmEvoSuiteTest.java:148)
	at sun.reflect.NativeMethodAccessorImpl.invoke0(Native Method)
	at sun.reflect.NativeMethodAccessorImpl.invoke(NativeMethodAccessorImpl.java:62)
	at sun.reflect.DelegatingMethodAccessorImpl.invoke(DelegatingMethodAccessorImpl.java:43)
	at java.lang.reflect.Method.invoke(Method.java:498)
	at org.junit.runners.model.FrameworkMethod$1.runReflectiveCall(FrameworkMethod.java:47)
	at org.junit.internal.runners.model.ReflectiveCallable.run(ReflectiveCallable.java:12)
	at org.junit.runners.model.FrameworkMethod.invokeExplosively(FrameworkMethod.java:44)
	at org.junit.internal.runners.statements.InvokeMethod.evaluate(InvokeMethod.java:17)
	at org.junit.runners.ParentRunner.runLeaf(ParentRunner.java:271)
	at org.junit.runners.BlockJUnit4ClassRunner.runChild(BlockJUnit4ClassRunner.java:70)
	at org.junit.runners.BlockJUnit4ClassRunner.runChild(BlockJUnit4ClassRunner.java:50)
	at org.junit.runners.ParentRunner$3.run(ParentRunner.java:238)
	at org.junit.runners.ParentRunner$1.schedule(ParentRunner.java:63)
	at org.junit.runners.ParentRunner.runChildren(ParentRunner.java:236)
	at org.junit.runners.ParentRunner.access$000(ParentRunner.java:53)
	at org.junit.runners.ParentRunner$2.evaluate(ParentRunner.java:229)
	at org.junit.runners.ParentRunner.run(ParentRunner.java:309)
	at com.gzoltar.lib.instrumentation.testing.junit.a.call(Unknown Source)
	at java.util.concurrent.FutureTask.run(FutureTask.java:266)
	at java.util.concurrent.ThreadPoolExecutor.runWorker(ThreadPoolExecutor.java:1142)
	at java.util.concurrent.ThreadPoolExecutor$Worker.run(ThreadPoolExecutor.java:617)
	at java.lang.Thread.run(Thread.java:745)

* Finished org.jsecurity.realm.activedirectory.ActiveDirectoryRealmEvoSuiteTest#test6
* Started org.jsecurity.realm.ldap.LdapUtilsEvoSuiteTest#test0
* Finished org.jsecurity.realm.ldap.LdapUtilsEvoSuiteTest#test0
* Started org.jsecurity.realm.ldap.LdapUtilsEvoSuiteTest#test1
* Finished org.jsecurity.realm.ldap.LdapUtilsEvoSuiteTest#test1
* Started org.jsecurity.realm.ldap.LdapUtilsEvoSuiteTest#test2
* Finished org.jsecurity.realm.ldap.LdapUtilsEvoSuiteTest#test2
* Started org.jsecurity.realm.ldap.DefaultLdapContextFactoryEvoSuiteTest#test0
* Finished org.jsecurity.realm.ldap.DefaultLdapContextFactoryEvoSuiteTest#test0
* Started org.jsecurity.realm.ldap.DefaultLdapContextFactoryEvoSuiteTest#test1
* Finished org.jsecurity.realm.ldap.DefaultLdapContextFactoryEvoSuiteTest#test1
* Started org.jsecurity.realm.ldap.DefaultLdapContextFactoryEvoSuiteTest#test2
* Finished org.jsecurity.realm.ldap.DefaultLdapContextFactoryEvoSuiteTest#test2
* Started org.jsecurity.realm.ldap.DefaultLdapContextFactoryEvoSuiteTest#test3
* Finished org.jsecurity.realm.ldap.DefaultLdapContextFactoryEvoSuiteTest#test3
* Started org.jsecurity.realm.ldap.DefaultLdapContextFactoryEvoSuiteTest#test4
* Finished org.jsecurity.realm.ldap.DefaultLdapContextFactoryEvoSuiteTest#test4
* Started org.jsecurity.realm.ldap.DefaultLdapContextFactoryEvoSuiteTest#test5
* Finished org.jsecurity.realm.ldap.DefaultLdapContextFactoryEvoSuiteTest#test5
* Started org.jsecurity.realm.ldap.DefaultLdapContextFactoryEvoSuiteTest#test6
log4j:WARN No appenders could be found for logger (org.jsecurity.realm.ldap.DefaultLdapContextFactory).
log4j:WARN Please initialize the log4j system properly.
* Finished org.jsecurity.realm.ldap.DefaultLdapContextFactoryEvoSuiteTest#test6
* Started org.jsecurity.realm.ldap.DefaultLdapContextFactoryEvoSuiteTest#test7
log4j:WARN No appenders could be found for logger (org.jsecurity.realm.ldap.DefaultLdapContextFactory).
log4j:WARN Please initialize the log4j system properly.
* Finished org.jsecurity.realm.ldap.DefaultLdapContextFactoryEvoSuiteTest#test7
* Started org.jsecurity.realm.ldap.DefaultLdapContextFactoryEvoSuiteTest#test8
log4j:WARN No appenders could be found for logger (org.jsecurity.realm.ldap.DefaultLdapContextFactory).
log4j:WARN Please initialize the log4j system properly.
* Finished org.jsecurity.realm.ldap.DefaultLdapContextFactoryEvoSuiteTest#test8
* Started org.jsecurity.realm.ldap.DefaultLdapContextFactoryEvoSuiteTest#test9
log4j:WARN No appenders could be found for logger (org.jsecurity.realm.ldap.DefaultLdapContextFactory).
log4j:WARN Please initialize the log4j system properly.
* Finished org.jsecurity.realm.ldap.DefaultLdapContextFactoryEvoSuiteTest#test9
* Started org.jsecurity.realm.ldap.AbstractLdapRealmEvoSuiteTest#test0
log4j:WARN No appenders could be found for logger (org.jsecurity.realm.ldap.AbstractLdapRealm).
log4j:WARN Please initialize the log4j system properly.
* Finished org.jsecurity.realm.ldap.AbstractLdapRealmEvoSuiteTest#test0
* Started org.jsecurity.realm.ldap.AbstractLdapRealmEvoSuiteTest#test1
* Finished org.jsecurity.realm.ldap.AbstractLdapRealmEvoSuiteTest#test1
* Started org.jsecurity.realm.ldap.AbstractLdapRealmEvoSuiteTest#test2
* Failure: expected:<...ctiveDirectoryRealm_[26]> but was:<...ctiveDirectoryRealm_[0]> | test2(org.jsecurity.realm.ldap.AbstractLdapRealmEvoSuiteTest)
org.junit.ComparisonFailure: expected:<...ctiveDirectoryRealm_[26]> but was:<...ctiveDirectoryRealm_[0]>
	at org.junit.Assert.assertEquals(Assert.java:115)
	at org.junit.Assert.assertEquals(Assert.java:144)
	at org.jsecurity.realm.ldap.AbstractLdapRealmEvoSuiteTest.test2(AbstractLdapRealmEvoSuiteTest.java:69)
	at sun.reflect.NativeMethodAccessorImpl.invoke0(Native Method)
	at sun.reflect.NativeMethodAccessorImpl.invoke(NativeMethodAccessorImpl.java:62)
	at sun.reflect.DelegatingMethodAccessorImpl.invoke(DelegatingMethodAccessorImpl.java:43)
	at java.lang.reflect.Method.invoke(Method.java:498)
	at org.junit.runners.model.FrameworkMethod$1.runReflectiveCall(FrameworkMethod.java:47)
	at org.junit.internal.runners.model.ReflectiveCallable.run(ReflectiveCallable.java:12)
	at org.junit.runners.model.FrameworkMethod.invokeExplosively(FrameworkMethod.java:44)
	at org.junit.internal.runners.statements.InvokeMethod.evaluate(InvokeMethod.java:17)
	at org.junit.runners.ParentRunner.runLeaf(ParentRunner.java:271)
	at org.junit.runners.BlockJUnit4ClassRunner.runChild(BlockJUnit4ClassRunner.java:70)
	at org.junit.runners.BlockJUnit4ClassRunner.runChild(BlockJUnit4ClassRunner.java:50)
	at org.junit.runners.ParentRunner$3.run(ParentRunner.java:238)
	at org.junit.runners.ParentRunner$1.schedule(ParentRunner.java:63)
	at org.junit.runners.ParentRunner.runChildren(ParentRunner.java:236)
	at org.junit.runners.ParentRunner.access$000(ParentRunner.java:53)
	at org.junit.runners.ParentRunner$2.evaluate(ParentRunner.java:229)
	at org.junit.runners.ParentRunner.run(ParentRunner.java:309)
	at com.gzoltar.lib.instrumentation.testing.junit.a.call(Unknown Source)
	at java.util.concurrent.FutureTask.run(FutureTask.java:266)
	at java.util.concurrent.ThreadPoolExecutor.runWorker(ThreadPoolExecutor.java:1142)
	at java.util.concurrent.ThreadPoolExecutor$Worker.run(ThreadPoolExecutor.java:617)
	at java.lang.Thread.run(Thread.java:745)

* Finished org.jsecurity.realm.ldap.AbstractLdapRealmEvoSuiteTest#test2
* Started org.jsecurity.realm.ldap.AbstractLdapRealmEvoSuiteTest#test3
* Failure: expected:<...ctiveDirectoryRealm_[27]> but was:<...ctiveDirectoryRealm_[0]> | test3(org.jsecurity.realm.ldap.AbstractLdapRealmEvoSuiteTest)
org.junit.ComparisonFailure: expected:<...ctiveDirectoryRealm_[27]> but was:<...ctiveDirectoryRealm_[0]>
	at org.junit.Assert.assertEquals(Assert.java:115)
	at org.junit.Assert.assertEquals(Assert.java:144)
	at org.jsecurity.realm.ldap.AbstractLdapRealmEvoSuiteTest.test3(AbstractLdapRealmEvoSuiteTest.java:81)
	at sun.reflect.NativeMethodAccessorImpl.invoke0(Native Method)
	at sun.reflect.NativeMethodAccessorImpl.invoke(NativeMethodAccessorImpl.java:62)
	at sun.reflect.DelegatingMethodAccessorImpl.invoke(DelegatingMethodAccessorImpl.java:43)
	at java.lang.reflect.Method.invoke(Method.java:498)
	at org.junit.runners.model.FrameworkMethod$1.runReflectiveCall(FrameworkMethod.java:47)
	at org.junit.internal.runners.model.ReflectiveCallable.run(ReflectiveCallable.java:12)
	at org.junit.runners.model.FrameworkMethod.invokeExplosively(FrameworkMethod.java:44)
	at org.junit.internal.runners.statements.InvokeMethod.evaluate(InvokeMethod.java:17)
	at org.junit.runners.ParentRunner.runLeaf(ParentRunner.java:271)
	at org.junit.runners.BlockJUnit4ClassRunner.runChild(BlockJUnit4ClassRunner.java:70)
	at org.junit.runners.BlockJUnit4ClassRunner.runChild(BlockJUnit4ClassRunner.java:50)
	at org.junit.runners.ParentRunner$3.run(ParentRunner.java:238)
	at org.junit.runners.ParentRunner$1.schedule(ParentRunner.java:63)
	at org.junit.runners.ParentRunner.runChildren(ParentRunner.java:236)
	at org.junit.runners.ParentRunner.access$000(ParentRunner.java:53)
	at org.junit.runners.ParentRunner$2.evaluate(ParentRunner.java:229)
	at org.junit.runners.ParentRunner.run(ParentRunner.java:309)
	at com.gzoltar.lib.instrumentation.testing.junit.a.call(Unknown Source)
	at java.util.concurrent.FutureTask.run(FutureTask.java:266)
	at java.util.concurrent.ThreadPoolExecutor.runWorker(ThreadPoolExecutor.java:1142)
	at java.util.concurrent.ThreadPoolExecutor$Worker.run(ThreadPoolExecutor.java:617)
	at java.lang.Thread.run(Thread.java:745)

* Finished org.jsecurity.realm.ldap.AbstractLdapRealmEvoSuiteTest#test3
* Started org.jsecurity.realm.ldap.AbstractLdapRealmEvoSuiteTest#test4
* Finished org.jsecurity.realm.ldap.AbstractLdapRealmEvoSuiteTest#test4
* Started org.jsecurity.realm.ldap.AbstractLdapRealmEvoSuiteTest#test5
* Finished org.jsecurity.realm.ldap.AbstractLdapRealmEvoSuiteTest#test5
* Started org.jsecurity.realm.ldap.AbstractLdapRealmEvoSuiteTest#test6
log4j:WARN No appenders could be found for logger (org.jsecurity.realm.ldap.AbstractLdapRealm).
log4j:WARN Please initialize the log4j system properly.
* Failure: expected:<...ctiveDirectoryRealm_[3]0> but was:<...ctiveDirectoryRealm_[]0> | test6(org.jsecurity.realm.ldap.AbstractLdapRealmEvoSuiteTest)
org.junit.ComparisonFailure: expected:<...ctiveDirectoryRealm_[3]0> but was:<...ctiveDirectoryRealm_[]0>
	at org.junit.Assert.assertEquals(Assert.java:115)
	at org.junit.Assert.assertEquals(Assert.java:144)
	at org.jsecurity.realm.ldap.AbstractLdapRealmEvoSuiteTest.test6(AbstractLdapRealmEvoSuiteTest.java:124)
	at sun.reflect.NativeMethodAccessorImpl.invoke0(Native Method)
	at sun.reflect.NativeMethodAccessorImpl.invoke(NativeMethodAccessorImpl.java:62)
	at sun.reflect.DelegatingMethodAccessorImpl.invoke(DelegatingMethodAccessorImpl.java:43)
	at java.lang.reflect.Method.invoke(Method.java:498)
	at org.junit.runners.model.FrameworkMethod$1.runReflectiveCall(FrameworkMethod.java:47)
	at org.junit.internal.runners.model.ReflectiveCallable.run(ReflectiveCallable.java:12)
	at org.junit.runners.model.FrameworkMethod.invokeExplosively(FrameworkMethod.java:44)
	at org.junit.internal.runners.statements.InvokeMethod.evaluate(InvokeMethod.java:17)
	at org.junit.runners.ParentRunner.runLeaf(ParentRunner.java:271)
	at org.junit.runners.BlockJUnit4ClassRunner.runChild(BlockJUnit4ClassRunner.java:70)
	at org.junit.runners.BlockJUnit4ClassRunner.runChild(BlockJUnit4ClassRunner.java:50)
	at org.junit.runners.ParentRunner$3.run(ParentRunner.java:238)
	at org.junit.runners.ParentRunner$1.schedule(ParentRunner.java:63)
	at org.junit.runners.ParentRunner.runChildren(ParentRunner.java:236)
	at org.junit.runners.ParentRunner.access$000(ParentRunner.java:53)
	at org.junit.runners.ParentRunner$2.evaluate(ParentRunner.java:229)
	at org.junit.runners.ParentRunner.run(ParentRunner.java:309)
	at com.gzoltar.lib.instrumentation.testing.junit.a.call(Unknown Source)
	at java.util.concurrent.FutureTask.run(FutureTask.java:266)
	at java.util.concurrent.ThreadPoolExecutor.runWorker(ThreadPoolExecutor.java:1142)
	at java.util.concurrent.ThreadPoolExecutor$Worker.run(ThreadPoolExecutor.java:617)
	at java.lang.Thread.run(Thread.java:745)

* Finished org.jsecurity.realm.ldap.AbstractLdapRealmEvoSuiteTest#test6
* Started org.jsecurity.realm.CachingRealmEvoSuiteTest#test0
log4j:WARN No appenders could be found for logger (org.jsecurity.realm.AuthorizingRealm).
log4j:WARN Please initialize the log4j system properly.
* Finished org.jsecurity.realm.CachingRealmEvoSuiteTest#test0
* Started org.jsecurity.realm.CachingRealmEvoSuiteTest#test1
log4j:WARN No appenders could be found for logger (org.jsecurity.realm.AuthorizingRealm).
log4j:WARN Please initialize the log4j system properly.
* Finished org.jsecurity.realm.CachingRealmEvoSuiteTest#test1
* Started org.jsecurity.realm.jndi.JndiRealmFactoryEvoSuiteTest#test0
* Finished org.jsecurity.realm.jndi.JndiRealmFactoryEvoSuiteTest#test0
* Started org.jsecurity.realm.jndi.JndiRealmFactoryEvoSuiteTest#test1
* Finished org.jsecurity.realm.jndi.JndiRealmFactoryEvoSuiteTest#test1
* Started org.jsecurity.realm.jndi.JndiRealmFactoryEvoSuiteTest#test2
log4j:WARN No appenders could be found for logger (org.jsecurity.jndi.JndiTemplate).
log4j:WARN Please initialize the log4j system properly.
* Finished org.jsecurity.realm.jndi.JndiRealmFactoryEvoSuiteTest#test2
* Started org.jsecurity.realm.jndi.JndiRealmFactoryEvoSuiteTest#test3
* Finished org.jsecurity.realm.jndi.JndiRealmFactoryEvoSuiteTest#test3
* Started org.jsecurity.realm.SimpleAccountRealmEvoSuiteTest#test0
log4j:WARN No appenders could be found for logger (org.jsecurity.realm.AuthorizingRealm).
log4j:WARN Please initialize the log4j system properly.
* Finished org.jsecurity.realm.SimpleAccountRealmEvoSuiteTest#test0
* Started org.jsecurity.realm.SimpleAccountRealmEvoSuiteTest#test1
log4j:WARN No appenders could be found for logger (org.jsecurity.realm.AuthorizingRealm).
log4j:WARN Please initialize the log4j system properly.
* Finished org.jsecurity.realm.SimpleAccountRealmEvoSuiteTest#test1
* Started org.jsecurity.realm.SimpleAccountRealmEvoSuiteTest#test2
log4j:WARN No appenders could be found for logger (org.jsecurity.realm.AuthorizingRealm).
log4j:WARN Please initialize the log4j system properly.
* Failure: expected:<....SimpleAccountRealm_[21]> but was:<....SimpleAccountRealm_[0]> | test2(org.jsecurity.realm.SimpleAccountRealmEvoSuiteTest)
org.junit.ComparisonFailure: expected:<....SimpleAccountRealm_[21]> but was:<....SimpleAccountRealm_[0]>
	at org.junit.Assert.assertEquals(Assert.java:115)
	at org.junit.Assert.assertEquals(Assert.java:144)
	at org.jsecurity.realm.SimpleAccountRealmEvoSuiteTest.test2(SimpleAccountRealmEvoSuiteTest.java:73)
	at sun.reflect.NativeMethodAccessorImpl.invoke0(Native Method)
	at sun.reflect.NativeMethodAccessorImpl.invoke(NativeMethodAccessorImpl.java:62)
	at sun.reflect.DelegatingMethodAccessorImpl.invoke(DelegatingMethodAccessorImpl.java:43)
	at java.lang.reflect.Method.invoke(Method.java:498)
	at org.junit.runners.model.FrameworkMethod$1.runReflectiveCall(FrameworkMethod.java:47)
	at org.junit.internal.runners.model.ReflectiveCallable.run(ReflectiveCallable.java:12)
	at org.junit.runners.model.FrameworkMethod.invokeExplosively(FrameworkMethod.java:44)
	at org.junit.internal.runners.statements.InvokeMethod.evaluate(InvokeMethod.java:17)
	at org.junit.runners.ParentRunner.runLeaf(ParentRunner.java:271)
	at org.junit.runners.BlockJUnit4ClassRunner.runChild(BlockJUnit4ClassRunner.java:70)
	at org.junit.runners.BlockJUnit4ClassRunner.runChild(BlockJUnit4ClassRunner.java:50)
	at org.junit.runners.ParentRunner$3.run(ParentRunner.java:238)
	at org.junit.runners.ParentRunner$1.schedule(ParentRunner.java:63)
	at org.junit.runners.ParentRunner.runChildren(ParentRunner.java:236)
	at org.junit.runners.ParentRunner.access$000(ParentRunner.java:53)
	at org.junit.runners.ParentRunner$2.evaluate(ParentRunner.java:229)
	at org.junit.runners.ParentRunner.run(ParentRunner.java:309)
	at com.gzoltar.lib.instrumentation.testing.junit.a.call(Unknown Source)
	at java.util.concurrent.FutureTask.run(FutureTask.java:266)
	at java.util.concurrent.ThreadPoolExecutor.runWorker(ThreadPoolExecutor.java:1142)
	at java.util.concurrent.ThreadPoolExecutor$Worker.run(ThreadPoolExecutor.java:617)
	at java.lang.Thread.run(Thread.java:745)

* Finished org.jsecurity.realm.SimpleAccountRealmEvoSuiteTest#test2
* Started org.jsecurity.realm.SimpleAccountRealmEvoSuiteTest#test3
log4j:WARN No appenders could be found for logger (org.jsecurity.realm.AuthorizingRealm).
log4j:WARN Please initialize the log4j system properly.
* Failure: expected:<....SimpleAccountRealm_[27]> but was:<....SimpleAccountRealm_[0]> | test3(org.jsecurity.realm.SimpleAccountRealmEvoSuiteTest)
org.junit.ComparisonFailure: expected:<....SimpleAccountRealm_[27]> but was:<....SimpleAccountRealm_[0]>
	at org.junit.Assert.assertEquals(Assert.java:115)
	at org.junit.Assert.assertEquals(Assert.java:144)
	at org.jsecurity.realm.SimpleAccountRealmEvoSuiteTest.test3(SimpleAccountRealmEvoSuiteTest.java:93)
	at sun.reflect.NativeMethodAccessorImpl.invoke0(Native Method)
	at sun.reflect.NativeMethodAccessorImpl.invoke(NativeMethodAccessorImpl.java:62)
	at sun.reflect.DelegatingMethodAccessorImpl.invoke(DelegatingMethodAccessorImpl.java:43)
	at java.lang.reflect.Method.invoke(Method.java:498)
	at org.junit.runners.model.FrameworkMethod$1.runReflectiveCall(FrameworkMethod.java:47)
	at org.junit.internal.runners.model.ReflectiveCallable.run(ReflectiveCallable.java:12)
	at org.junit.runners.model.FrameworkMethod.invokeExplosively(FrameworkMethod.java:44)
	at org.junit.internal.runners.statements.InvokeMethod.evaluate(InvokeMethod.java:17)
	at org.junit.runners.ParentRunner.runLeaf(ParentRunner.java:271)
	at org.junit.runners.BlockJUnit4ClassRunner.runChild(BlockJUnit4ClassRunner.java:70)
	at org.junit.runners.BlockJUnit4ClassRunner.runChild(BlockJUnit4ClassRunner.java:50)
	at org.junit.runners.ParentRunner$3.run(ParentRunner.java:238)
	at org.junit.runners.ParentRunner$1.schedule(ParentRunner.java:63)
	at org.junit.runners.ParentRunner.runChildren(ParentRunner.java:236)
	at org.junit.runners.ParentRunner.access$000(ParentRunner.java:53)
	at org.junit.runners.ParentRunner$2.evaluate(ParentRunner.java:229)
	at org.junit.runners.ParentRunner.run(ParentRunner.java:309)
	at com.gzoltar.lib.instrumentation.testing.junit.a.call(Unknown Source)
	at java.util.concurrent.FutureTask.run(FutureTask.java:266)
	at java.util.concurrent.ThreadPoolExecutor.runWorker(ThreadPoolExecutor.java:1142)
	at java.util.concurrent.ThreadPoolExecutor$Worker.run(ThreadPoolExecutor.java:617)
	at java.lang.Thread.run(Thread.java:745)

* Finished org.jsecurity.realm.SimpleAccountRealmEvoSuiteTest#test3
* Started org.jsecurity.realm.SimpleAccountRealmEvoSuiteTest#test4
log4j:WARN No appenders could be found for logger (org.jsecurity.realm.AuthorizingRealm).
log4j:WARN Please initialize the log4j system properly.
* Failure: expected:<....SimpleAccountRealm_[55]> but was:<....SimpleAccountRealm_[0]> | test4(org.jsecurity.realm.SimpleAccountRealmEvoSuiteTest)
org.junit.ComparisonFailure: expected:<....SimpleAccountRealm_[55]> but was:<....SimpleAccountRealm_[0]>
	at org.junit.Assert.assertEquals(Assert.java:115)
	at org.junit.Assert.assertEquals(Assert.java:144)
	at org.jsecurity.realm.SimpleAccountRealmEvoSuiteTest.test4(SimpleAccountRealmEvoSuiteTest.java:109)
	at sun.reflect.NativeMethodAccessorImpl.invoke0(Native Method)
	at sun.reflect.NativeMethodAccessorImpl.invoke(NativeMethodAccessorImpl.java:62)
	at sun.reflect.DelegatingMethodAccessorImpl.invoke(DelegatingMethodAccessorImpl.java:43)
	at java.lang.reflect.Method.invoke(Method.java:498)
	at org.junit.runners.model.FrameworkMethod$1.runReflectiveCall(FrameworkMethod.java:47)
	at org.junit.internal.runners.model.ReflectiveCallable.run(ReflectiveCallable.java:12)
	at org.junit.runners.model.FrameworkMethod.invokeExplosively(FrameworkMethod.java:44)
	at org.junit.internal.runners.statements.InvokeMethod.evaluate(InvokeMethod.java:17)
	at org.junit.runners.ParentRunner.runLeaf(ParentRunner.java:271)
	at org.junit.runners.BlockJUnit4ClassRunner.runChild(BlockJUnit4ClassRunner.java:70)
	at org.junit.runners.BlockJUnit4ClassRunner.runChild(BlockJUnit4ClassRunner.java:50)
	at org.junit.runners.ParentRunner$3.run(ParentRunner.java:238)
	at org.junit.runners.ParentRunner$1.schedule(ParentRunner.java:63)
	at org.junit.runners.ParentRunner.runChildren(ParentRunner.java:236)
	at org.junit.runners.ParentRunner.access$000(ParentRunner.java:53)
	at org.junit.runners.ParentRunner$2.evaluate(ParentRunner.java:229)
	at org.junit.runners.ParentRunner.run(ParentRunner.java:309)
	at com.gzoltar.lib.instrumentation.testing.junit.a.call(Unknown Source)
	at java.util.concurrent.FutureTask.run(FutureTask.java:266)
	at java.util.concurrent.ThreadPoolExecutor.runWorker(ThreadPoolExecutor.java:1142)
	at java.util.concurrent.ThreadPoolExecutor$Worker.run(ThreadPoolExecutor.java:617)
	at java.lang.Thread.run(Thread.java:745)

* Finished org.jsecurity.realm.SimpleAccountRealmEvoSuiteTest#test4
* Started org.jsecurity.realm.SimpleAccountRealmEvoSuiteTest#test5
log4j:WARN No appenders could be found for logger (org.jsecurity.realm.AuthorizingRealm).
log4j:WARN Please initialize the log4j system properly.
* Failure: expected:<....SimpleAccountRealm_[67]> but was:<....SimpleAccountRealm_[0]> | test5(org.jsecurity.realm.SimpleAccountRealmEvoSuiteTest)
org.junit.ComparisonFailure: expected:<....SimpleAccountRealm_[67]> but was:<....SimpleAccountRealm_[0]>
	at org.junit.Assert.assertEquals(Assert.java:115)
	at org.junit.Assert.assertEquals(Assert.java:144)
	at org.jsecurity.realm.SimpleAccountRealmEvoSuiteTest.test5(SimpleAccountRealmEvoSuiteTest.java:133)
	at sun.reflect.NativeMethodAccessorImpl.invoke0(Native Method)
	at sun.reflect.NativeMethodAccessorImpl.invoke(NativeMethodAccessorImpl.java:62)
	at sun.reflect.DelegatingMethodAccessorImpl.invoke(DelegatingMethodAccessorImpl.java:43)
	at java.lang.reflect.Method.invoke(Method.java:498)
	at org.junit.runners.model.FrameworkMethod$1.runReflectiveCall(FrameworkMethod.java:47)
	at org.junit.internal.runners.model.ReflectiveCallable.run(ReflectiveCallable.java:12)
	at org.junit.runners.model.FrameworkMethod.invokeExplosively(FrameworkMethod.java:44)
	at org.junit.internal.runners.statements.InvokeMethod.evaluate(InvokeMethod.java:17)
	at org.junit.runners.ParentRunner.runLeaf(ParentRunner.java:271)
	at org.junit.runners.BlockJUnit4ClassRunner.runChild(BlockJUnit4ClassRunner.java:70)
	at org.junit.runners.BlockJUnit4ClassRunner.runChild(BlockJUnit4ClassRunner.java:50)
	at org.junit.runners.ParentRunner$3.run(ParentRunner.java:238)
	at org.junit.runners.ParentRunner$1.schedule(ParentRunner.java:63)
	at org.junit.runners.ParentRunner.runChildren(ParentRunner.java:236)
	at org.junit.runners.ParentRunner.access$000(ParentRunner.java:53)
	at org.junit.runners.ParentRunner$2.evaluate(ParentRunner.java:229)
	at org.junit.runners.ParentRunner.run(ParentRunner.java:309)
	at com.gzoltar.lib.instrumentation.testing.junit.a.call(Unknown Source)
	at java.util.concurrent.FutureTask.run(FutureTask.java:266)
	at java.util.concurrent.ThreadPoolExecutor.runWorker(ThreadPoolExecutor.java:1142)
	at java.util.concurrent.ThreadPoolExecutor$Worker.run(ThreadPoolExecutor.java:617)
	at java.lang.Thread.run(Thread.java:745)

* Finished org.jsecurity.realm.SimpleAccountRealmEvoSuiteTest#test5
* Started org.jsecurity.realm.SimpleAccountRealmEvoSuiteTest#test6
* Finished org.jsecurity.realm.SimpleAccountRealmEvoSuiteTest#test6
* Started org.jsecurity.realm.SimpleAccountRealmEvoSuiteTest#test7
* Finished org.jsecurity.realm.SimpleAccountRealmEvoSuiteTest#test7
* Started org.jsecurity.realm.SimpleAccountRealmEvoSuiteTest#test8
* Finished org.jsecurity.realm.SimpleAccountRealmEvoSuiteTest#test8
* Started org.jsecurity.realm.jdbc.JdbcRealmEvoSuiteTest#test10
* Failure: expected:<...ealm.jdbc.JdbcRealm_[68]> but was:<...ealm.jdbc.JdbcRealm_[0]> | test10(org.jsecurity.realm.jdbc.JdbcRealmEvoSuiteTest)
org.junit.ComparisonFailure: expected:<...ealm.jdbc.JdbcRealm_[68]> but was:<...ealm.jdbc.JdbcRealm_[0]>
	at org.junit.Assert.assertEquals(Assert.java:115)
	at org.junit.Assert.assertEquals(Assert.java:144)
	at org.jsecurity.realm.jdbc.JdbcRealmEvoSuiteTest.test10(JdbcRealmEvoSuiteTest.java:188)
	at sun.reflect.NativeMethodAccessorImpl.invoke0(Native Method)
	at sun.reflect.NativeMethodAccessorImpl.invoke(NativeMethodAccessorImpl.java:62)
	at sun.reflect.DelegatingMethodAccessorImpl.invoke(DelegatingMethodAccessorImpl.java:43)
	at java.lang.reflect.Method.invoke(Method.java:498)
	at org.junit.runners.model.FrameworkMethod$1.runReflectiveCall(FrameworkMethod.java:47)
	at org.junit.internal.runners.model.ReflectiveCallable.run(ReflectiveCallable.java:12)
	at org.junit.runners.model.FrameworkMethod.invokeExplosively(FrameworkMethod.java:44)
	at org.junit.internal.runners.statements.InvokeMethod.evaluate(InvokeMethod.java:17)
	at org.junit.runners.ParentRunner.runLeaf(ParentRunner.java:271)
	at org.junit.runners.BlockJUnit4ClassRunner.runChild(BlockJUnit4ClassRunner.java:70)
	at org.junit.runners.BlockJUnit4ClassRunner.runChild(BlockJUnit4ClassRunner.java:50)
	at org.junit.runners.ParentRunner$3.run(ParentRunner.java:238)
	at org.junit.runners.ParentRunner$1.schedule(ParentRunner.java:63)
	at org.junit.runners.ParentRunner.runChildren(ParentRunner.java:236)
	at org.junit.runners.ParentRunner.access$000(ParentRunner.java:53)
	at org.junit.runners.ParentRunner$2.evaluate(ParentRunner.java:229)
	at org.junit.runners.ParentRunner.run(ParentRunner.java:309)
	at com.gzoltar.lib.instrumentation.testing.junit.a.call(Unknown Source)
	at java.util.concurrent.FutureTask.run(FutureTask.java:266)
	at java.util.concurrent.ThreadPoolExecutor.runWorker(ThreadPoolExecutor.java:1142)
	at java.util.concurrent.ThreadPoolExecutor$Worker.run(ThreadPoolExecutor.java:617)
	at java.lang.Thread.run(Thread.java:745)

* Finished org.jsecurity.realm.jdbc.JdbcRealmEvoSuiteTest#test10
* Started org.jsecurity.realm.jdbc.JdbcRealmEvoSuiteTest#test11
* Finished org.jsecurity.realm.jdbc.JdbcRealmEvoSuiteTest#test11
* Started org.jsecurity.realm.jdbc.JdbcRealmEvoSuiteTest#test0
* Finished org.jsecurity.realm.jdbc.JdbcRealmEvoSuiteTest#test0
* Started org.jsecurity.realm.jdbc.JdbcRealmEvoSuiteTest#test1
* Failure: expected:<...ealm.jdbc.JdbcRealm_[5]> but was:<...ealm.jdbc.JdbcRealm_[0]> | test1(org.jsecurity.realm.jdbc.JdbcRealmEvoSuiteTest)
org.junit.ComparisonFailure: expected:<...ealm.jdbc.JdbcRealm_[5]> but was:<...ealm.jdbc.JdbcRealm_[0]>
	at org.junit.Assert.assertEquals(Assert.java:115)
	at org.junit.Assert.assertEquals(Assert.java:144)
	at org.jsecurity.realm.jdbc.JdbcRealmEvoSuiteTest.test1(JdbcRealmEvoSuiteTest.java:52)
	at sun.reflect.NativeMethodAccessorImpl.invoke0(Native Method)
	at sun.reflect.NativeMethodAccessorImpl.invoke(NativeMethodAccessorImpl.java:62)
	at sun.reflect.DelegatingMethodAccessorImpl.invoke(DelegatingMethodAccessorImpl.java:43)
	at java.lang.reflect.Method.invoke(Method.java:498)
	at org.junit.runners.model.FrameworkMethod$1.runReflectiveCall(FrameworkMethod.java:47)
	at org.junit.internal.runners.model.ReflectiveCallable.run(ReflectiveCallable.java:12)
	at org.junit.runners.model.FrameworkMethod.invokeExplosively(FrameworkMethod.java:44)
	at org.junit.internal.runners.statements.InvokeMethod.evaluate(InvokeMethod.java:17)
	at org.junit.runners.ParentRunner.runLeaf(ParentRunner.java:271)
	at org.junit.runners.BlockJUnit4ClassRunner.runChild(BlockJUnit4ClassRunner.java:70)
	at org.junit.runners.BlockJUnit4ClassRunner.runChild(BlockJUnit4ClassRunner.java:50)
	at org.junit.runners.ParentRunner$3.run(ParentRunner.java:238)
	at org.junit.runners.ParentRunner$1.schedule(ParentRunner.java:63)
	at org.junit.runners.ParentRunner.runChildren(ParentRunner.java:236)
	at org.junit.runners.ParentRunner.access$000(ParentRunner.java:53)
	at org.junit.runners.ParentRunner$2.evaluate(ParentRunner.java:229)
	at org.junit.runners.ParentRunner.run(ParentRunner.java:309)
	at com.gzoltar.lib.instrumentation.testing.junit.a.call(Unknown Source)
	at java.util.concurrent.FutureTask.run(FutureTask.java:266)
	at java.util.concurrent.ThreadPoolExecutor.runWorker(ThreadPoolExecutor.java:1142)
	at java.util.concurrent.ThreadPoolExecutor$Worker.run(ThreadPoolExecutor.java:617)
	at java.lang.Thread.run(Thread.java:745)

* Finished org.jsecurity.realm.jdbc.JdbcRealmEvoSuiteTest#test1
* Started org.jsecurity.realm.jdbc.JdbcRealmEvoSuiteTest#test2
* Failure: expected:<...ealm.jdbc.JdbcRealm_[13]> but was:<...ealm.jdbc.JdbcRealm_[0]> | test2(org.jsecurity.realm.jdbc.JdbcRealmEvoSuiteTest)
org.junit.ComparisonFailure: expected:<...ealm.jdbc.JdbcRealm_[13]> but was:<...ealm.jdbc.JdbcRealm_[0]>
	at org.junit.Assert.assertEquals(Assert.java:115)
	at org.junit.Assert.assertEquals(Assert.java:144)
	at org.jsecurity.realm.jdbc.JdbcRealmEvoSuiteTest.test2(JdbcRealmEvoSuiteTest.java:64)
	at sun.reflect.NativeMethodAccessorImpl.invoke0(Native Method)
	at sun.reflect.NativeMethodAccessorImpl.invoke(NativeMethodAccessorImpl.java:62)
	at sun.reflect.DelegatingMethodAccessorImpl.invoke(DelegatingMethodAccessorImpl.java:43)
	at java.lang.reflect.Method.invoke(Method.java:498)
	at org.junit.runners.model.FrameworkMethod$1.runReflectiveCall(FrameworkMethod.java:47)
	at org.junit.internal.runners.model.ReflectiveCallable.run(ReflectiveCallable.java:12)
	at org.junit.runners.model.FrameworkMethod.invokeExplosively(FrameworkMethod.java:44)
	at org.junit.internal.runners.statements.InvokeMethod.evaluate(InvokeMethod.java:17)
	at org.junit.runners.ParentRunner.runLeaf(ParentRunner.java:271)
	at org.junit.runners.BlockJUnit4ClassRunner.runChild(BlockJUnit4ClassRunner.java:70)
	at org.junit.runners.BlockJUnit4ClassRunner.runChild(BlockJUnit4ClassRunner.java:50)
	at org.junit.runners.ParentRunner$3.run(ParentRunner.java:238)
	at org.junit.runners.ParentRunner$1.schedule(ParentRunner.java:63)
	at org.junit.runners.ParentRunner.runChildren(ParentRunner.java:236)
	at org.junit.runners.ParentRunner.access$000(ParentRunner.java:53)
	at org.junit.runners.ParentRunner$2.evaluate(ParentRunner.java:229)
	at org.junit.runners.ParentRunner.run(ParentRunner.java:309)
	at com.gzoltar.lib.instrumentation.testing.junit.a.call(Unknown Source)
	at java.util.concurrent.FutureTask.run(FutureTask.java:266)
	at java.util.concurrent.ThreadPoolExecutor.runWorker(ThreadPoolExecutor.java:1142)
	at java.util.concurrent.ThreadPoolExecutor$Worker.run(ThreadPoolExecutor.java:617)
	at java.lang.Thread.run(Thread.java:745)

* Finished org.jsecurity.realm.jdbc.JdbcRealmEvoSuiteTest#test2
* Started org.jsecurity.realm.jdbc.JdbcRealmEvoSuiteTest#test3
* Failure: expected:<...ealm.jdbc.JdbcRealm_[18]> but was:<...ealm.jdbc.JdbcRealm_[0]> | test3(org.jsecurity.realm.jdbc.JdbcRealmEvoSuiteTest)
org.junit.ComparisonFailure: expected:<...ealm.jdbc.JdbcRealm_[18]> but was:<...ealm.jdbc.JdbcRealm_[0]>
	at org.junit.Assert.assertEquals(Assert.java:115)
	at org.junit.Assert.assertEquals(Assert.java:144)
	at org.jsecurity.realm.jdbc.JdbcRealmEvoSuiteTest.test3(JdbcRealmEvoSuiteTest.java:77)
	at sun.reflect.NativeMethodAccessorImpl.invoke0(Native Method)
	at sun.reflect.NativeMethodAccessorImpl.invoke(NativeMethodAccessorImpl.java:62)
	at sun.reflect.DelegatingMethodAccessorImpl.invoke(DelegatingMethodAccessorImpl.java:43)
	at java.lang.reflect.Method.invoke(Method.java:498)
	at org.junit.runners.model.FrameworkMethod$1.runReflectiveCall(FrameworkMethod.java:47)
	at org.junit.internal.runners.model.ReflectiveCallable.run(ReflectiveCallable.java:12)
	at org.junit.runners.model.FrameworkMethod.invokeExplosively(FrameworkMethod.java:44)
	at org.junit.internal.runners.statements.InvokeMethod.evaluate(InvokeMethod.java:17)
	at org.junit.runners.ParentRunner.runLeaf(ParentRunner.java:271)
	at org.junit.runners.BlockJUnit4ClassRunner.runChild(BlockJUnit4ClassRunner.java:70)
	at org.junit.runners.BlockJUnit4ClassRunner.runChild(BlockJUnit4ClassRunner.java:50)
	at org.junit.runners.ParentRunner$3.run(ParentRunner.java:238)
	at org.junit.runners.ParentRunner$1.schedule(ParentRunner.java:63)
	at org.junit.runners.ParentRunner.runChildren(ParentRunner.java:236)
	at org.junit.runners.ParentRunner.access$000(ParentRunner.java:53)
	at org.junit.runners.ParentRunner$2.evaluate(ParentRunner.java:229)
	at org.junit.runners.ParentRunner.run(ParentRunner.java:309)
	at com.gzoltar.lib.instrumentation.testing.junit.a.call(Unknown Source)
	at java.util.concurrent.FutureTask.run(FutureTask.java:266)
	at java.util.concurrent.ThreadPoolExecutor.runWorker(ThreadPoolExecutor.java:1142)
	at java.util.concurrent.ThreadPoolExecutor$Worker.run(ThreadPoolExecutor.java:617)
	at java.lang.Thread.run(Thread.java:745)

* Finished org.jsecurity.realm.jdbc.JdbcRealmEvoSuiteTest#test3
* Started org.jsecurity.realm.jdbc.JdbcRealmEvoSuiteTest#test4
* Failure: expected:<...ealm.jdbc.JdbcRealm_[24]> but was:<...ealm.jdbc.JdbcRealm_[0]> | test4(org.jsecurity.realm.jdbc.JdbcRealmEvoSuiteTest)
org.junit.ComparisonFailure: expected:<...ealm.jdbc.JdbcRealm_[24]> but was:<...ealm.jdbc.JdbcRealm_[0]>
	at org.junit.Assert.assertEquals(Assert.java:115)
	at org.junit.Assert.assertEquals(Assert.java:144)
	at org.jsecurity.realm.jdbc.JdbcRealmEvoSuiteTest.test4(JdbcRealmEvoSuiteTest.java:89)
	at sun.reflect.NativeMethodAccessorImpl.invoke0(Native Method)
	at sun.reflect.NativeMethodAccessorImpl.invoke(NativeMethodAccessorImpl.java:62)
	at sun.reflect.DelegatingMethodAccessorImpl.invoke(DelegatingMethodAccessorImpl.java:43)
	at java.lang.reflect.Method.invoke(Method.java:498)
	at org.junit.runners.model.FrameworkMethod$1.runReflectiveCall(FrameworkMethod.java:47)
	at org.junit.internal.runners.model.ReflectiveCallable.run(ReflectiveCallable.java:12)
	at org.junit.runners.model.FrameworkMethod.invokeExplosively(FrameworkMethod.java:44)
	at org.junit.internal.runners.statements.InvokeMethod.evaluate(InvokeMethod.java:17)
	at org.junit.runners.ParentRunner.runLeaf(ParentRunner.java:271)
	at org.junit.runners.BlockJUnit4ClassRunner.runChild(BlockJUnit4ClassRunner.java:70)
	at org.junit.runners.BlockJUnit4ClassRunner.runChild(BlockJUnit4ClassRunner.java:50)
	at org.junit.runners.ParentRunner$3.run(ParentRunner.java:238)
	at org.junit.runners.ParentRunner$1.schedule(ParentRunner.java:63)
	at org.junit.runners.ParentRunner.runChildren(ParentRunner.java:236)
	at org.junit.runners.ParentRunner.access$000(ParentRunner.java:53)
	at org.junit.runners.ParentRunner$2.evaluate(ParentRunner.java:229)
	at org.junit.runners.ParentRunner.run(ParentRunner.java:309)
	at com.gzoltar.lib.instrumentation.testing.junit.a.call(Unknown Source)
	at java.util.concurrent.FutureTask.run(FutureTask.java:266)
	at java.util.concurrent.ThreadPoolExecutor.runWorker(ThreadPoolExecutor.java:1142)
	at java.util.concurrent.ThreadPoolExecutor$Worker.run(ThreadPoolExecutor.java:617)
	at java.lang.Thread.run(Thread.java:745)

* Finished org.jsecurity.realm.jdbc.JdbcRealmEvoSuiteTest#test4
* Started org.jsecurity.realm.jdbc.JdbcRealmEvoSuiteTest#test5
* Failure: expected:<...ealm.jdbc.JdbcRealm_[29]> but was:<...ealm.jdbc.JdbcRealm_[0]> | test5(org.jsecurity.realm.jdbc.JdbcRealmEvoSuiteTest)
org.junit.ComparisonFailure: expected:<...ealm.jdbc.JdbcRealm_[29]> but was:<...ealm.jdbc.JdbcRealm_[0]>
	at org.junit.Assert.assertEquals(Assert.java:115)
	at org.junit.Assert.assertEquals(Assert.java:144)
	at org.jsecurity.realm.jdbc.JdbcRealmEvoSuiteTest.test5(JdbcRealmEvoSuiteTest.java:101)
	at sun.reflect.NativeMethodAccessorImpl.invoke0(Native Method)
	at sun.reflect.NativeMethodAccessorImpl.invoke(NativeMethodAccessorImpl.java:62)
	at sun.reflect.DelegatingMethodAccessorImpl.invoke(DelegatingMethodAccessorImpl.java:43)
	at java.lang.reflect.Method.invoke(Method.java:498)
	at org.junit.runners.model.FrameworkMethod$1.runReflectiveCall(FrameworkMethod.java:47)
	at org.junit.internal.runners.model.ReflectiveCallable.run(ReflectiveCallable.java:12)
	at org.junit.runners.model.FrameworkMethod.invokeExplosively(FrameworkMethod.java:44)
	at org.junit.internal.runners.statements.InvokeMethod.evaluate(InvokeMethod.java:17)
	at org.junit.runners.ParentRunner.runLeaf(ParentRunner.java:271)
	at org.junit.runners.BlockJUnit4ClassRunner.runChild(BlockJUnit4ClassRunner.java:70)
	at org.junit.runners.BlockJUnit4ClassRunner.runChild(BlockJUnit4ClassRunner.java:50)
	at org.junit.runners.ParentRunner$3.run(ParentRunner.java:238)
	at org.junit.runners.ParentRunner$1.schedule(ParentRunner.java:63)
	at org.junit.runners.ParentRunner.runChildren(ParentRunner.java:236)
	at org.junit.runners.ParentRunner.access$000(ParentRunner.java:53)
	at org.junit.runners.ParentRunner$2.evaluate(ParentRunner.java:229)
	at org.junit.runners.ParentRunner.run(ParentRunner.java:309)
	at com.gzoltar.lib.instrumentation.testing.junit.a.call(Unknown Source)
	at java.util.concurrent.FutureTask.run(FutureTask.java:266)
	at java.util.concurrent.ThreadPoolExecutor.runWorker(ThreadPoolExecutor.java:1142)
	at java.util.concurrent.ThreadPoolExecutor$Worker.run(ThreadPoolExecutor.java:617)
	at java.lang.Thread.run(Thread.java:745)

* Finished org.jsecurity.realm.jdbc.JdbcRealmEvoSuiteTest#test5
* Started org.jsecurity.realm.jdbc.JdbcRealmEvoSuiteTest#test6
* Finished org.jsecurity.realm.jdbc.JdbcRealmEvoSuiteTest#test6
* Started org.jsecurity.realm.jdbc.JdbcRealmEvoSuiteTest#test7
* Finished org.jsecurity.realm.jdbc.JdbcRealmEvoSuiteTest#test7
* Started org.jsecurity.realm.jdbc.JdbcRealmEvoSuiteTest#test8
* Finished org.jsecurity.realm.jdbc.JdbcRealmEvoSuiteTest#test8
* Started org.jsecurity.realm.jdbc.JdbcRealmEvoSuiteTest#test9
* Finished org.jsecurity.realm.jdbc.JdbcRealmEvoSuiteTest#test9
* Started org.jsecurity.realm.text.PropertiesRealmEvoSuiteTest#test0
log4j:WARN No appenders could be found for logger (org.jsecurity.realm.AuthorizingRealm).
log4j:WARN Please initialize the log4j system properly.
* Finished org.jsecurity.realm.text.PropertiesRealmEvoSuiteTest#test0
* Started org.jsecurity.realm.text.PropertiesRealmEvoSuiteTest#test1
log4j:WARN No appenders could be found for logger (org.jsecurity.realm.AuthorizingRealm).
log4j:WARN Please initialize the log4j system properly.
* Failure: expected:<...ext.PropertiesRealm_[12]> but was:<...ext.PropertiesRealm_[0]> | test1(org.jsecurity.realm.text.PropertiesRealmEvoSuiteTest)
org.junit.ComparisonFailure: expected:<...ext.PropertiesRealm_[12]> but was:<...ext.PropertiesRealm_[0]>
	at org.junit.Assert.assertEquals(Assert.java:115)
	at org.junit.Assert.assertEquals(Assert.java:144)
	at org.jsecurity.realm.text.PropertiesRealmEvoSuiteTest.test1(PropertiesRealmEvoSuiteTest.java:65)
	at sun.reflect.NativeMethodAccessorImpl.invoke0(Native Method)
	at sun.reflect.NativeMethodAccessorImpl.invoke(NativeMethodAccessorImpl.java:62)
	at sun.reflect.DelegatingMethodAccessorImpl.invoke(DelegatingMethodAccessorImpl.java:43)
	at java.lang.reflect.Method.invoke(Method.java:498)
	at org.junit.runners.model.FrameworkMethod$1.runReflectiveCall(FrameworkMethod.java:47)
	at org.junit.internal.runners.model.ReflectiveCallable.run(ReflectiveCallable.java:12)
	at org.junit.runners.model.FrameworkMethod.invokeExplosively(FrameworkMethod.java:44)
	at org.junit.internal.runners.statements.InvokeMethod.evaluate(InvokeMethod.java:17)
	at org.junit.runners.ParentRunner.runLeaf(ParentRunner.java:271)
	at org.junit.runners.BlockJUnit4ClassRunner.runChild(BlockJUnit4ClassRunner.java:70)
	at org.junit.runners.BlockJUnit4ClassRunner.runChild(BlockJUnit4ClassRunner.java:50)
	at org.junit.runners.ParentRunner$3.run(ParentRunner.java:238)
	at org.junit.runners.ParentRunner$1.schedule(ParentRunner.java:63)
	at org.junit.runners.ParentRunner.runChildren(ParentRunner.java:236)
	at org.junit.runners.ParentRunner.access$000(ParentRunner.java:53)
	at org.junit.runners.ParentRunner$2.evaluate(ParentRunner.java:229)
	at org.junit.runners.ParentRunner.run(ParentRunner.java:309)
	at com.gzoltar.lib.instrumentation.testing.junit.a.call(Unknown Source)
	at java.util.concurrent.FutureTask.run(FutureTask.java:266)
	at java.util.concurrent.ThreadPoolExecutor.runWorker(ThreadPoolExecutor.java:1142)
	at java.util.concurrent.ThreadPoolExecutor$Worker.run(ThreadPoolExecutor.java:617)
	at java.lang.Thread.run(Thread.java:745)

* Finished org.jsecurity.realm.text.PropertiesRealmEvoSuiteTest#test1
* Started org.jsecurity.realm.text.PropertiesRealmEvoSuiteTest#test2
log4j:WARN No appenders could be found for logger (org.jsecurity.realm.AuthorizingRealm).
log4j:WARN Please initialize the log4j system properly.
* Finished org.jsecurity.realm.text.PropertiesRealmEvoSuiteTest#test2
* Started org.jsecurity.realm.text.PropertiesRealmEvoSuiteTest#test3
log4j:WARN No appenders could be found for logger (org.jsecurity.realm.AuthorizingRealm).
log4j:WARN Please initialize the log4j system properly.
* Failure: expected:<...ext.PropertiesRealm_[123]> but was:<...ext.PropertiesRealm_[0]> | test3(org.jsecurity.realm.text.PropertiesRealmEvoSuiteTest)
org.junit.ComparisonFailure: expected:<...ext.PropertiesRealm_[123]> but was:<...ext.PropertiesRealm_[0]>
	at org.junit.Assert.assertEquals(Assert.java:115)
	at org.junit.Assert.assertEquals(Assert.java:144)
	at org.jsecurity.realm.text.PropertiesRealmEvoSuiteTest.test3(PropertiesRealmEvoSuiteTest.java:95)
	at sun.reflect.NativeMethodAccessorImpl.invoke0(Native Method)
	at sun.reflect.NativeMethodAccessorImpl.invoke(NativeMethodAccessorImpl.java:62)
	at sun.reflect.DelegatingMethodAccessorImpl.invoke(DelegatingMethodAccessorImpl.java:43)
	at java.lang.reflect.Method.invoke(Method.java:498)
	at org.junit.runners.model.FrameworkMethod$1.runReflectiveCall(FrameworkMethod.java:47)
	at org.junit.internal.runners.model.ReflectiveCallable.run(ReflectiveCallable.java:12)
	at org.junit.runners.model.FrameworkMethod.invokeExplosively(FrameworkMethod.java:44)
	at org.junit.internal.runners.statements.InvokeMethod.evaluate(InvokeMethod.java:17)
	at org.junit.runners.ParentRunner.runLeaf(ParentRunner.java:271)
	at org.junit.runners.BlockJUnit4ClassRunner.runChild(BlockJUnit4ClassRunner.java:70)
	at org.junit.runners.BlockJUnit4ClassRunner.runChild(BlockJUnit4ClassRunner.java:50)
	at org.junit.runners.ParentRunner$3.run(ParentRunner.java:238)
	at org.junit.runners.ParentRunner$1.schedule(ParentRunner.java:63)
	at org.junit.runners.ParentRunner.runChildren(ParentRunner.java:236)
	at org.junit.runners.ParentRunner.access$000(ParentRunner.java:53)
	at org.junit.runners.ParentRunner$2.evaluate(ParentRunner.java:229)
	at org.junit.runners.ParentRunner.run(ParentRunner.java:309)
	at com.gzoltar.lib.instrumentation.testing.junit.a.call(Unknown Source)
	at java.util.concurrent.FutureTask.run(FutureTask.java:266)
	at java.util.concurrent.ThreadPoolExecutor.runWorker(ThreadPoolExecutor.java:1142)
	at java.util.concurrent.ThreadPoolExecutor$Worker.run(ThreadPoolExecutor.java:617)
	at java.lang.Thread.run(Thread.java:745)

* Finished org.jsecurity.realm.text.PropertiesRealmEvoSuiteTest#test3
* Started org.jsecurity.realm.text.PropertiesRealmEvoSuiteTest#test4
log4j:WARN No appenders could be found for logger (org.jsecurity.realm.AuthorizingRealm).
log4j:WARN Please initialize the log4j system properly.
* Failure: expected:<...ext.PropertiesRealm_[134]> but was:<...ext.PropertiesRealm_[0]> | test4(org.jsecurity.realm.text.PropertiesRealmEvoSuiteTest)
org.junit.ComparisonFailure: expected:<...ext.PropertiesRealm_[134]> but was:<...ext.PropertiesRealm_[0]>
	at org.junit.Assert.assertEquals(Assert.java:115)
	at org.junit.Assert.assertEquals(Assert.java:144)
	at org.jsecurity.realm.text.PropertiesRealmEvoSuiteTest.test4(PropertiesRealmEvoSuiteTest.java:107)
	at sun.reflect.NativeMethodAccessorImpl.invoke0(Native Method)
	at sun.reflect.NativeMethodAccessorImpl.invoke(NativeMethodAccessorImpl.java:62)
	at sun.reflect.DelegatingMethodAccessorImpl.invoke(DelegatingMethodAccessorImpl.java:43)
	at java.lang.reflect.Method.invoke(Method.java:498)
	at org.junit.runners.model.FrameworkMethod$1.runReflectiveCall(FrameworkMethod.java:47)
	at org.junit.internal.runners.model.ReflectiveCallable.run(ReflectiveCallable.java:12)
	at org.junit.runners.model.FrameworkMethod.invokeExplosively(FrameworkMethod.java:44)
	at org.junit.internal.runners.statements.InvokeMethod.evaluate(InvokeMethod.java:17)
	at org.junit.runners.ParentRunner.runLeaf(ParentRunner.java:271)
	at org.junit.runners.BlockJUnit4ClassRunner.runChild(BlockJUnit4ClassRunner.java:70)
	at org.junit.runners.BlockJUnit4ClassRunner.runChild(BlockJUnit4ClassRunner.java:50)
	at org.junit.runners.ParentRunner$3.run(ParentRunner.java:238)
	at org.junit.runners.ParentRunner$1.schedule(ParentRunner.java:63)
	at org.junit.runners.ParentRunner.runChildren(ParentRunner.java:236)
	at org.junit.runners.ParentRunner.access$000(ParentRunner.java:53)
	at org.junit.runners.ParentRunner$2.evaluate(ParentRunner.java:229)
	at org.junit.runners.ParentRunner.run(ParentRunner.java:309)
	at com.gzoltar.lib.instrumentation.testing.junit.a.call(Unknown Source)
	at java.util.concurrent.FutureTask.run(FutureTask.java:266)
	at java.util.concurrent.ThreadPoolExecutor.runWorker(ThreadPoolExecutor.java:1142)
	at java.util.concurrent.ThreadPoolExecutor$Worker.run(ThreadPoolExecutor.java:617)
	at java.lang.Thread.run(Thread.java:745)

* Finished org.jsecurity.realm.text.PropertiesRealmEvoSuiteTest#test4
* Started org.jsecurity.realm.text.PropertiesRealmEvoSuiteTest#test5
log4j:WARN No appenders could be found for logger (org.jsecurity.realm.AuthorizingRealm).
log4j:WARN Please initialize the log4j system properly.
* Failure: expected:<...ext.PropertiesRealm_[162]> but was:<...ext.PropertiesRealm_[0]> | test5(org.jsecurity.realm.text.PropertiesRealmEvoSuiteTest)
org.junit.ComparisonFailure: expected:<...ext.PropertiesRealm_[162]> but was:<...ext.PropertiesRealm_[0]>
	at org.junit.Assert.assertEquals(Assert.java:115)
	at org.junit.Assert.assertEquals(Assert.java:144)
	at org.jsecurity.realm.text.PropertiesRealmEvoSuiteTest.test5(PropertiesRealmEvoSuiteTest.java:120)
	at sun.reflect.NativeMethodAccessorImpl.invoke0(Native Method)
	at sun.reflect.NativeMethodAccessorImpl.invoke(NativeMethodAccessorImpl.java:62)
	at sun.reflect.DelegatingMethodAccessorImpl.invoke(DelegatingMethodAccessorImpl.java:43)
	at java.lang.reflect.Method.invoke(Method.java:498)
	at org.junit.runners.model.FrameworkMethod$1.runReflectiveCall(FrameworkMethod.java:47)
	at org.junit.internal.runners.model.ReflectiveCallable.run(ReflectiveCallable.java:12)
	at org.junit.runners.model.FrameworkMethod.invokeExplosively(FrameworkMethod.java:44)
	at org.junit.internal.runners.statements.InvokeMethod.evaluate(InvokeMethod.java:17)
	at org.junit.runners.ParentRunner.runLeaf(ParentRunner.java:271)
	at org.junit.runners.BlockJUnit4ClassRunner.runChild(BlockJUnit4ClassRunner.java:70)
	at org.junit.runners.BlockJUnit4ClassRunner.runChild(BlockJUnit4ClassRunner.java:50)
	at org.junit.runners.ParentRunner$3.run(ParentRunner.java:238)
	at org.junit.runners.ParentRunner$1.schedule(ParentRunner.java:63)
	at org.junit.runners.ParentRunner.runChildren(ParentRunner.java:236)
	at org.junit.runners.ParentRunner.access$000(ParentRunner.java:53)
	at org.junit.runners.ParentRunner$2.evaluate(ParentRunner.java:229)
	at org.junit.runners.ParentRunner.run(ParentRunner.java:309)
	at com.gzoltar.lib.instrumentation.testing.junit.a.call(Unknown Source)
	at java.util.concurrent.FutureTask.run(FutureTask.java:266)
	at java.util.concurrent.ThreadPoolExecutor.runWorker(ThreadPoolExecutor.java:1142)
	at java.util.concurrent.ThreadPoolExecutor$Worker.run(ThreadPoolExecutor.java:617)
	at java.lang.Thread.run(Thread.java:745)

* Finished org.jsecurity.realm.text.PropertiesRealmEvoSuiteTest#test5
* Started org.jsecurity.realm.text.PropertiesRealmEvoSuiteTest#test6
log4j:WARN No appenders could be found for logger (org.jsecurity.realm.AuthorizingRealm).
log4j:WARN Please initialize the log4j system properly.
* Failure: expected:<...ext.PropertiesRealm_[18]0> but was:<...ext.PropertiesRealm_[]0> | test6(org.jsecurity.realm.text.PropertiesRealmEvoSuiteTest)
org.junit.ComparisonFailure: expected:<...ext.PropertiesRealm_[18]0> but was:<...ext.PropertiesRealm_[]0>
	at org.junit.Assert.assertEquals(Assert.java:115)
	at org.junit.Assert.assertEquals(Assert.java:144)
	at org.jsecurity.realm.text.PropertiesRealmEvoSuiteTest.test6(PropertiesRealmEvoSuiteTest.java:134)
	at sun.reflect.NativeMethodAccessorImpl.invoke0(Native Method)
	at sun.reflect.NativeMethodAccessorImpl.invoke(NativeMethodAccessorImpl.java:62)
	at sun.reflect.DelegatingMethodAccessorImpl.invoke(DelegatingMethodAccessorImpl.java:43)
	at java.lang.reflect.Method.invoke(Method.java:498)
	at org.junit.runners.model.FrameworkMethod$1.runReflectiveCall(FrameworkMethod.java:47)
	at org.junit.internal.runners.model.ReflectiveCallable.run(ReflectiveCallable.java:12)
	at org.junit.runners.model.FrameworkMethod.invokeExplosively(FrameworkMethod.java:44)
	at org.junit.internal.runners.statements.InvokeMethod.evaluate(InvokeMethod.java:17)
	at org.junit.runners.ParentRunner.runLeaf(ParentRunner.java:271)
	at org.junit.runners.BlockJUnit4ClassRunner.runChild(BlockJUnit4ClassRunner.java:70)
	at org.junit.runners.BlockJUnit4ClassRunner.runChild(BlockJUnit4ClassRunner.java:50)
	at org.junit.runners.ParentRunner$3.run(ParentRunner.java:238)
	at org.junit.runners.ParentRunner$1.schedule(ParentRunner.java:63)
	at org.junit.runners.ParentRunner.runChildren(ParentRunner.java:236)
	at org.junit.runners.ParentRunner.access$000(ParentRunner.java:53)
	at org.junit.runners.ParentRunner$2.evaluate(ParentRunner.java:229)
	at org.junit.runners.ParentRunner.run(ParentRunner.java:309)
	at com.gzoltar.lib.instrumentation.testing.junit.a.call(Unknown Source)
	at java.util.concurrent.FutureTask.run(FutureTask.java:266)
	at java.util.concurrent.ThreadPoolExecutor.runWorker(ThreadPoolExecutor.java:1142)
	at java.util.concurrent.ThreadPoolExecutor$Worker.run(ThreadPoolExecutor.java:617)
	at java.lang.Thread.run(Thread.java:745)

* Finished org.jsecurity.realm.text.PropertiesRealmEvoSuiteTest#test6
* Started org.jsecurity.realm.text.TextConfigurationRealmEvoSuiteTest#test0
log4j:WARN No appenders could be found for logger (org.jsecurity.realm.AuthorizingRealm).
log4j:WARN Please initialize the log4j system properly.
* Finished org.jsecurity.realm.text.TextConfigurationRealmEvoSuiteTest#test0
* Started org.jsecurity.realm.text.TextConfigurationRealmEvoSuiteTest#test1
log4j:WARN No appenders could be found for logger (org.jsecurity.realm.AuthorizingRealm).
log4j:WARN Please initialize the log4j system properly.
* Finished org.jsecurity.realm.text.TextConfigurationRealmEvoSuiteTest#test1
* Started org.jsecurity.realm.text.TextConfigurationRealmEvoSuiteTest#test2
log4j:WARN No appenders could be found for logger (org.jsecurity.realm.AuthorizingRealm).
log4j:WARN Please initialize the log4j system properly.
* Finished org.jsecurity.realm.text.TextConfigurationRealmEvoSuiteTest#test2
* Started org.jsecurity.realm.text.TextConfigurationRealmEvoSuiteTest#test3
log4j:WARN No appenders could be found for logger (org.jsecurity.realm.AuthorizingRealm).
log4j:WARN Please initialize the log4j system properly.
* Failure: expected:<...tConfigurationRealm_[98]> but was:<...tConfigurationRealm_[0]> | test3(org.jsecurity.realm.text.TextConfigurationRealmEvoSuiteTest)
org.junit.ComparisonFailure: expected:<...tConfigurationRealm_[98]> but was:<...tConfigurationRealm_[0]>
	at org.junit.Assert.assertEquals(Assert.java:115)
	at org.junit.Assert.assertEquals(Assert.java:144)
	at org.jsecurity.realm.text.TextConfigurationRealmEvoSuiteTest.test3(TextConfigurationRealmEvoSuiteTest.java:112)
	at sun.reflect.NativeMethodAccessorImpl.invoke0(Native Method)
	at sun.reflect.NativeMethodAccessorImpl.invoke(NativeMethodAccessorImpl.java:62)
	at sun.reflect.DelegatingMethodAccessorImpl.invoke(DelegatingMethodAccessorImpl.java:43)
	at java.lang.reflect.Method.invoke(Method.java:498)
	at org.junit.runners.model.FrameworkMethod$1.runReflectiveCall(FrameworkMethod.java:47)
	at org.junit.internal.runners.model.ReflectiveCallable.run(ReflectiveCallable.java:12)
	at org.junit.runners.model.FrameworkMethod.invokeExplosively(FrameworkMethod.java:44)
	at org.junit.internal.runners.statements.InvokeMethod.evaluate(InvokeMethod.java:17)
	at org.junit.runners.ParentRunner.runLeaf(ParentRunner.java:271)
	at org.junit.runners.BlockJUnit4ClassRunner.runChild(BlockJUnit4ClassRunner.java:70)
	at org.junit.runners.BlockJUnit4ClassRunner.runChild(BlockJUnit4ClassRunner.java:50)
	at org.junit.runners.ParentRunner$3.run(ParentRunner.java:238)
	at org.junit.runners.ParentRunner$1.schedule(ParentRunner.java:63)
	at org.junit.runners.ParentRunner.runChildren(ParentRunner.java:236)
	at org.junit.runners.ParentRunner.access$000(ParentRunner.java:53)
	at org.junit.runners.ParentRunner$2.evaluate(ParentRunner.java:229)
	at org.junit.runners.ParentRunner.run(ParentRunner.java:309)
	at com.gzoltar.lib.instrumentation.testing.junit.a.call(Unknown Source)
	at java.util.concurrent.FutureTask.run(FutureTask.java:266)
	at java.util.concurrent.ThreadPoolExecutor.runWorker(ThreadPoolExecutor.java:1142)
	at java.util.concurrent.ThreadPoolExecutor$Worker.run(ThreadPoolExecutor.java:617)
	at java.lang.Thread.run(Thread.java:745)

* Finished org.jsecurity.realm.text.TextConfigurationRealmEvoSuiteTest#test3
* Started org.jsecurity.realm.text.TextConfigurationRealmEvoSuiteTest#test4
log4j:WARN No appenders could be found for logger (org.jsecurity.realm.AuthorizingRealm).
log4j:WARN Please initialize the log4j system properly.
* Failure: expected:<...tConfigurationRealm_[118]> but was:<...tConfigurationRealm_[0]> | test4(org.jsecurity.realm.text.TextConfigurationRealmEvoSuiteTest)
org.junit.ComparisonFailure: expected:<...tConfigurationRealm_[118]> but was:<...tConfigurationRealm_[0]>
	at org.junit.Assert.assertEquals(Assert.java:115)
	at org.junit.Assert.assertEquals(Assert.java:144)
	at org.jsecurity.realm.text.TextConfigurationRealmEvoSuiteTest.test4(TextConfigurationRealmEvoSuiteTest.java:128)
	at sun.reflect.NativeMethodAccessorImpl.invoke0(Native Method)
	at sun.reflect.NativeMethodAccessorImpl.invoke(NativeMethodAccessorImpl.java:62)
	at sun.reflect.DelegatingMethodAccessorImpl.invoke(DelegatingMethodAccessorImpl.java:43)
	at java.lang.reflect.Method.invoke(Method.java:498)
	at org.junit.runners.model.FrameworkMethod$1.runReflectiveCall(FrameworkMethod.java:47)
	at org.junit.internal.runners.model.ReflectiveCallable.run(ReflectiveCallable.java:12)
	at org.junit.runners.model.FrameworkMethod.invokeExplosively(FrameworkMethod.java:44)
	at org.junit.internal.runners.statements.InvokeMethod.evaluate(InvokeMethod.java:17)
	at org.junit.runners.ParentRunner.runLeaf(ParentRunner.java:271)
	at org.junit.runners.BlockJUnit4ClassRunner.runChild(BlockJUnit4ClassRunner.java:70)
	at org.junit.runners.BlockJUnit4ClassRunner.runChild(BlockJUnit4ClassRunner.java:50)
	at org.junit.runners.ParentRunner$3.run(ParentRunner.java:238)
	at org.junit.runners.ParentRunner$1.schedule(ParentRunner.java:63)
	at org.junit.runners.ParentRunner.runChildren(ParentRunner.java:236)
	at org.junit.runners.ParentRunner.access$000(ParentRunner.java:53)
	at org.junit.runners.ParentRunner$2.evaluate(ParentRunner.java:229)
	at org.junit.runners.ParentRunner.run(ParentRunner.java:309)
	at com.gzoltar.lib.instrumentation.testing.junit.a.call(Unknown Source)
	at java.util.concurrent.FutureTask.run(FutureTask.java:266)
	at java.util.concurrent.ThreadPoolExecutor.runWorker(ThreadPoolExecutor.java:1142)
	at java.util.concurrent.ThreadPoolExecutor$Worker.run(ThreadPoolExecutor.java:617)
	at java.lang.Thread.run(Thread.java:745)

* Finished org.jsecurity.realm.text.TextConfigurationRealmEvoSuiteTest#test4
* Started org.jsecurity.realm.text.TextConfigurationRealmEvoSuiteTest#test5
log4j:WARN No appenders could be found for logger (org.jsecurity.realm.AuthorizingRealm).
log4j:WARN Please initialize the log4j system properly.
* Failure: expected:<...tConfigurationRealm_[138]> but was:<...tConfigurationRealm_[0]> | test5(org.jsecurity.realm.text.TextConfigurationRealmEvoSuiteTest)
org.junit.ComparisonFailure: expected:<...tConfigurationRealm_[138]> but was:<...tConfigurationRealm_[0]>
	at org.junit.Assert.assertEquals(Assert.java:115)
	at org.junit.Assert.assertEquals(Assert.java:144)
	at org.jsecurity.realm.text.TextConfigurationRealmEvoSuiteTest.test5(TextConfigurationRealmEvoSuiteTest.java:169)
	at sun.reflect.NativeMethodAccessorImpl.invoke0(Native Method)
	at sun.reflect.NativeMethodAccessorImpl.invoke(NativeMethodAccessorImpl.java:62)
	at sun.reflect.DelegatingMethodAccessorImpl.invoke(DelegatingMethodAccessorImpl.java:43)
	at java.lang.reflect.Method.invoke(Method.java:498)
	at org.junit.runners.model.FrameworkMethod$1.runReflectiveCall(FrameworkMethod.java:47)
	at org.junit.internal.runners.model.ReflectiveCallable.run(ReflectiveCallable.java:12)
	at org.junit.runners.model.FrameworkMethod.invokeExplosively(FrameworkMethod.java:44)
	at org.junit.internal.runners.statements.InvokeMethod.evaluate(InvokeMethod.java:17)
	at org.junit.runners.ParentRunner.runLeaf(ParentRunner.java:271)
	at org.junit.runners.BlockJUnit4ClassRunner.runChild(BlockJUnit4ClassRunner.java:70)
	at org.junit.runners.BlockJUnit4ClassRunner.runChild(BlockJUnit4ClassRunner.java:50)
	at org.junit.runners.ParentRunner$3.run(ParentRunner.java:238)
	at org.junit.runners.ParentRunner$1.schedule(ParentRunner.java:63)
	at org.junit.runners.ParentRunner.runChildren(ParentRunner.java:236)
	at org.junit.runners.ParentRunner.access$000(ParentRunner.java:53)
	at org.junit.runners.ParentRunner$2.evaluate(ParentRunner.java:229)
	at org.junit.runners.ParentRunner.run(ParentRunner.java:309)
	at com.gzoltar.lib.instrumentation.testing.junit.a.call(Unknown Source)
	at java.util.concurrent.FutureTask.run(FutureTask.java:266)
	at java.util.concurrent.ThreadPoolExecutor.runWorker(ThreadPoolExecutor.java:1142)
	at java.util.concurrent.ThreadPoolExecutor$Worker.run(ThreadPoolExecutor.java:617)
	at java.lang.Thread.run(Thread.java:745)

* Finished org.jsecurity.realm.text.TextConfigurationRealmEvoSuiteTest#test5
* Started org.jsecurity.realm.text.TextConfigurationRealmEvoSuiteTest#test6
* Finished org.jsecurity.realm.text.TextConfigurationRealmEvoSuiteTest#test6
* Started org.jsecurity.config.TextConfigurationEvoSuiteTest#test0
log4j:WARN No appenders could be found for logger (org.jsecurity.io.ResourceUtils).
log4j:WARN Please initialize the log4j system properly.
* Finished org.jsecurity.config.TextConfigurationEvoSuiteTest#test0
* Started org.jsecurity.config.TextConfigurationEvoSuiteTest#test1
log4j:WARN No appenders could be found for logger (org.jsecurity.io.ResourceUtils).
log4j:WARN Please initialize the log4j system properly.
* Finished org.jsecurity.config.TextConfigurationEvoSuiteTest#test1
* Started org.jsecurity.config.ResourceConfigurationEvoSuiteTest#test0
* Finished org.jsecurity.config.ResourceConfigurationEvoSuiteTest#test0
* Started org.jsecurity.config.ResourceConfigurationEvoSuiteTest#test1
* Finished org.jsecurity.config.ResourceConfigurationEvoSuiteTest#test1
* Started org.jsecurity.config.ReflectionBuilderEvoSuiteTest#test10
log4j:WARN No appenders could be found for logger (org.jsecurity.config.ReflectionBuilder).
log4j:WARN Please initialize the log4j system properly.
* Failure: Expecting exception: NoClassDefFoundError | test10(org.jsecurity.config.ReflectionBuilderEvoSuiteTest)
java.lang.AssertionError: Expecting exception: NoClassDefFoundError
	at org.junit.Assert.fail(Assert.java:88)
	at org.jsecurity.config.ReflectionBuilderEvoSuiteTest.test10(ReflectionBuilderEvoSuiteTest.java:253)
	at sun.reflect.NativeMethodAccessorImpl.invoke0(Native Method)
	at sun.reflect.NativeMethodAccessorImpl.invoke(NativeMethodAccessorImpl.java:62)
	at sun.reflect.DelegatingMethodAccessorImpl.invoke(DelegatingMethodAccessorImpl.java:43)
	at java.lang.reflect.Method.invoke(Method.java:498)
	at org.junit.runners.model.FrameworkMethod$1.runReflectiveCall(FrameworkMethod.java:47)
	at org.junit.internal.runners.model.ReflectiveCallable.run(ReflectiveCallable.java:12)
	at org.junit.runners.model.FrameworkMethod.invokeExplosively(FrameworkMethod.java:44)
	at org.junit.internal.runners.statements.InvokeMethod.evaluate(InvokeMethod.java:17)
	at org.junit.runners.ParentRunner.runLeaf(ParentRunner.java:271)
	at org.junit.runners.BlockJUnit4ClassRunner.runChild(BlockJUnit4ClassRunner.java:70)
	at org.junit.runners.BlockJUnit4ClassRunner.runChild(BlockJUnit4ClassRunner.java:50)
	at org.junit.runners.ParentRunner$3.run(ParentRunner.java:238)
	at org.junit.runners.ParentRunner$1.schedule(ParentRunner.java:63)
	at org.junit.runners.ParentRunner.runChildren(ParentRunner.java:236)
	at org.junit.runners.ParentRunner.access$000(ParentRunner.java:53)
	at org.junit.runners.ParentRunner$2.evaluate(ParentRunner.java:229)
	at org.junit.runners.ParentRunner.run(ParentRunner.java:309)
	at com.gzoltar.lib.instrumentation.testing.junit.a.call(Unknown Source)
	at java.util.concurrent.FutureTask.run(FutureTask.java:266)
	at java.util.concurrent.ThreadPoolExecutor.runWorker(ThreadPoolExecutor.java:1142)
	at java.util.concurrent.ThreadPoolExecutor$Worker.run(ThreadPoolExecutor.java:617)
	at java.lang.Thread.run(Thread.java:745)

* Finished org.jsecurity.config.ReflectionBuilderEvoSuiteTest#test10
* Started org.jsecurity.config.ReflectionBuilderEvoSuiteTest#test11
log4j:WARN No appenders could be found for logger (org.jsecurity.config.ReflectionBuilder).
log4j:WARN Please initialize the log4j system properly.
* Finished org.jsecurity.config.ReflectionBuilderEvoSuiteTest#test11
* Started org.jsecurity.config.ReflectionBuilderEvoSuiteTest#test12
* Finished org.jsecurity.config.ReflectionBuilderEvoSuiteTest#test12
* Started org.jsecurity.config.ReflectionBuilderEvoSuiteTest#test0
* Finished org.jsecurity.config.ReflectionBuilderEvoSuiteTest#test0
* Started org.jsecurity.config.ReflectionBuilderEvoSuiteTest#test1
log4j:WARN No appenders could be found for logger (org.jsecurity.config.ReflectionBuilder).
log4j:WARN Please initialize the log4j system properly.
* Finished org.jsecurity.config.ReflectionBuilderEvoSuiteTest#test1
* Started org.jsecurity.config.ReflectionBuilderEvoSuiteTest#test2
* Finished org.jsecurity.config.ReflectionBuilderEvoSuiteTest#test2
* Started org.jsecurity.config.ReflectionBuilderEvoSuiteTest#test3
* Finished org.jsecurity.config.ReflectionBuilderEvoSuiteTest#test3
* Started org.jsecurity.config.ReflectionBuilderEvoSuiteTest#test4
* Finished org.jsecurity.config.ReflectionBuilderEvoSuiteTest#test4
* Started org.jsecurity.config.ReflectionBuilderEvoSuiteTest#test5
[ERROR] Class not found
java.lang.ClassNotFoundException: TRACE
	at java.lang.ClassLoader.findClass(ClassLoader.java:530)
	at java.lang.ClassLoader.loadClass(ClassLoader.java:424)
	at java.lang.ClassLoader.loadClass(ClassLoader.java:357)
	at com.gzoltar.lib.instrumentation.util.GZoltarClassLoader.loadClass(Unknown Source)
	at org.jsecurity.util.ClassUtils.forName(ClassUtils.java:100)
	at org.jsecurity.util.ClassUtils.newInstance(ClassUtils.java:147)
	at org.jsecurity.config.ReflectionBuilder.createNewInstance(ReflectionBuilder.java:111)
	at org.jsecurity.config.ReflectionBuilder.buildObjects(ReflectionBuilder.java:89)
	at org.jsecurity.config.ReflectionBuilderEvoSuiteTest.test5(ReflectionBuilderEvoSuiteTest.java:141)
	at sun.reflect.NativeMethodAccessorImpl.invoke0(Native Method)
	at sun.reflect.NativeMethodAccessorImpl.invoke(NativeMethodAccessorImpl.java:62)
	at sun.reflect.DelegatingMethodAccessorImpl.invoke(DelegatingMethodAccessorImpl.java:43)
	at java.lang.reflect.Method.invoke(Method.java:498)
	at org.junit.runners.model.FrameworkMethod$1.runReflectiveCall(FrameworkMethod.java:47)
	at org.junit.internal.runners.model.ReflectiveCallable.run(ReflectiveCallable.java:12)
	at org.junit.runners.model.FrameworkMethod.invokeExplosively(FrameworkMethod.java:44)
	at org.junit.internal.runners.statements.InvokeMethod.evaluate(InvokeMethod.java:17)
	at org.junit.runners.ParentRunner.runLeaf(ParentRunner.java:271)
	at org.junit.runners.BlockJUnit4ClassRunner.runChild(BlockJUnit4ClassRunner.java:70)
	at org.junit.runners.BlockJUnit4ClassRunner.runChild(BlockJUnit4ClassRunner.java:50)
	at org.junit.runners.ParentRunner$3.run(ParentRunner.java:238)
	at org.junit.runners.ParentRunner$1.schedule(ParentRunner.java:63)
	at org.junit.runners.ParentRunner.runChildren(ParentRunner.java:236)
	at org.junit.runners.ParentRunner.access$000(ParentRunner.java:53)
	at org.junit.runners.ParentRunner$2.evaluate(ParentRunner.java:229)
	at org.junit.runners.ParentRunner.run(ParentRunner.java:309)
	at com.gzoltar.lib.instrumentation.testing.junit.a.call(Unknown Source)
	at java.util.concurrent.FutureTask.run(FutureTask.java:266)
	at java.util.concurrent.ThreadPoolExecutor.runWorker(ThreadPoolExecutor.java:1142)
	at java.util.concurrent.ThreadPoolExecutor$Worker.run(ThreadPoolExecutor.java:617)
	at java.lang.Thread.run(Thread.java:745)
[ERROR] Class not found
java.lang.ClassNotFoundException: TRACE
	at java.lang.ClassLoader.findClass(ClassLoader.java:530)
	at java.lang.ClassLoader.loadClass(ClassLoader.java:424)
	at java.lang.ClassLoader.loadClass(ClassLoader.java:357)
	at com.gzoltar.lib.instrumentation.util.GZoltarClassLoader.loadClass(Unknown Source)
	at org.jsecurity.util.ClassUtils.forName(ClassUtils.java:111)
	at org.jsecurity.util.ClassUtils.newInstance(ClassUtils.java:147)
	at org.jsecurity.config.ReflectionBuilder.createNewInstance(ReflectionBuilder.java:111)
	at org.jsecurity.config.ReflectionBuilder.buildObjects(ReflectionBuilder.java:89)
	at org.jsecurity.config.ReflectionBuilderEvoSuiteTest.test5(ReflectionBuilderEvoSuiteTest.java:141)
	at sun.reflect.NativeMethodAccessorImpl.invoke0(Native Method)
	at sun.reflect.NativeMethodAccessorImpl.invoke(NativeMethodAccessorImpl.java:62)
	at sun.reflect.DelegatingMethodAccessorImpl.invoke(DelegatingMethodAccessorImpl.java:43)
	at java.lang.reflect.Method.invoke(Method.java:498)
	at org.junit.runners.model.FrameworkMethod$1.runReflectiveCall(FrameworkMethod.java:47)
	at org.junit.internal.runners.model.ReflectiveCallable.run(ReflectiveCallable.java:12)
	at org.junit.runners.model.FrameworkMethod.invokeExplosively(FrameworkMethod.java:44)
	at org.junit.internal.runners.statements.InvokeMethod.evaluate(InvokeMethod.java:17)
	at org.junit.runners.ParentRunner.runLeaf(ParentRunner.java:271)
	at org.junit.runners.BlockJUnit4ClassRunner.runChild(BlockJUnit4ClassRunner.java:70)
	at org.junit.runners.BlockJUnit4ClassRunner.runChild(BlockJUnit4ClassRunner.java:50)
	at org.junit.runners.ParentRunner$3.run(ParentRunner.java:238)
	at org.junit.runners.ParentRunner$1.schedule(ParentRunner.java:63)
	at org.junit.runners.ParentRunner.runChildren(ParentRunner.java:236)
	at org.junit.runners.ParentRunner.access$000(ParentRunner.java:53)
	at org.junit.runners.ParentRunner$2.evaluate(ParentRunner.java:229)
	at org.junit.runners.ParentRunner.run(ParentRunner.java:309)
	at com.gzoltar.lib.instrumentation.testing.junit.a.call(Unknown Source)
	at java.util.concurrent.FutureTask.run(FutureTask.java:266)
	at java.util.concurrent.ThreadPoolExecutor.runWorker(ThreadPoolExecutor.java:1142)
	at java.util.concurrent.ThreadPoolExecutor$Worker.run(ThreadPoolExecutor.java:617)
	at java.lang.Thread.run(Thread.java:745)
* Finished org.jsecurity.config.ReflectionBuilderEvoSuiteTest#test5
* Started org.jsecurity.config.ReflectionBuilderEvoSuiteTest#test6
log4j:WARN No appenders could be found for logger (org.jsecurity.config.ReflectionBuilder).
log4j:WARN Please initialize the log4j system properly.
[ERROR] Class not found
java.lang.ClassNotFoundException: A
	at java.lang.ClassLoader.findClass(ClassLoader.java:530)
	at java.lang.ClassLoader.loadClass(ClassLoader.java:424)
	at java.lang.ClassLoader.loadClass(ClassLoader.java:357)
	at com.gzoltar.lib.instrumentation.util.GZoltarClassLoader.loadClass(Unknown Source)
	at org.jsecurity.util.ClassUtils.forName(ClassUtils.java:100)
	at org.jsecurity.util.ClassUtils.newInstance(ClassUtils.java:147)
	at org.jsecurity.config.ReflectionBuilder.createNewInstance(ReflectionBuilder.java:111)
	at org.jsecurity.config.ReflectionBuilderEvoSuiteTest.test6(ReflectionBuilderEvoSuiteTest.java:162)
	at sun.reflect.NativeMethodAccessorImpl.invoke0(Native Method)
	at sun.reflect.NativeMethodAccessorImpl.invoke(NativeMethodAccessorImpl.java:62)
	at sun.reflect.DelegatingMethodAccessorImpl.invoke(DelegatingMethodAccessorImpl.java:43)
	at java.lang.reflect.Method.invoke(Method.java:498)
	at org.junit.runners.model.FrameworkMethod$1.runReflectiveCall(FrameworkMethod.java:47)
	at org.junit.internal.runners.model.ReflectiveCallable.run(ReflectiveCallable.java:12)
	at org.junit.runners.model.FrameworkMethod.invokeExplosively(FrameworkMethod.java:44)
	at org.junit.internal.runners.statements.InvokeMethod.evaluate(InvokeMethod.java:17)
	at org.junit.runners.ParentRunner.runLeaf(ParentRunner.java:271)
	at org.junit.runners.BlockJUnit4ClassRunner.runChild(BlockJUnit4ClassRunner.java:70)
	at org.junit.runners.BlockJUnit4ClassRunner.runChild(BlockJUnit4ClassRunner.java:50)
	at org.junit.runners.ParentRunner$3.run(ParentRunner.java:238)
	at org.junit.runners.ParentRunner$1.schedule(ParentRunner.java:63)
	at org.junit.runners.ParentRunner.runChildren(ParentRunner.java:236)
	at org.junit.runners.ParentRunner.access$000(ParentRunner.java:53)
	at org.junit.runners.ParentRunner$2.evaluate(ParentRunner.java:229)
	at org.junit.runners.ParentRunner.run(ParentRunner.java:309)
	at com.gzoltar.lib.instrumentation.testing.junit.a.call(Unknown Source)
	at java.util.concurrent.FutureTask.run(FutureTask.java:266)
	at java.util.concurrent.ThreadPoolExecutor.runWorker(ThreadPoolExecutor.java:1142)
	at java.util.concurrent.ThreadPoolExecutor$Worker.run(ThreadPoolExecutor.java:617)
	at java.lang.Thread.run(Thread.java:745)
[ERROR] Class not found
java.lang.ClassNotFoundException: A
	at java.lang.ClassLoader.findClass(ClassLoader.java:530)
	at java.lang.ClassLoader.loadClass(ClassLoader.java:424)
	at java.lang.ClassLoader.loadClass(ClassLoader.java:357)
	at com.gzoltar.lib.instrumentation.util.GZoltarClassLoader.loadClass(Unknown Source)
	at org.jsecurity.util.ClassUtils.forName(ClassUtils.java:111)
	at org.jsecurity.util.ClassUtils.newInstance(ClassUtils.java:147)
	at org.jsecurity.config.ReflectionBuilder.createNewInstance(ReflectionBuilder.java:111)
	at org.jsecurity.config.ReflectionBuilderEvoSuiteTest.test6(ReflectionBuilderEvoSuiteTest.java:162)
	at sun.reflect.NativeMethodAccessorImpl.invoke0(Native Method)
	at sun.reflect.NativeMethodAccessorImpl.invoke(NativeMethodAccessorImpl.java:62)
	at sun.reflect.DelegatingMethodAccessorImpl.invoke(DelegatingMethodAccessorImpl.java:43)
	at java.lang.reflect.Method.invoke(Method.java:498)
	at org.junit.runners.model.FrameworkMethod$1.runReflectiveCall(FrameworkMethod.java:47)
	at org.junit.internal.runners.model.ReflectiveCallable.run(ReflectiveCallable.java:12)
	at org.junit.runners.model.FrameworkMethod.invokeExplosively(FrameworkMethod.java:44)
	at org.junit.internal.runners.statements.InvokeMethod.evaluate(InvokeMethod.java:17)
	at org.junit.runners.ParentRunner.runLeaf(ParentRunner.java:271)
	at org.junit.runners.BlockJUnit4ClassRunner.runChild(BlockJUnit4ClassRunner.java:70)
	at org.junit.runners.BlockJUnit4ClassRunner.runChild(BlockJUnit4ClassRunner.java:50)
	at org.junit.runners.ParentRunner$3.run(ParentRunner.java:238)
	at org.junit.runners.ParentRunner$1.schedule(ParentRunner.java:63)
	at org.junit.runners.ParentRunner.runChildren(ParentRunner.java:236)
	at org.junit.runners.ParentRunner.access$000(ParentRunner.java:53)
	at org.junit.runners.ParentRunner$2.evaluate(ParentRunner.java:229)
	at org.junit.runners.ParentRunner.run(ParentRunner.java:309)
	at com.gzoltar.lib.instrumentation.testing.junit.a.call(Unknown Source)
	at java.util.concurrent.FutureTask.run(FutureTask.java:266)
	at java.util.concurrent.ThreadPoolExecutor.runWorker(ThreadPoolExecutor.java:1142)
	at java.util.concurrent.ThreadPoolExecutor$Worker.run(ThreadPoolExecutor.java:617)
	at java.lang.Thread.run(Thread.java:745)
* Finished org.jsecurity.config.ReflectionBuilderEvoSuiteTest#test6
* Started org.jsecurity.config.ReflectionBuilderEvoSuiteTest#test7
* Finished org.jsecurity.config.ReflectionBuilderEvoSuiteTest#test7
* Started org.jsecurity.config.ReflectionBuilderEvoSuiteTest#test8
* Finished org.jsecurity.config.ReflectionBuilderEvoSuiteTest#test8
* Started org.jsecurity.config.ReflectionBuilderEvoSuiteTest#test9
log4j:WARN No appenders could be found for logger (org.jsecurity.config.ReflectionBuilder).
log4j:WARN Please initialize the log4j system properly.
* Failure: Unable to set property [null] with value [null].  If 'null' is a reference to another (previously defined) object, please prefix it with '$' to indicate that the referenced object should be used as the actual value.  For example, $null | test9(org.jsecurity.config.ReflectionBuilderEvoSuiteTest)
org.jsecurity.config.ConfigurationException: Unable to set property [null] with value [null].  If 'null' is a reference to another (previously defined) object, please prefix it with '$' to indicate that the referenced object should be used as the actual value.  For example, $null
	at org.jsecurity.config.ReflectionBuilder.applyProperty(ReflectionBuilder.java:230)
	at org.jsecurity.config.ReflectionBuilderEvoSuiteTest.test9(ReflectionBuilderEvoSuiteTest.java:227)
	at sun.reflect.NativeMethodAccessorImpl.invoke0(Native Method)
	at sun.reflect.NativeMethodAccessorImpl.invoke(NativeMethodAccessorImpl.java:62)
	at sun.reflect.DelegatingMethodAccessorImpl.invoke(DelegatingMethodAccessorImpl.java:43)
	at java.lang.reflect.Method.invoke(Method.java:498)
	at org.junit.runners.model.FrameworkMethod$1.runReflectiveCall(FrameworkMethod.java:47)
	at org.junit.internal.runners.model.ReflectiveCallable.run(ReflectiveCallable.java:12)
	at org.junit.runners.model.FrameworkMethod.invokeExplosively(FrameworkMethod.java:44)
	at org.junit.internal.runners.statements.InvokeMethod.evaluate(InvokeMethod.java:17)
	at org.junit.runners.ParentRunner.runLeaf(ParentRunner.java:271)
	at org.junit.runners.BlockJUnit4ClassRunner.runChild(BlockJUnit4ClassRunner.java:70)
	at org.junit.runners.BlockJUnit4ClassRunner.runChild(BlockJUnit4ClassRunner.java:50)
	at org.junit.runners.ParentRunner$3.run(ParentRunner.java:238)
	at org.junit.runners.ParentRunner$1.schedule(ParentRunner.java:63)
	at org.junit.runners.ParentRunner.runChildren(ParentRunner.java:236)
	at org.junit.runners.ParentRunner.access$000(ParentRunner.java:53)
	at org.junit.runners.ParentRunner$2.evaluate(ParentRunner.java:229)
	at org.junit.runners.ParentRunner.run(ParentRunner.java:309)
	at com.gzoltar.lib.instrumentation.testing.junit.a.call(Unknown Source)
	at java.util.concurrent.FutureTask.run(FutureTask.java:266)
	at java.util.concurrent.ThreadPoolExecutor.runWorker(ThreadPoolExecutor.java:1142)
	at java.util.concurrent.ThreadPoolExecutor$Worker.run(ThreadPoolExecutor.java:617)
	at java.lang.Thread.run(Thread.java:745)
Caused by: java.lang.NullPointerException
	at org.apache.commons.beanutils.BeanUtilsBean.findLastNestedIndex(BeanUtilsBean.java:1036)
	at org.apache.commons.beanutils.BeanUtilsBean.setProperty(BeanUtilsBean.java:881)
	at org.apache.commons.beanutils.BeanUtils.setProperty(BeanUtils.java:313)
	at org.jsecurity.config.ReflectionBuilder.applyProperty(ReflectionBuilder.java:223)
	... 23 more

* Finished org.jsecurity.config.ReflectionBuilderEvoSuiteTest#test9
* Started org.jsecurity.codec.HexEvoSuiteTest#test0
* Finished org.jsecurity.codec.HexEvoSuiteTest#test0
* Started org.jsecurity.codec.HexEvoSuiteTest#test1
* Finished org.jsecurity.codec.HexEvoSuiteTest#test1
* Started org.jsecurity.codec.HexEvoSuiteTest#test2
* Finished org.jsecurity.codec.HexEvoSuiteTest#test2
* Started org.jsecurity.codec.HexEvoSuiteTest#test3
* Finished org.jsecurity.codec.HexEvoSuiteTest#test3
* Started org.jsecurity.codec.HexEvoSuiteTest#test4
* Finished org.jsecurity.codec.HexEvoSuiteTest#test4
* Started org.jsecurity.codec.HexEvoSuiteTest#test5
* Finished org.jsecurity.codec.HexEvoSuiteTest#test5
* Started org.jsecurity.codec.Base64EvoSuiteTest#test10
* Finished org.jsecurity.codec.Base64EvoSuiteTest#test10
* Started org.jsecurity.codec.Base64EvoSuiteTest#test11
* Finished org.jsecurity.codec.Base64EvoSuiteTest#test11
* Started org.jsecurity.codec.Base64EvoSuiteTest#test12
* Finished org.jsecurity.codec.Base64EvoSuiteTest#test12
* Started org.jsecurity.codec.Base64EvoSuiteTest#test13
* Finished org.jsecurity.codec.Base64EvoSuiteTest#test13
* Started org.jsecurity.codec.Base64EvoSuiteTest#test14
* Finished org.jsecurity.codec.Base64EvoSuiteTest#test14
* Started org.jsecurity.codec.Base64EvoSuiteTest#test0
* Finished org.jsecurity.codec.Base64EvoSuiteTest#test0
* Started org.jsecurity.codec.Base64EvoSuiteTest#test1
* Finished org.jsecurity.codec.Base64EvoSuiteTest#test1
* Started org.jsecurity.codec.Base64EvoSuiteTest#test2
* Finished org.jsecurity.codec.Base64EvoSuiteTest#test2
* Started org.jsecurity.codec.Base64EvoSuiteTest#test3
* Finished org.jsecurity.codec.Base64EvoSuiteTest#test3
* Started org.jsecurity.codec.Base64EvoSuiteTest#test4
* Finished org.jsecurity.codec.Base64EvoSuiteTest#test4
* Started org.jsecurity.codec.Base64EvoSuiteTest#test5
* Finished org.jsecurity.codec.Base64EvoSuiteTest#test5
* Started org.jsecurity.codec.Base64EvoSuiteTest#test6
* Finished org.jsecurity.codec.Base64EvoSuiteTest#test6
* Started org.jsecurity.codec.Base64EvoSuiteTest#test7
* Finished org.jsecurity.codec.Base64EvoSuiteTest#test7
* Started org.jsecurity.codec.Base64EvoSuiteTest#test8
* Finished org.jsecurity.codec.Base64EvoSuiteTest#test8
* Started org.jsecurity.codec.Base64EvoSuiteTest#test9
* Finished org.jsecurity.codec.Base64EvoSuiteTest#test9
* Started org.jsecurity.codec.CodecSupportEvoSuiteTest#test0
* Finished org.jsecurity.codec.CodecSupportEvoSuiteTest#test0
* Started org.jsecurity.codec.CodecSupportEvoSuiteTest#test1
* Finished org.jsecurity.codec.CodecSupportEvoSuiteTest#test1
* Started org.jsecurity.codec.CodecSupportEvoSuiteTest#test2
* Finished org.jsecurity.codec.CodecSupportEvoSuiteTest#test2
* Started org.jsecurity.codec.CodecSupportEvoSuiteTest#test3
* Finished org.jsecurity.codec.CodecSupportEvoSuiteTest#test3
* Started org.jsecurity.codec.CodecSupportEvoSuiteTest#test4
* Finished org.jsecurity.codec.CodecSupportEvoSuiteTest#test4
* Started org.jsecurity.codec.CodecSupportEvoSuiteTest#test5
* Finished org.jsecurity.codec.CodecSupportEvoSuiteTest#test5
* Started org.jsecurity.codec.CodecSupportEvoSuiteTest#test6
* Finished org.jsecurity.codec.CodecSupportEvoSuiteTest#test6
* Started org.jsecurity.codec.CodecSupportEvoSuiteTest#test7
* Finished org.jsecurity.codec.CodecSupportEvoSuiteTest#test7
* Started org.jsecurity.codec.CodecSupportEvoSuiteTest#test8
* Finished org.jsecurity.codec.CodecSupportEvoSuiteTest#test8
* Started org.jsecurity.web.servlet.ServletContextSupportEvoSuiteTest#test0
* Finished org.jsecurity.web.servlet.ServletContextSupportEvoSuiteTest#test0
* Started org.jsecurity.web.attr.RequestParamAttributeEvoSuiteTest#test0
* Finished org.jsecurity.web.attr.RequestParamAttributeEvoSuiteTest#test0
* Started org.jsecurity.web.attr.RequestParamAttributeEvoSuiteTest#test1
* Finished org.jsecurity.web.attr.RequestParamAttributeEvoSuiteTest#test1
* Started org.jsecurity.web.WebRememberMeManagerEvoSuiteTest#test10
* Finished org.jsecurity.web.WebRememberMeManagerEvoSuiteTest#test10
* Started org.jsecurity.web.WebRememberMeManagerEvoSuiteTest#test11
* Finished org.jsecurity.web.WebRememberMeManagerEvoSuiteTest#test11
* Started org.jsecurity.web.WebRememberMeManagerEvoSuiteTest#test0
* Finished org.jsecurity.web.WebRememberMeManagerEvoSuiteTest#test0
* Started org.jsecurity.web.WebRememberMeManagerEvoSuiteTest#test1
* Finished org.jsecurity.web.WebRememberMeManagerEvoSuiteTest#test1
* Started org.jsecurity.web.WebRememberMeManagerEvoSuiteTest#test2
* Finished org.jsecurity.web.WebRememberMeManagerEvoSuiteTest#test2
* Started org.jsecurity.web.WebRememberMeManagerEvoSuiteTest#test3
* Finished org.jsecurity.web.WebRememberMeManagerEvoSuiteTest#test3
* Started org.jsecurity.web.WebRememberMeManagerEvoSuiteTest#test4
log4j:WARN No appenders could be found for logger (org.jsecurity.util.ThreadContext).
log4j:WARN Please initialize the log4j system properly.
* Failure: No ServletRequest found in ThreadContext. Make sure WebUtils.bind() is being called. (typically called by JSecurityFilter)  This could also happen when running integration tests that don't properly call WebUtils.bind(). | test4(org.jsecurity.web.WebRememberMeManagerEvoSuiteTest)
java.lang.IllegalStateException: No ServletRequest found in ThreadContext. Make sure WebUtils.bind() is being called. (typically called by JSecurityFilter)  This could also happen when running integration tests that don't properly call WebUtils.bind().
	at org.jsecurity.web.WebUtils.getRequiredServletRequest(WebUtils.java:327)
	at org.jsecurity.web.WebRememberMeManager.forgetIdentity(WebRememberMeManager.java:225)
	at org.jsecurity.web.WebRememberMeManagerEvoSuiteTest.test4(WebRememberMeManagerEvoSuiteTest.java:75)
	at sun.reflect.NativeMethodAccessorImpl.invoke0(Native Method)
	at sun.reflect.NativeMethodAccessorImpl.invoke(NativeMethodAccessorImpl.java:62)
	at sun.reflect.DelegatingMethodAccessorImpl.invoke(DelegatingMethodAccessorImpl.java:43)
	at java.lang.reflect.Method.invoke(Method.java:498)
	at org.junit.runners.model.FrameworkMethod$1.runReflectiveCall(FrameworkMethod.java:47)
	at org.junit.internal.runners.model.ReflectiveCallable.run(ReflectiveCallable.java:12)
	at org.junit.runners.model.FrameworkMethod.invokeExplosively(FrameworkMethod.java:44)
	at org.junit.internal.runners.statements.InvokeMethod.evaluate(InvokeMethod.java:17)
	at org.junit.runners.ParentRunner.runLeaf(ParentRunner.java:271)
	at org.junit.runners.BlockJUnit4ClassRunner.runChild(BlockJUnit4ClassRunner.java:70)
	at org.junit.runners.BlockJUnit4ClassRunner.runChild(BlockJUnit4ClassRunner.java:50)
	at org.junit.runners.ParentRunner$3.run(ParentRunner.java:238)
	at org.junit.runners.ParentRunner$1.schedule(ParentRunner.java:63)
	at org.junit.runners.ParentRunner.runChildren(ParentRunner.java:236)
	at org.junit.runners.ParentRunner.access$000(ParentRunner.java:53)
	at org.junit.runners.ParentRunner$2.evaluate(ParentRunner.java:229)
	at org.junit.runners.ParentRunner.run(ParentRunner.java:309)
	at com.gzoltar.lib.instrumentation.testing.junit.a.call(Unknown Source)
	at java.util.concurrent.FutureTask.run(FutureTask.java:266)
	at java.util.concurrent.ThreadPoolExecutor.runWorker(ThreadPoolExecutor.java:1142)
	at java.util.concurrent.ThreadPoolExecutor$Worker.run(ThreadPoolExecutor.java:617)
	at java.lang.Thread.run(Thread.java:745)

* Finished org.jsecurity.web.WebRememberMeManagerEvoSuiteTest#test4
* Started org.jsecurity.web.WebRememberMeManagerEvoSuiteTest#test5
* Finished org.jsecurity.web.WebRememberMeManagerEvoSuiteTest#test5
* Started org.jsecurity.web.WebRememberMeManagerEvoSuiteTest#test6
log4j:WARN No appenders could be found for logger (org.jsecurity.util.ThreadContext).
log4j:WARN Please initialize the log4j system properly.
* Failure: No ServletRequest found in ThreadContext. Make sure WebUtils.bind() is being called. (typically called by JSecurityFilter)  This could also happen when running integration tests that don't properly call WebUtils.bind(). | test6(org.jsecurity.web.WebRememberMeManagerEvoSuiteTest)
java.lang.IllegalStateException: No ServletRequest found in ThreadContext. Make sure WebUtils.bind() is being called. (typically called by JSecurityFilter)  This could also happen when running integration tests that don't properly call WebUtils.bind().
	at org.jsecurity.web.WebUtils.getRequiredServletRequest(WebUtils.java:327)
	at org.jsecurity.web.WebRememberMeManager.rememberSerializedIdentity(WebRememberMeManager.java:198)
	at org.jsecurity.web.WebRememberMeManagerEvoSuiteTest.test6(WebRememberMeManagerEvoSuiteTest.java:107)
	at sun.reflect.NativeMethodAccessorImpl.invoke0(Native Method)
	at sun.reflect.NativeMethodAccessorImpl.invoke(NativeMethodAccessorImpl.java:62)
	at sun.reflect.DelegatingMethodAccessorImpl.invoke(DelegatingMethodAccessorImpl.java:43)
	at java.lang.reflect.Method.invoke(Method.java:498)
	at org.junit.runners.model.FrameworkMethod$1.runReflectiveCall(FrameworkMethod.java:47)
	at org.junit.internal.runners.model.ReflectiveCallable.run(ReflectiveCallable.java:12)
	at org.junit.runners.model.FrameworkMethod.invokeExplosively(FrameworkMethod.java:44)
	at org.junit.internal.runners.statements.InvokeMethod.evaluate(InvokeMethod.java:17)
	at org.junit.runners.ParentRunner.runLeaf(ParentRunner.java:271)
	at org.junit.runners.BlockJUnit4ClassRunner.runChild(BlockJUnit4ClassRunner.java:70)
	at org.junit.runners.BlockJUnit4ClassRunner.runChild(BlockJUnit4ClassRunner.java:50)
	at org.junit.runners.ParentRunner$3.run(ParentRunner.java:238)
	at org.junit.runners.ParentRunner$1.schedule(ParentRunner.java:63)
	at org.junit.runners.ParentRunner.runChildren(ParentRunner.java:236)
	at org.junit.runners.ParentRunner.access$000(ParentRunner.java:53)
	at org.junit.runners.ParentRunner$2.evaluate(ParentRunner.java:229)
	at org.junit.runners.ParentRunner.run(ParentRunner.java:309)
	at com.gzoltar.lib.instrumentation.testing.junit.a.call(Unknown Source)
	at java.util.concurrent.FutureTask.run(FutureTask.java:266)
	at java.util.concurrent.ThreadPoolExecutor.runWorker(ThreadPoolExecutor.java:1142)
	at java.util.concurrent.ThreadPoolExecutor$Worker.run(ThreadPoolExecutor.java:617)
	at java.lang.Thread.run(Thread.java:745)

* Finished org.jsecurity.web.WebRememberMeManagerEvoSuiteTest#test6
* Started org.jsecurity.web.WebRememberMeManagerEvoSuiteTest#test7
* Finished org.jsecurity.web.WebRememberMeManagerEvoSuiteTest#test7
* Started org.jsecurity.web.WebRememberMeManagerEvoSuiteTest#test8
* Finished org.jsecurity.web.WebRememberMeManagerEvoSuiteTest#test8
* Started org.jsecurity.web.WebRememberMeManagerEvoSuiteTest#test9
* Finished org.jsecurity.web.WebRememberMeManagerEvoSuiteTest#test9
* Started org.jsecurity.web.RedirectViewEvoSuiteTest#test0
* Finished org.jsecurity.web.RedirectViewEvoSuiteTest#test0
* Started org.jsecurity.web.RedirectViewEvoSuiteTest#test1
* Finished org.jsecurity.web.RedirectViewEvoSuiteTest#test1
* Started org.jsecurity.web.RedirectViewEvoSuiteTest#test2
* Finished org.jsecurity.web.RedirectViewEvoSuiteTest#test2
* Started org.jsecurity.cache.HashtableCacheEvoSuiteTest#test0
* Finished org.jsecurity.cache.HashtableCacheEvoSuiteTest#test0
* Started org.jsecurity.cache.HashtableCacheEvoSuiteTest#test1
* Finished org.jsecurity.cache.HashtableCacheEvoSuiteTest#test1
* Started org.jsecurity.cache.HashtableCacheEvoSuiteTest#test2
* Finished org.jsecurity.cache.HashtableCacheEvoSuiteTest#test2
* Started org.jsecurity.cache.HashtableCacheEvoSuiteTest#test3
* Finished org.jsecurity.cache.HashtableCacheEvoSuiteTest#test3
* Started org.jsecurity.cache.HashtableCacheEvoSuiteTest#test4
* Finished org.jsecurity.cache.HashtableCacheEvoSuiteTest#test4
* Started org.jsecurity.cache.HashtableCacheEvoSuiteTest#test5
* Finished org.jsecurity.cache.HashtableCacheEvoSuiteTest#test5
* Started org.jsecurity.cache.HashtableCacheEvoSuiteTest#test6
* Finished org.jsecurity.cache.HashtableCacheEvoSuiteTest#test6
* Started org.jsecurity.cache.HashtableCacheEvoSuiteTest#test7
* Finished org.jsecurity.cache.HashtableCacheEvoSuiteTest#test7
* Started org.jsecurity.cache.HashtableCacheManagerEvoSuiteTest#test0
* Finished org.jsecurity.cache.HashtableCacheManagerEvoSuiteTest#test0
* Started org.jsecurity.jndi.JndiTemplateEvoSuiteTest#test0
log4j:WARN No appenders could be found for logger (org.jsecurity.jndi.JndiTemplate).
log4j:WARN Please initialize the log4j system properly.
* Finished org.jsecurity.jndi.JndiTemplateEvoSuiteTest#test0
* Started org.jsecurity.jndi.JndiTemplateEvoSuiteTest#test1
log4j:WARN No appenders could be found for logger (org.jsecurity.jndi.JndiTemplate).
log4j:WARN Please initialize the log4j system properly.
* Finished org.jsecurity.jndi.JndiTemplateEvoSuiteTest#test1
* Started org.jsecurity.jndi.JndiTemplateEvoSuiteTest#test2
log4j:WARN No appenders could be found for logger (org.jsecurity.jndi.JndiTemplate).
log4j:WARN Please initialize the log4j system properly.
* Finished org.jsecurity.jndi.JndiTemplateEvoSuiteTest#test2
* Started org.jsecurity.jndi.JndiTemplateEvoSuiteTest#test3
log4j:WARN No appenders could be found for logger (org.jsecurity.jndi.JndiTemplate).
log4j:WARN Please initialize the log4j system properly.
* Finished org.jsecurity.jndi.JndiTemplateEvoSuiteTest#test3
* Started org.jsecurity.jndi.JndiLocatorEvoSuiteTest#test0
* Finished org.jsecurity.jndi.JndiLocatorEvoSuiteTest#test0
* Started org.jsecurity.jndi.JndiLocatorEvoSuiteTest#test1
log4j:WARN No appenders could be found for logger (org.jsecurity.jndi.JndiTemplate).
log4j:WARN Please initialize the log4j system properly.
* Finished org.jsecurity.jndi.JndiLocatorEvoSuiteTest#test1
* Started org.jsecurity.jndi.JndiLocatorEvoSuiteTest#test2
* Finished org.jsecurity.jndi.JndiLocatorEvoSuiteTest#test2
* Started org.jsecurity.jndi.JndiLocatorEvoSuiteTest#test3
* Finished org.jsecurity.jndi.JndiLocatorEvoSuiteTest#test3
* Started org.jsecurity.jndi.JndiLocatorEvoSuiteTest#test4
* Finished org.jsecurity.jndi.JndiLocatorEvoSuiteTest#test4
* Started org.jsecurity.jndi.JndiLocatorEvoSuiteTest#test5
* Finished org.jsecurity.jndi.JndiLocatorEvoSuiteTest#test5
* Started org.jsecurity.jndi.JndiLocatorEvoSuiteTest#test6
log4j:WARN No appenders could be found for logger (org.jsecurity.jndi.JndiTemplate).
log4j:WARN Please initialize the log4j system properly.
* Finished org.jsecurity.jndi.JndiLocatorEvoSuiteTest#test6
* Started org.jsecurity.jndi.JndiLocatorEvoSuiteTest#test7
log4j:WARN No appenders could be found for logger (org.jsecurity.jndi.JndiTemplate).
log4j:WARN Please initialize the log4j system properly.
* Finished org.jsecurity.jndi.JndiLocatorEvoSuiteTest#test7
* Started org.jsecurity.jndi.JndiLocatorEvoSuiteTest#test8
* Finished org.jsecurity.jndi.JndiLocatorEvoSuiteTest#test8
* Started org.jsecurity.subject.AbstractRememberMeManagerEvoSuiteTest#test10
* Finished org.jsecurity.subject.AbstractRememberMeManagerEvoSuiteTest#test10
* Started org.jsecurity.subject.AbstractRememberMeManagerEvoSuiteTest#test11
* Finished org.jsecurity.subject.AbstractRememberMeManagerEvoSuiteTest#test11
* Started org.jsecurity.subject.AbstractRememberMeManagerEvoSuiteTest#test12
log4j:WARN No appenders could be found for logger (org.jsecurity.crypto.BlowfishCipher).
log4j:WARN Please initialize the log4j system properly.
* Finished org.jsecurity.subject.AbstractRememberMeManagerEvoSuiteTest#test12
* Started org.jsecurity.subject.AbstractRememberMeManagerEvoSuiteTest#test13
* Finished org.jsecurity.subject.AbstractRememberMeManagerEvoSuiteTest#test13
* Started org.jsecurity.subject.AbstractRememberMeManagerEvoSuiteTest#test14
* Finished org.jsecurity.subject.AbstractRememberMeManagerEvoSuiteTest#test14
* Started org.jsecurity.subject.AbstractRememberMeManagerEvoSuiteTest#test15
* Finished org.jsecurity.subject.AbstractRememberMeManagerEvoSuiteTest#test15
* Started org.jsecurity.subject.AbstractRememberMeManagerEvoSuiteTest#test16
log4j:WARN No appenders could be found for logger (org.jsecurity.subject.AbstractRememberMeManager).
log4j:WARN Please initialize the log4j system properly.
* Finished org.jsecurity.subject.AbstractRememberMeManagerEvoSuiteTest#test16
* Started org.jsecurity.subject.AbstractRememberMeManagerEvoSuiteTest#test17
log4j:WARN No appenders could be found for logger (org.jsecurity.subject.AbstractRememberMeManager).
log4j:WARN Please initialize the log4j system properly.
* Failure: No ServletRequest found in ThreadContext. Make sure WebUtils.bind() is being called. (typically called by JSecurityFilter)  This could also happen when running integration tests that don't properly call WebUtils.bind(). | test17(org.jsecurity.subject.AbstractRememberMeManagerEvoSuiteTest)
java.lang.IllegalStateException: No ServletRequest found in ThreadContext. Make sure WebUtils.bind() is being called. (typically called by JSecurityFilter)  This could also happen when running integration tests that don't properly call WebUtils.bind().
	at org.jsecurity.web.WebUtils.getRequiredServletRequest(WebUtils.java:327)
	at org.jsecurity.web.WebRememberMeManager.forgetIdentity(WebRememberMeManager.java:225)
	at org.jsecurity.subject.AbstractRememberMeManager.onRememberedPrincipalFailure(AbstractRememberMeManager.java:229)
	at org.jsecurity.subject.AbstractRememberMeManagerEvoSuiteTest.test17(AbstractRememberMeManagerEvoSuiteTest.java:368)
	at sun.reflect.NativeMethodAccessorImpl.invoke0(Native Method)
	at sun.reflect.NativeMethodAccessorImpl.invoke(NativeMethodAccessorImpl.java:62)
	at sun.reflect.DelegatingMethodAccessorImpl.invoke(DelegatingMethodAccessorImpl.java:43)
	at java.lang.reflect.Method.invoke(Method.java:498)
	at org.junit.runners.model.FrameworkMethod$1.runReflectiveCall(FrameworkMethod.java:47)
	at org.junit.internal.runners.model.ReflectiveCallable.run(ReflectiveCallable.java:12)
	at org.junit.runners.model.FrameworkMethod.invokeExplosively(FrameworkMethod.java:44)
	at org.junit.internal.runners.statements.InvokeMethod.evaluate(InvokeMethod.java:17)
	at org.junit.internal.runners.statements.RunBefores.evaluate(RunBefores.java:26)
	at org.junit.internal.runners.statements.RunAfters.evaluate(RunAfters.java:27)
	at org.junit.runners.ParentRunner.runLeaf(ParentRunner.java:271)
	at org.junit.runners.BlockJUnit4ClassRunner.runChild(BlockJUnit4ClassRunner.java:70)
	at org.junit.runners.BlockJUnit4ClassRunner.runChild(BlockJUnit4ClassRunner.java:50)
	at org.junit.runners.ParentRunner$3.run(ParentRunner.java:238)
	at org.junit.runners.ParentRunner$1.schedule(ParentRunner.java:63)
	at org.junit.runners.ParentRunner.runChildren(ParentRunner.java:236)
	at org.junit.runners.ParentRunner.access$000(ParentRunner.java:53)
	at org.junit.runners.ParentRunner$2.evaluate(ParentRunner.java:229)
	at org.junit.internal.runners.statements.RunBefores.evaluate(RunBefores.java:26)
	at org.junit.internal.runners.statements.RunAfters.evaluate(RunAfters.java:27)
	at org.junit.runners.ParentRunner.run(ParentRunner.java:309)
	at com.gzoltar.lib.instrumentation.testing.junit.a.call(Unknown Source)
	at java.util.concurrent.FutureTask.run(FutureTask.java:266)
	at java.util.concurrent.ThreadPoolExecutor.runWorker(ThreadPoolExecutor.java:1142)
	at java.util.concurrent.ThreadPoolExecutor$Worker.run(ThreadPoolExecutor.java:617)
	at java.lang.Thread.run(Thread.java:745)

* Finished org.jsecurity.subject.AbstractRememberMeManagerEvoSuiteTest#test17
* Started org.jsecurity.subject.AbstractRememberMeManagerEvoSuiteTest#test18
* Finished org.jsecurity.subject.AbstractRememberMeManagerEvoSuiteTest#test18
* Started org.jsecurity.subject.AbstractRememberMeManagerEvoSuiteTest#test0
log4j:WARN No appenders could be found for logger (org.jsecurity.util.ThreadContext).
log4j:WARN Please initialize the log4j system properly.
* Failure: No ServletRequest found in ThreadContext. Make sure WebUtils.bind() is being called. (typically called by JSecurityFilter)  This could also happen when running integration tests that don't properly call WebUtils.bind(). | test0(org.jsecurity.subject.AbstractRememberMeManagerEvoSuiteTest)
java.lang.IllegalStateException: No ServletRequest found in ThreadContext. Make sure WebUtils.bind() is being called. (typically called by JSecurityFilter)  This could also happen when running integration tests that don't properly call WebUtils.bind().
	at org.jsecurity.web.WebUtils.getRequiredServletRequest(WebUtils.java:327)
	at org.jsecurity.web.WebRememberMeManager.forgetIdentity(WebRememberMeManager.java:225)
	at org.jsecurity.subject.AbstractRememberMeManager.forgetIdentity(AbstractRememberMeManager.java:273)
	at org.jsecurity.subject.AbstractRememberMeManager.forgetIdentity(AbstractRememberMeManager.java:269)
	at org.jsecurity.subject.AbstractRememberMeManager.onFailedLogin(AbstractRememberMeManager.java:261)
	at org.jsecurity.subject.AbstractRememberMeManagerEvoSuiteTest.test0(AbstractRememberMeManagerEvoSuiteTest.java:72)
	at sun.reflect.NativeMethodAccessorImpl.invoke0(Native Method)
	at sun.reflect.NativeMethodAccessorImpl.invoke(NativeMethodAccessorImpl.java:62)
	at sun.reflect.DelegatingMethodAccessorImpl.invoke(DelegatingMethodAccessorImpl.java:43)
	at java.lang.reflect.Method.invoke(Method.java:498)
	at org.junit.runners.model.FrameworkMethod$1.runReflectiveCall(FrameworkMethod.java:47)
	at org.junit.internal.runners.model.ReflectiveCallable.run(ReflectiveCallable.java:12)
	at org.junit.runners.model.FrameworkMethod.invokeExplosively(FrameworkMethod.java:44)
	at org.junit.internal.runners.statements.InvokeMethod.evaluate(InvokeMethod.java:17)
	at org.junit.internal.runners.statements.RunBefores.evaluate(RunBefores.java:26)
	at org.junit.internal.runners.statements.RunAfters.evaluate(RunAfters.java:27)
	at org.junit.runners.ParentRunner.runLeaf(ParentRunner.java:271)
	at org.junit.runners.BlockJUnit4ClassRunner.runChild(BlockJUnit4ClassRunner.java:70)
	at org.junit.runners.BlockJUnit4ClassRunner.runChild(BlockJUnit4ClassRunner.java:50)
	at org.junit.runners.ParentRunner$3.run(ParentRunner.java:238)
	at org.junit.runners.ParentRunner$1.schedule(ParentRunner.java:63)
	at org.junit.runners.ParentRunner.runChildren(ParentRunner.java:236)
	at org.junit.runners.ParentRunner.access$000(ParentRunner.java:53)
	at org.junit.runners.ParentRunner$2.evaluate(ParentRunner.java:229)
	at org.junit.internal.runners.statements.RunBefores.evaluate(RunBefores.java:26)
	at org.junit.internal.runners.statements.RunAfters.evaluate(RunAfters.java:27)
	at org.junit.runners.ParentRunner.run(ParentRunner.java:309)
	at com.gzoltar.lib.instrumentation.testing.junit.a.call(Unknown Source)
	at java.util.concurrent.FutureTask.run(FutureTask.java:266)
	at java.util.concurrent.ThreadPoolExecutor.runWorker(ThreadPoolExecutor.java:1142)
	at java.util.concurrent.ThreadPoolExecutor$Worker.run(ThreadPoolExecutor.java:617)
	at java.lang.Thread.run(Thread.java:745)

* Finished org.jsecurity.subject.AbstractRememberMeManagerEvoSuiteTest#test0
* Started org.jsecurity.subject.AbstractRememberMeManagerEvoSuiteTest#test1
log4j:WARN No appenders could be found for logger (org.jsecurity.crypto.BlowfishCipher).
log4j:WARN Please initialize the log4j system properly.
* Finished org.jsecurity.subject.AbstractRememberMeManagerEvoSuiteTest#test1
* Started org.jsecurity.subject.AbstractRememberMeManagerEvoSuiteTest#test2
* Finished org.jsecurity.subject.AbstractRememberMeManagerEvoSuiteTest#test2
* Started org.jsecurity.subject.AbstractRememberMeManagerEvoSuiteTest#test3
* Finished org.jsecurity.subject.AbstractRememberMeManagerEvoSuiteTest#test3
* Started org.jsecurity.subject.AbstractRememberMeManagerEvoSuiteTest#test4
* Finished org.jsecurity.subject.AbstractRememberMeManagerEvoSuiteTest#test4
* Started org.jsecurity.subject.AbstractRememberMeManagerEvoSuiteTest#test5
* Finished org.jsecurity.subject.AbstractRememberMeManagerEvoSuiteTest#test5
* Started org.jsecurity.subject.AbstractRememberMeManagerEvoSuiteTest#test6
* Finished org.jsecurity.subject.AbstractRememberMeManagerEvoSuiteTest#test6
* Started org.jsecurity.subject.AbstractRememberMeManagerEvoSuiteTest#test7
* Finished org.jsecurity.subject.AbstractRememberMeManagerEvoSuiteTest#test7
* Started org.jsecurity.subject.AbstractRememberMeManagerEvoSuiteTest#test8
* Finished org.jsecurity.subject.AbstractRememberMeManagerEvoSuiteTest#test8
* Started org.jsecurity.subject.AbstractRememberMeManagerEvoSuiteTest#test9
log4j:WARN No appenders could be found for logger (org.jsecurity.util.ThreadContext).
log4j:WARN Please initialize the log4j system properly.
* Failure: No ServletRequest found in ThreadContext. Make sure WebUtils.bind() is being called. (typically called by JSecurityFilter)  This could also happen when running integration tests that don't properly call WebUtils.bind(). | test9(org.jsecurity.subject.AbstractRememberMeManagerEvoSuiteTest)
java.lang.IllegalStateException: No ServletRequest found in ThreadContext. Make sure WebUtils.bind() is being called. (typically called by JSecurityFilter)  This could also happen when running integration tests that don't properly call WebUtils.bind().
	at org.jsecurity.web.WebUtils.getRequiredServletRequest(WebUtils.java:327)
	at org.jsecurity.web.WebRememberMeManager.forgetIdentity(WebRememberMeManager.java:225)
	at org.jsecurity.subject.AbstractRememberMeManager.onLogout(AbstractRememberMeManager.java:265)
	at org.jsecurity.subject.AbstractRememberMeManagerEvoSuiteTest.test9(AbstractRememberMeManagerEvoSuiteTest.java:235)
	at sun.reflect.NativeMethodAccessorImpl.invoke0(Native Method)
	at sun.reflect.NativeMethodAccessorImpl.invoke(NativeMethodAccessorImpl.java:62)
	at sun.reflect.DelegatingMethodAccessorImpl.invoke(DelegatingMethodAccessorImpl.java:43)
	at java.lang.reflect.Method.invoke(Method.java:498)
	at org.junit.runners.model.FrameworkMethod$1.runReflectiveCall(FrameworkMethod.java:47)
	at org.junit.internal.runners.model.ReflectiveCallable.run(ReflectiveCallable.java:12)
	at org.junit.runners.model.FrameworkMethod.invokeExplosively(FrameworkMethod.java:44)
	at org.junit.internal.runners.statements.InvokeMethod.evaluate(InvokeMethod.java:17)
	at org.junit.internal.runners.statements.RunBefores.evaluate(RunBefores.java:26)
	at org.junit.internal.runners.statements.RunAfters.evaluate(RunAfters.java:27)
	at org.junit.runners.ParentRunner.runLeaf(ParentRunner.java:271)
	at org.junit.runners.BlockJUnit4ClassRunner.runChild(BlockJUnit4ClassRunner.java:70)
	at org.junit.runners.BlockJUnit4ClassRunner.runChild(BlockJUnit4ClassRunner.java:50)
	at org.junit.runners.ParentRunner$3.run(ParentRunner.java:238)
	at org.junit.runners.ParentRunner$1.schedule(ParentRunner.java:63)
	at org.junit.runners.ParentRunner.runChildren(ParentRunner.java:236)
	at org.junit.runners.ParentRunner.access$000(ParentRunner.java:53)
	at org.junit.runners.ParentRunner$2.evaluate(ParentRunner.java:229)
	at org.junit.internal.runners.statements.RunBefores.evaluate(RunBefores.java:26)
	at org.junit.internal.runners.statements.RunAfters.evaluate(RunAfters.java:27)
	at org.junit.runners.ParentRunner.run(ParentRunner.java:309)
	at com.gzoltar.lib.instrumentation.testing.junit.a.call(Unknown Source)
	at java.util.concurrent.FutureTask.run(FutureTask.java:266)
	at java.util.concurrent.ThreadPoolExecutor.runWorker(ThreadPoolExecutor.java:1142)
	at java.util.concurrent.ThreadPoolExecutor$Worker.run(ThreadPoolExecutor.java:617)
	at java.lang.Thread.run(Thread.java:745)

* Finished org.jsecurity.subject.AbstractRememberMeManagerEvoSuiteTest#test9
* Filtering test cases that do not cover any component
* Sending data to master
* Closing connection with client
* Performing fault localization
* Running Ochiai
* Writing coverage matrix to 'gzoltar-data/matrix'
* Writing spectra to 'gzoltar-data/spectra'
* Metrics
