   ____ _____     _ _               
  / ___|__  /___ | | |_ __ _ _ __   
 | |  _  / // _ \| | __/ _` | '__| 
 | |_| |/ /| (_) | | || (_| | |     
  \____/____\___/|_|\__\__,_|_| 

* Preparing classpath
OpenJDK 64-Bit Server VM warning: ignoring option MaxPermSize=256M; support was removed in 8.0
* Collecting classes under test
* Collecting test cases
* Performing analysis
* Started net.sf.jniinchi.INCHI_BOND_STEREOEvoSuiteTest#test10
* Finished net.sf.jniinchi.INCHI_BOND_STEREOEvoSuiteTest#test10
* Started net.sf.jniinchi.INCHI_BOND_STEREOEvoSuiteTest#test11
* Finished net.sf.jniinchi.INCHI_BOND_STEREOEvoSuiteTest#test11
* Started net.sf.jniinchi.INCHI_BOND_STEREOEvoSuiteTest#test12
* Finished net.sf.jniinchi.INCHI_BOND_STEREOEvoSuiteTest#test12
* Started net.sf.jniinchi.INCHI_BOND_STEREOEvoSuiteTest#test0
* Finished net.sf.jniinchi.INCHI_BOND_STEREOEvoSuiteTest#test0
* Started net.sf.jniinchi.INCHI_BOND_STEREOEvoSuiteTest#test1
* Finished net.sf.jniinchi.INCHI_BOND_STEREOEvoSuiteTest#test1
* Started net.sf.jniinchi.INCHI_BOND_STEREOEvoSuiteTest#test2
* Finished net.sf.jniinchi.INCHI_BOND_STEREOEvoSuiteTest#test2
* Started net.sf.jniinchi.INCHI_BOND_STEREOEvoSuiteTest#test3
* Finished net.sf.jniinchi.INCHI_BOND_STEREOEvoSuiteTest#test3
* Started net.sf.jniinchi.INCHI_BOND_STEREOEvoSuiteTest#test4
* Finished net.sf.jniinchi.INCHI_BOND_STEREOEvoSuiteTest#test4
* Started net.sf.jniinchi.INCHI_BOND_STEREOEvoSuiteTest#test5
* Finished net.sf.jniinchi.INCHI_BOND_STEREOEvoSuiteTest#test5
* Started net.sf.jniinchi.INCHI_BOND_STEREOEvoSuiteTest#test6
* Finished net.sf.jniinchi.INCHI_BOND_STEREOEvoSuiteTest#test6
* Started net.sf.jniinchi.INCHI_BOND_STEREOEvoSuiteTest#test7
* Finished net.sf.jniinchi.INCHI_BOND_STEREOEvoSuiteTest#test7
* Started net.sf.jniinchi.INCHI_BOND_STEREOEvoSuiteTest#test8
* Finished net.sf.jniinchi.INCHI_BOND_STEREOEvoSuiteTest#test8
* Started net.sf.jniinchi.INCHI_BOND_STEREOEvoSuiteTest#test9
* Finished net.sf.jniinchi.INCHI_BOND_STEREOEvoSuiteTest#test9
* Started net.sf.jniinchi.INCHI_STATUSEvoSuiteTest#test0
* Finished net.sf.jniinchi.INCHI_STATUSEvoSuiteTest#test0
* Started net.sf.jniinchi.INCHI_STATUSEvoSuiteTest#test1
* Finished net.sf.jniinchi.INCHI_STATUSEvoSuiteTest#test1
* Started net.sf.jniinchi.INCHI_STATUSEvoSuiteTest#test2
* Finished net.sf.jniinchi.INCHI_STATUSEvoSuiteTest#test2
* Started net.sf.jniinchi.INCHI_STATUSEvoSuiteTest#test3
* Finished net.sf.jniinchi.INCHI_STATUSEvoSuiteTest#test3
* Started net.sf.jniinchi.INCHI_STATUSEvoSuiteTest#test4
* Finished net.sf.jniinchi.INCHI_STATUSEvoSuiteTest#test4
* Started net.sf.jniinchi.INCHI_STATUSEvoSuiteTest#test5
* Finished net.sf.jniinchi.INCHI_STATUSEvoSuiteTest#test5
* Started net.sf.jniinchi.INCHI_STATUSEvoSuiteTest#test6
* Finished net.sf.jniinchi.INCHI_STATUSEvoSuiteTest#test6
* Started net.sf.jniinchi.INCHI_STATUSEvoSuiteTest#test7
* Finished net.sf.jniinchi.INCHI_STATUSEvoSuiteTest#test7
* Started net.sf.jniinchi.JniInchiOutputKeyEvoSuiteTest#test0
* Finished net.sf.jniinchi.JniInchiOutputKeyEvoSuiteTest#test0
* Started net.sf.jniinchi.JniInchiOutputKeyEvoSuiteTest#test1
* Finished net.sf.jniinchi.JniInchiOutputKeyEvoSuiteTest#test1
* Started net.sf.jniinchi.JniInchiOutputKeyEvoSuiteTest#test2
* Finished net.sf.jniinchi.JniInchiOutputKeyEvoSuiteTest#test2
* Started net.sf.jniinchi.JniInchiOutputKeyEvoSuiteTest#test3
* Finished net.sf.jniinchi.JniInchiOutputKeyEvoSuiteTest#test3
* Started net.sf.jniinchi.JniInchiOutputKeyEvoSuiteTest#test4
* Finished net.sf.jniinchi.JniInchiOutputKeyEvoSuiteTest#test4
* Started net.sf.jniinchi.INCHI_PARITYEvoSuiteTest#test0
* Finished net.sf.jniinchi.INCHI_PARITYEvoSuiteTest#test0
* Started net.sf.jniinchi.INCHI_PARITYEvoSuiteTest#test1
* Finished net.sf.jniinchi.INCHI_PARITYEvoSuiteTest#test1
* Started net.sf.jniinchi.INCHI_PARITYEvoSuiteTest#test2
* Finished net.sf.jniinchi.INCHI_PARITYEvoSuiteTest#test2
* Started net.sf.jniinchi.INCHI_PARITYEvoSuiteTest#test3
* Finished net.sf.jniinchi.INCHI_PARITYEvoSuiteTest#test3
* Started net.sf.jniinchi.INCHI_PARITYEvoSuiteTest#test4
* Finished net.sf.jniinchi.INCHI_PARITYEvoSuiteTest#test4
* Started net.sf.jniinchi.INCHI_PARITYEvoSuiteTest#test5
* Finished net.sf.jniinchi.INCHI_PARITYEvoSuiteTest#test5
* Started net.sf.jniinchi.INCHI_PARITYEvoSuiteTest#test6
* Finished net.sf.jniinchi.INCHI_PARITYEvoSuiteTest#test6
* Started net.sf.jniinchi.JniInchiOutputEvoSuiteTest#test10
* Finished net.sf.jniinchi.JniInchiOutputEvoSuiteTest#test10
* Started net.sf.jniinchi.JniInchiOutputEvoSuiteTest#test0
* Finished net.sf.jniinchi.JniInchiOutputEvoSuiteTest#test0
* Started net.sf.jniinchi.JniInchiOutputEvoSuiteTest#test1
* Finished net.sf.jniinchi.JniInchiOutputEvoSuiteTest#test1
* Started net.sf.jniinchi.JniInchiOutputEvoSuiteTest#test2
* Finished net.sf.jniinchi.JniInchiOutputEvoSuiteTest#test2
* Started net.sf.jniinchi.JniInchiOutputEvoSuiteTest#test3
* Finished net.sf.jniinchi.JniInchiOutputEvoSuiteTest#test3
* Started net.sf.jniinchi.JniInchiOutputEvoSuiteTest#test4
* Finished net.sf.jniinchi.JniInchiOutputEvoSuiteTest#test4
* Started net.sf.jniinchi.JniInchiOutputEvoSuiteTest#test5
* Finished net.sf.jniinchi.JniInchiOutputEvoSuiteTest#test5
* Started net.sf.jniinchi.JniInchiOutputEvoSuiteTest#test6
* Finished net.sf.jniinchi.JniInchiOutputEvoSuiteTest#test6
* Started net.sf.jniinchi.JniInchiOutputEvoSuiteTest#test7
* Finished net.sf.jniinchi.JniInchiOutputEvoSuiteTest#test7
* Started net.sf.jniinchi.JniInchiOutputEvoSuiteTest#test8
* Finished net.sf.jniinchi.JniInchiOutputEvoSuiteTest#test8
* Started net.sf.jniinchi.JniInchiOutputEvoSuiteTest#test9
* Finished net.sf.jniinchi.JniInchiOutputEvoSuiteTest#test9
* Started net.sf.jniinchi.INCHI_RETEvoSuiteTest#test0
* Finished net.sf.jniinchi.INCHI_RETEvoSuiteTest#test0
* Started net.sf.jniinchi.INCHI_RETEvoSuiteTest#test1
* Finished net.sf.jniinchi.INCHI_RETEvoSuiteTest#test1
* Started net.sf.jniinchi.INCHI_RETEvoSuiteTest#test2
* Finished net.sf.jniinchi.INCHI_RETEvoSuiteTest#test2
* Started net.sf.jniinchi.INCHI_RETEvoSuiteTest#test3
* Finished net.sf.jniinchi.INCHI_RETEvoSuiteTest#test3
* Started net.sf.jniinchi.INCHI_RETEvoSuiteTest#test4
* Finished net.sf.jniinchi.INCHI_RETEvoSuiteTest#test4
* Started net.sf.jniinchi.INCHI_RETEvoSuiteTest#test5
* Finished net.sf.jniinchi.INCHI_RETEvoSuiteTest#test5
* Started net.sf.jniinchi.INCHI_RETEvoSuiteTest#test6
* Finished net.sf.jniinchi.INCHI_RETEvoSuiteTest#test6
* Started net.sf.jniinchi.INCHI_RETEvoSuiteTest#test7
* Finished net.sf.jniinchi.INCHI_RETEvoSuiteTest#test7
* Started net.sf.jniinchi.INCHI_RETEvoSuiteTest#test8
* Finished net.sf.jniinchi.INCHI_RETEvoSuiteTest#test8
* Started net.sf.jniinchi.INCHI_RETEvoSuiteTest#test9
* Finished net.sf.jniinchi.INCHI_RETEvoSuiteTest#test9
* Started net.sf.jniinchi.INCHI_KEY_STATUSEvoSuiteTest#test0
* Finished net.sf.jniinchi.INCHI_KEY_STATUSEvoSuiteTest#test0
* Started net.sf.jniinchi.INCHI_KEY_STATUSEvoSuiteTest#test1
* Finished net.sf.jniinchi.INCHI_KEY_STATUSEvoSuiteTest#test1
* Started net.sf.jniinchi.INCHI_KEY_STATUSEvoSuiteTest#test2
* Finished net.sf.jniinchi.INCHI_KEY_STATUSEvoSuiteTest#test2
* Started net.sf.jniinchi.INCHI_KEY_STATUSEvoSuiteTest#test3
* Finished net.sf.jniinchi.INCHI_KEY_STATUSEvoSuiteTest#test3
* Started net.sf.jniinchi.INCHI_KEY_STATUSEvoSuiteTest#test4
* Finished net.sf.jniinchi.INCHI_KEY_STATUSEvoSuiteTest#test4
* Started net.sf.jniinchi.INCHI_KEY_STATUSEvoSuiteTest#test5
* Finished net.sf.jniinchi.INCHI_KEY_STATUSEvoSuiteTest#test5
* Started net.sf.jniinchi.JniInchiOutputStructureEvoSuiteTest#test0
* Finished net.sf.jniinchi.JniInchiOutputStructureEvoSuiteTest#test0
* Started net.sf.jniinchi.JniInchiOutputStructureEvoSuiteTest#test1
* Finished net.sf.jniinchi.JniInchiOutputStructureEvoSuiteTest#test1
* Started net.sf.jniinchi.JniInchiOutputStructureEvoSuiteTest#test2
* Finished net.sf.jniinchi.JniInchiOutputStructureEvoSuiteTest#test2
* Started net.sf.jniinchi.JniInchiOutputStructureEvoSuiteTest#test3
* Finished net.sf.jniinchi.JniInchiOutputStructureEvoSuiteTest#test3
* Started net.sf.jniinchi.JniInchiOutputStructureEvoSuiteTest#test4
* Finished net.sf.jniinchi.JniInchiOutputStructureEvoSuiteTest#test4
* Started net.sf.jniinchi.JniInchiOutputStructureEvoSuiteTest#test5
* Finished net.sf.jniinchi.JniInchiOutputStructureEvoSuiteTest#test5
* Started net.sf.jniinchi.JniInchiStructureEvoSuiteTest#test10
* Finished net.sf.jniinchi.JniInchiStructureEvoSuiteTest#test10
* Started net.sf.jniinchi.JniInchiStructureEvoSuiteTest#test11
* Finished net.sf.jniinchi.JniInchiStructureEvoSuiteTest#test11
* Started net.sf.jniinchi.JniInchiStructureEvoSuiteTest#test0
* Finished net.sf.jniinchi.JniInchiStructureEvoSuiteTest#test0
* Started net.sf.jniinchi.JniInchiStructureEvoSuiteTest#test1
* Finished net.sf.jniinchi.JniInchiStructureEvoSuiteTest#test1
* Started net.sf.jniinchi.JniInchiStructureEvoSuiteTest#test2
* Finished net.sf.jniinchi.JniInchiStructureEvoSuiteTest#test2
* Started net.sf.jniinchi.JniInchiStructureEvoSuiteTest#test3
* Finished net.sf.jniinchi.JniInchiStructureEvoSuiteTest#test3
* Started net.sf.jniinchi.JniInchiStructureEvoSuiteTest#test4
* Finished net.sf.jniinchi.JniInchiStructureEvoSuiteTest#test4
* Started net.sf.jniinchi.JniInchiStructureEvoSuiteTest#test5
* Finished net.sf.jniinchi.JniInchiStructureEvoSuiteTest#test5
* Started net.sf.jniinchi.JniInchiStructureEvoSuiteTest#test6
* Finished net.sf.jniinchi.JniInchiStructureEvoSuiteTest#test6
* Started net.sf.jniinchi.JniInchiStructureEvoSuiteTest#test7
* Finished net.sf.jniinchi.JniInchiStructureEvoSuiteTest#test7
* Started net.sf.jniinchi.JniInchiStructureEvoSuiteTest#test8
* Finished net.sf.jniinchi.JniInchiStructureEvoSuiteTest#test8
* Started net.sf.jniinchi.JniInchiStructureEvoSuiteTest#test9
* Finished net.sf.jniinchi.JniInchiStructureEvoSuiteTest#test9
* Started net.sf.jniinchi.INCHI_OPTIONEvoSuiteTest#test0
* Finished net.sf.jniinchi.INCHI_OPTIONEvoSuiteTest#test0
* Started net.sf.jniinchi.INCHI_OPTIONEvoSuiteTest#test1
* Finished net.sf.jniinchi.INCHI_OPTIONEvoSuiteTest#test1
* Started net.sf.jniinchi.INCHI_RADICALEvoSuiteTest#test0
* Finished net.sf.jniinchi.INCHI_RADICALEvoSuiteTest#test0
* Started net.sf.jniinchi.INCHI_RADICALEvoSuiteTest#test1
* Finished net.sf.jniinchi.INCHI_RADICALEvoSuiteTest#test1
* Started net.sf.jniinchi.INCHI_RADICALEvoSuiteTest#test2
* Finished net.sf.jniinchi.INCHI_RADICALEvoSuiteTest#test2
* Started net.sf.jniinchi.INCHI_RADICALEvoSuiteTest#test3
* Finished net.sf.jniinchi.INCHI_RADICALEvoSuiteTest#test3
* Started net.sf.jniinchi.INCHI_RADICALEvoSuiteTest#test4
* Finished net.sf.jniinchi.INCHI_RADICALEvoSuiteTest#test4
* Started net.sf.jniinchi.INCHI_BOND_TYPEEvoSuiteTest#test0
* Finished net.sf.jniinchi.INCHI_BOND_TYPEEvoSuiteTest#test0
* Started net.sf.jniinchi.INCHI_BOND_TYPEEvoSuiteTest#test1
* Finished net.sf.jniinchi.INCHI_BOND_TYPEEvoSuiteTest#test1
* Started net.sf.jniinchi.INCHI_BOND_TYPEEvoSuiteTest#test2
* Finished net.sf.jniinchi.INCHI_BOND_TYPEEvoSuiteTest#test2
* Started net.sf.jniinchi.INCHI_BOND_TYPEEvoSuiteTest#test3
* Finished net.sf.jniinchi.INCHI_BOND_TYPEEvoSuiteTest#test3
* Started net.sf.jniinchi.INCHI_BOND_TYPEEvoSuiteTest#test4
* Finished net.sf.jniinchi.INCHI_BOND_TYPEEvoSuiteTest#test4
* Started net.sf.jniinchi.INCHI_BOND_TYPEEvoSuiteTest#test5
* Finished net.sf.jniinchi.INCHI_BOND_TYPEEvoSuiteTest#test5
* Started net.sf.jniinchi.INCHI_BOND_TYPEEvoSuiteTest#test6
* Finished net.sf.jniinchi.INCHI_BOND_TYPEEvoSuiteTest#test6
* Started net.sf.jniinchi.JniInchiAtomEvoSuiteTest#test10
* Finished net.sf.jniinchi.JniInchiAtomEvoSuiteTest#test10
* Started net.sf.jniinchi.JniInchiAtomEvoSuiteTest#test11
* Finished net.sf.jniinchi.JniInchiAtomEvoSuiteTest#test11
* Started net.sf.jniinchi.JniInchiAtomEvoSuiteTest#test12
* Finished net.sf.jniinchi.JniInchiAtomEvoSuiteTest#test12
* Started net.sf.jniinchi.JniInchiAtomEvoSuiteTest#test13
* Finished net.sf.jniinchi.JniInchiAtomEvoSuiteTest#test13
* Started net.sf.jniinchi.JniInchiAtomEvoSuiteTest#test14
* Finished net.sf.jniinchi.JniInchiAtomEvoSuiteTest#test14
* Started net.sf.jniinchi.JniInchiAtomEvoSuiteTest#test15
* Finished net.sf.jniinchi.JniInchiAtomEvoSuiteTest#test15
* Started net.sf.jniinchi.JniInchiAtomEvoSuiteTest#test16
* Finished net.sf.jniinchi.JniInchiAtomEvoSuiteTest#test16
* Started net.sf.jniinchi.JniInchiAtomEvoSuiteTest#test17
* Finished net.sf.jniinchi.JniInchiAtomEvoSuiteTest#test17
* Started net.sf.jniinchi.JniInchiAtomEvoSuiteTest#test18
* Finished net.sf.jniinchi.JniInchiAtomEvoSuiteTest#test18
* Started net.sf.jniinchi.JniInchiAtomEvoSuiteTest#test19
* Finished net.sf.jniinchi.JniInchiAtomEvoSuiteTest#test19
* Started net.sf.jniinchi.JniInchiAtomEvoSuiteTest#test20
InChI Atom:  [0.0,0.0,0.0] Charge:0 // Iso Mass:0 // Implicit H:-1 P:0 D:0 T:0 // Radical: NONE
* Finished net.sf.jniinchi.JniInchiAtomEvoSuiteTest#test20
* Started net.sf.jniinchi.JniInchiAtomEvoSuiteTest#test21
* Finished net.sf.jniinchi.JniInchiAtomEvoSuiteTest#test21
* Started net.sf.jniinchi.JniInchiAtomEvoSuiteTest#test22
* Finished net.sf.jniinchi.JniInchiAtomEvoSuiteTest#test22
* Started net.sf.jniinchi.JniInchiAtomEvoSuiteTest#test0
* Finished net.sf.jniinchi.JniInchiAtomEvoSuiteTest#test0
* Started net.sf.jniinchi.JniInchiAtomEvoSuiteTest#test1
* Finished net.sf.jniinchi.JniInchiAtomEvoSuiteTest#test1
* Started net.sf.jniinchi.JniInchiAtomEvoSuiteTest#test2
* Finished net.sf.jniinchi.JniInchiAtomEvoSuiteTest#test2
* Started net.sf.jniinchi.JniInchiAtomEvoSuiteTest#test3
* Finished net.sf.jniinchi.JniInchiAtomEvoSuiteTest#test3
* Started net.sf.jniinchi.JniInchiAtomEvoSuiteTest#test4
* Finished net.sf.jniinchi.JniInchiAtomEvoSuiteTest#test4
* Started net.sf.jniinchi.JniInchiAtomEvoSuiteTest#test5
* Finished net.sf.jniinchi.JniInchiAtomEvoSuiteTest#test5
* Started net.sf.jniinchi.JniInchiAtomEvoSuiteTest#test6
* Finished net.sf.jniinchi.JniInchiAtomEvoSuiteTest#test6
* Started net.sf.jniinchi.JniInchiAtomEvoSuiteTest#test7
* Finished net.sf.jniinchi.JniInchiAtomEvoSuiteTest#test7
* Started net.sf.jniinchi.JniInchiAtomEvoSuiteTest#test8
* Finished net.sf.jniinchi.JniInchiAtomEvoSuiteTest#test8
* Started net.sf.jniinchi.JniInchiAtomEvoSuiteTest#test9
* Finished net.sf.jniinchi.JniInchiAtomEvoSuiteTest#test9
* Started net.sf.jniinchi.JniInchiStereo0DEvoSuiteTest#test10
* Finished net.sf.jniinchi.JniInchiStereo0DEvoSuiteTest#test10
* Started net.sf.jniinchi.JniInchiStereo0DEvoSuiteTest#test11
* Finished net.sf.jniinchi.JniInchiStereo0DEvoSuiteTest#test11
* Started net.sf.jniinchi.JniInchiStereo0DEvoSuiteTest#test0
* Finished net.sf.jniinchi.JniInchiStereo0DEvoSuiteTest#test0
* Started net.sf.jniinchi.JniInchiStereo0DEvoSuiteTest#test1
* Finished net.sf.jniinchi.JniInchiStereo0DEvoSuiteTest#test1
* Started net.sf.jniinchi.JniInchiStereo0DEvoSuiteTest#test2
* Finished net.sf.jniinchi.JniInchiStereo0DEvoSuiteTest#test2
* Started net.sf.jniinchi.JniInchiStereo0DEvoSuiteTest#test3
InChI Stereo0D: 1i0I.-p8>A [1i0I.-p8>A,1i0I.-p8>A,1i0I.-p8>A,1i0I.-p8>A] Type::TETRAHEDRAL // Parity:NONE
* Finished net.sf.jniinchi.JniInchiStereo0DEvoSuiteTest#test3
* Started net.sf.jniinchi.JniInchiStereo0DEvoSuiteTest#test4
* Finished net.sf.jniinchi.JniInchiStereo0DEvoSuiteTest#test4
* Started net.sf.jniinchi.JniInchiStereo0DEvoSuiteTest#test5
* Finished net.sf.jniinchi.JniInchiStereo0DEvoSuiteTest#test5
* Started net.sf.jniinchi.JniInchiStereo0DEvoSuiteTest#test6
* Finished net.sf.jniinchi.JniInchiStereo0DEvoSuiteTest#test6
* Started net.sf.jniinchi.JniInchiStereo0DEvoSuiteTest#test7
* Finished net.sf.jniinchi.JniInchiStereo0DEvoSuiteTest#test7
* Started net.sf.jniinchi.JniInchiStereo0DEvoSuiteTest#test8
* Finished net.sf.jniinchi.JniInchiStereo0DEvoSuiteTest#test8
* Started net.sf.jniinchi.JniInchiStereo0DEvoSuiteTest#test9
* Finished net.sf.jniinchi.JniInchiStereo0DEvoSuiteTest#test9
* Started net.sf.jniinchi.JniInchiBondEvoSuiteTest#test0
* Finished net.sf.jniinchi.JniInchiBondEvoSuiteTest#test0
* Started net.sf.jniinchi.JniInchiBondEvoSuiteTest#test1
* Finished net.sf.jniinchi.JniInchiBondEvoSuiteTest#test1
* Started net.sf.jniinchi.JniInchiBondEvoSuiteTest#test2
* Finished net.sf.jniinchi.JniInchiBondEvoSuiteTest#test2
* Started net.sf.jniinchi.JniInchiBondEvoSuiteTest#test3
InChI Bond: - // Type: DOUBLE // Stereo: SINGLE_1EITHER
* Finished net.sf.jniinchi.JniInchiBondEvoSuiteTest#test3
* Started net.sf.jniinchi.JniInchiBondEvoSuiteTest#test4
* Finished net.sf.jniinchi.JniInchiBondEvoSuiteTest#test4
* Started net.sf.jniinchi.JniInchiBondEvoSuiteTest#test5
* Finished net.sf.jniinchi.JniInchiBondEvoSuiteTest#test5
* Started net.sf.jniinchi.JniInchiBondEvoSuiteTest#test6
* Finished net.sf.jniinchi.JniInchiBondEvoSuiteTest#test6
* Started net.sf.jniinchi.JniInchiBondEvoSuiteTest#test7
* Finished net.sf.jniinchi.JniInchiBondEvoSuiteTest#test7
* Started net.sf.jniinchi.JniInchiInputInchiEvoSuiteTest#test0
* Failure: Expecting exception: NoClassDefFoundError | test0(net.sf.jniinchi.JniInchiInputInchiEvoSuiteTest)
java.lang.AssertionError: Expecting exception: NoClassDefFoundError
	at org.junit.Assert.fail(Assert.java:88)
	at net.sf.jniinchi.JniInchiInputInchiEvoSuiteTest.test0(JniInchiInputInchiEvoSuiteTest.java:29)
	at sun.reflect.NativeMethodAccessorImpl.invoke0(Native Method)
	at sun.reflect.NativeMethodAccessorImpl.invoke(NativeMethodAccessorImpl.java:62)
	at sun.reflect.DelegatingMethodAccessorImpl.invoke(DelegatingMethodAccessorImpl.java:43)
	at java.lang.reflect.Method.invoke(Method.java:498)
	at org.junit.runners.model.FrameworkMethod$1.runReflectiveCall(FrameworkMethod.java:47)
	at org.junit.internal.runners.model.ReflectiveCallable.run(ReflectiveCallable.java:12)
	at org.junit.runners.model.FrameworkMethod.invokeExplosively(FrameworkMethod.java:44)
	at org.junit.internal.runners.statements.InvokeMethod.evaluate(InvokeMethod.java:17)
	at org.junit.runners.ParentRunner.runLeaf(ParentRunner.java:271)
	at org.junit.runners.BlockJUnit4ClassRunner.runChild(BlockJUnit4ClassRunner.java:70)
	at org.junit.runners.BlockJUnit4ClassRunner.runChild(BlockJUnit4ClassRunner.java:50)
	at org.junit.runners.ParentRunner$3.run(ParentRunner.java:238)
	at org.junit.runners.ParentRunner$1.schedule(ParentRunner.java:63)
	at org.junit.runners.ParentRunner.runChildren(ParentRunner.java:236)
	at org.junit.runners.ParentRunner.access$000(ParentRunner.java:53)
	at org.junit.runners.ParentRunner$2.evaluate(ParentRunner.java:229)
	at org.junit.runners.ParentRunner.run(ParentRunner.java:309)
	at com.gzoltar.lib.instrumentation.testing.junit.a.call(Unknown Source)
	at java.util.concurrent.FutureTask.run(FutureTask.java:266)
	at java.util.concurrent.ThreadPoolExecutor.runWorker(ThreadPoolExecutor.java:1142)
	at java.util.concurrent.ThreadPoolExecutor$Worker.run(ThreadPoolExecutor.java:617)
	at java.lang.Thread.run(Thread.java:745)

* Finished net.sf.jniinchi.JniInchiInputInchiEvoSuiteTest#test0
* Started net.sf.jniinchi.JniInchiInputInchiEvoSuiteTest#test1
* Failure: Expecting exception: NoClassDefFoundError | test1(net.sf.jniinchi.JniInchiInputInchiEvoSuiteTest)
java.lang.AssertionError: Expecting exception: NoClassDefFoundError
	at org.junit.Assert.fail(Assert.java:88)
	at net.sf.jniinchi.JniInchiInputInchiEvoSuiteTest.test1(JniInchiInputInchiEvoSuiteTest.java:47)
	at sun.reflect.NativeMethodAccessorImpl.invoke0(Native Method)
	at sun.reflect.NativeMethodAccessorImpl.invoke(NativeMethodAccessorImpl.java:62)
	at sun.reflect.DelegatingMethodAccessorImpl.invoke(DelegatingMethodAccessorImpl.java:43)
	at java.lang.reflect.Method.invoke(Method.java:498)
	at org.junit.runners.model.FrameworkMethod$1.runReflectiveCall(FrameworkMethod.java:47)
	at org.junit.internal.runners.model.ReflectiveCallable.run(ReflectiveCallable.java:12)
	at org.junit.runners.model.FrameworkMethod.invokeExplosively(FrameworkMethod.java:44)
	at org.junit.internal.runners.statements.InvokeMethod.evaluate(InvokeMethod.java:17)
	at org.junit.runners.ParentRunner.runLeaf(ParentRunner.java:271)
	at org.junit.runners.BlockJUnit4ClassRunner.runChild(BlockJUnit4ClassRunner.java:70)
	at org.junit.runners.BlockJUnit4ClassRunner.runChild(BlockJUnit4ClassRunner.java:50)
	at org.junit.runners.ParentRunner$3.run(ParentRunner.java:238)
	at org.junit.runners.ParentRunner$1.schedule(ParentRunner.java:63)
	at org.junit.runners.ParentRunner.runChildren(ParentRunner.java:236)
	at org.junit.runners.ParentRunner.access$000(ParentRunner.java:53)
	at org.junit.runners.ParentRunner$2.evaluate(ParentRunner.java:229)
	at org.junit.runners.ParentRunner.run(ParentRunner.java:309)
	at com.gzoltar.lib.instrumentation.testing.junit.a.call(Unknown Source)
	at java.util.concurrent.FutureTask.run(FutureTask.java:266)
	at java.util.concurrent.ThreadPoolExecutor.runWorker(ThreadPoolExecutor.java:1142)
	at java.util.concurrent.ThreadPoolExecutor$Worker.run(ThreadPoolExecutor.java:617)
	at java.lang.Thread.run(Thread.java:745)

* Finished net.sf.jniinchi.JniInchiInputInchiEvoSuiteTest#test1
* Started net.sf.jniinchi.JniInchiInputInchiEvoSuiteTest#test2
* Finished net.sf.jniinchi.JniInchiInputInchiEvoSuiteTest#test2
* Started net.sf.jniinchi.JniInchiInputInchiEvoSuiteTest#test3
* Finished net.sf.jniinchi.JniInchiInputInchiEvoSuiteTest#test3
* Started net.sf.jniinchi.INCHI_KEYEvoSuiteTest#test10
* Finished net.sf.jniinchi.INCHI_KEYEvoSuiteTest#test10
* Started net.sf.jniinchi.INCHI_KEYEvoSuiteTest#test11
* Finished net.sf.jniinchi.INCHI_KEYEvoSuiteTest#test11
* Started net.sf.jniinchi.INCHI_KEYEvoSuiteTest#test12
* Finished net.sf.jniinchi.INCHI_KEYEvoSuiteTest#test12
* Started net.sf.jniinchi.INCHI_KEYEvoSuiteTest#test13
* Finished net.sf.jniinchi.INCHI_KEYEvoSuiteTest#test13
* Started net.sf.jniinchi.INCHI_KEYEvoSuiteTest#test14
* Finished net.sf.jniinchi.INCHI_KEYEvoSuiteTest#test14
* Started net.sf.jniinchi.INCHI_KEYEvoSuiteTest#test15
* Finished net.sf.jniinchi.INCHI_KEYEvoSuiteTest#test15
* Started net.sf.jniinchi.INCHI_KEYEvoSuiteTest#test16
* Finished net.sf.jniinchi.INCHI_KEYEvoSuiteTest#test16
* Started net.sf.jniinchi.INCHI_KEYEvoSuiteTest#test17
* Finished net.sf.jniinchi.INCHI_KEYEvoSuiteTest#test17
* Started net.sf.jniinchi.INCHI_KEYEvoSuiteTest#test0
* Finished net.sf.jniinchi.INCHI_KEYEvoSuiteTest#test0
* Started net.sf.jniinchi.INCHI_KEYEvoSuiteTest#test1
* Finished net.sf.jniinchi.INCHI_KEYEvoSuiteTest#test1
* Started net.sf.jniinchi.INCHI_KEYEvoSuiteTest#test2
* Finished net.sf.jniinchi.INCHI_KEYEvoSuiteTest#test2
* Started net.sf.jniinchi.INCHI_KEYEvoSuiteTest#test3
* Finished net.sf.jniinchi.INCHI_KEYEvoSuiteTest#test3
* Started net.sf.jniinchi.INCHI_KEYEvoSuiteTest#test4
* Finished net.sf.jniinchi.INCHI_KEYEvoSuiteTest#test4
* Started net.sf.jniinchi.INCHI_KEYEvoSuiteTest#test5
* Finished net.sf.jniinchi.INCHI_KEYEvoSuiteTest#test5
* Started net.sf.jniinchi.INCHI_KEYEvoSuiteTest#test6
* Finished net.sf.jniinchi.INCHI_KEYEvoSuiteTest#test6
* Started net.sf.jniinchi.INCHI_KEYEvoSuiteTest#test7
* Finished net.sf.jniinchi.INCHI_KEYEvoSuiteTest#test7
* Started net.sf.jniinchi.INCHI_KEYEvoSuiteTest#test8
* Finished net.sf.jniinchi.INCHI_KEYEvoSuiteTest#test8
* Started net.sf.jniinchi.INCHI_KEYEvoSuiteTest#test9
* Finished net.sf.jniinchi.INCHI_KEYEvoSuiteTest#test9
* Started net.sf.jniinchi.JniInchiInputEvoSuiteTest#test0
* Finished net.sf.jniinchi.JniInchiInputEvoSuiteTest#test0
* Started net.sf.jniinchi.JniInchiInputEvoSuiteTest#test1
* Finished net.sf.jniinchi.JniInchiInputEvoSuiteTest#test1
* Started net.sf.jniinchi.JniInchiInputEvoSuiteTest#test2
* Finished net.sf.jniinchi.JniInchiInputEvoSuiteTest#test2
* Started net.sf.jniinchi.JniInchiInputEvoSuiteTest#test3
* Failure: Expecting exception: NoClassDefFoundError | test3(net.sf.jniinchi.JniInchiInputEvoSuiteTest)
java.lang.AssertionError: Expecting exception: NoClassDefFoundError
	at org.junit.Assert.fail(Assert.java:88)
	at net.sf.jniinchi.JniInchiInputEvoSuiteTest.test3(JniInchiInputEvoSuiteTest.java:71)
	at sun.reflect.NativeMethodAccessorImpl.invoke0(Native Method)
	at sun.reflect.NativeMethodAccessorImpl.invoke(NativeMethodAccessorImpl.java:62)
	at sun.reflect.DelegatingMethodAccessorImpl.invoke(DelegatingMethodAccessorImpl.java:43)
	at java.lang.reflect.Method.invoke(Method.java:498)
	at org.junit.runners.model.FrameworkMethod$1.runReflectiveCall(FrameworkMethod.java:47)
	at org.junit.internal.runners.model.ReflectiveCallable.run(ReflectiveCallable.java:12)
	at org.junit.runners.model.FrameworkMethod.invokeExplosively(FrameworkMethod.java:44)
	at org.junit.internal.runners.statements.InvokeMethod.evaluate(InvokeMethod.java:17)
	at org.junit.runners.ParentRunner.runLeaf(ParentRunner.java:271)
	at org.junit.runners.BlockJUnit4ClassRunner.runChild(BlockJUnit4ClassRunner.java:70)
	at org.junit.runners.BlockJUnit4ClassRunner.runChild(BlockJUnit4ClassRunner.java:50)
	at org.junit.runners.ParentRunner$3.run(ParentRunner.java:238)
	at org.junit.runners.ParentRunner$1.schedule(ParentRunner.java:63)
	at org.junit.runners.ParentRunner.runChildren(ParentRunner.java:236)
	at org.junit.runners.ParentRunner.access$000(ParentRunner.java:53)
	at org.junit.runners.ParentRunner$2.evaluate(ParentRunner.java:229)
	at org.junit.runners.ParentRunner.run(ParentRunner.java:309)
	at com.gzoltar.lib.instrumentation.testing.junit.a.call(Unknown Source)
	at java.util.concurrent.FutureTask.run(FutureTask.java:266)
	at java.util.concurrent.ThreadPoolExecutor.runWorker(ThreadPoolExecutor.java:1142)
	at java.util.concurrent.ThreadPoolExecutor$Worker.run(ThreadPoolExecutor.java:617)
	at java.lang.Thread.run(Thread.java:745)

* Finished net.sf.jniinchi.JniInchiInputEvoSuiteTest#test3
* Started net.sf.jniinchi.JniInchiInputEvoSuiteTest#test4
* Failure: Expecting exception: NoClassDefFoundError | test4(net.sf.jniinchi.JniInchiInputEvoSuiteTest)
java.lang.AssertionError: Expecting exception: NoClassDefFoundError
	at org.junit.Assert.fail(Assert.java:88)
	at net.sf.jniinchi.JniInchiInputEvoSuiteTest.test4(JniInchiInputEvoSuiteTest.java:91)
	at sun.reflect.NativeMethodAccessorImpl.invoke0(Native Method)
	at sun.reflect.NativeMethodAccessorImpl.invoke(NativeMethodAccessorImpl.java:62)
	at sun.reflect.DelegatingMethodAccessorImpl.invoke(DelegatingMethodAccessorImpl.java:43)
	at java.lang.reflect.Method.invoke(Method.java:498)
	at org.junit.runners.model.FrameworkMethod$1.runReflectiveCall(FrameworkMethod.java:47)
	at org.junit.internal.runners.model.ReflectiveCallable.run(ReflectiveCallable.java:12)
	at org.junit.runners.model.FrameworkMethod.invokeExplosively(FrameworkMethod.java:44)
	at org.junit.internal.runners.statements.InvokeMethod.evaluate(InvokeMethod.java:17)
	at org.junit.runners.ParentRunner.runLeaf(ParentRunner.java:271)
	at org.junit.runners.BlockJUnit4ClassRunner.runChild(BlockJUnit4ClassRunner.java:70)
	at org.junit.runners.BlockJUnit4ClassRunner.runChild(BlockJUnit4ClassRunner.java:50)
	at org.junit.runners.ParentRunner$3.run(ParentRunner.java:238)
	at org.junit.runners.ParentRunner$1.schedule(ParentRunner.java:63)
	at org.junit.runners.ParentRunner.runChildren(ParentRunner.java:236)
	at org.junit.runners.ParentRunner.access$000(ParentRunner.java:53)
	at org.junit.runners.ParentRunner$2.evaluate(ParentRunner.java:229)
	at org.junit.runners.ParentRunner.run(ParentRunner.java:309)
	at com.gzoltar.lib.instrumentation.testing.junit.a.call(Unknown Source)
	at java.util.concurrent.FutureTask.run(FutureTask.java:266)
	at java.util.concurrent.ThreadPoolExecutor.runWorker(ThreadPoolExecutor.java:1142)
	at java.util.concurrent.ThreadPoolExecutor$Worker.run(ThreadPoolExecutor.java:617)
	at java.lang.Thread.run(Thread.java:745)

* Finished net.sf.jniinchi.JniInchiInputEvoSuiteTest#test4
* Started net.sf.jniinchi.JniInchiInputDataEvoSuiteTest#test0
* Finished net.sf.jniinchi.JniInchiInputDataEvoSuiteTest#test0
* Started net.sf.jniinchi.JniInchiInputDataEvoSuiteTest#test1
* Finished net.sf.jniinchi.JniInchiInputDataEvoSuiteTest#test1
* Started net.sf.jniinchi.JniInchiInputDataEvoSuiteTest#test2
* Finished net.sf.jniinchi.JniInchiInputDataEvoSuiteTest#test2
* Started net.sf.jniinchi.INCHI_STEREOTYPEEvoSuiteTest#test0
* Finished net.sf.jniinchi.INCHI_STEREOTYPEEvoSuiteTest#test0
* Started net.sf.jniinchi.INCHI_STEREOTYPEEvoSuiteTest#test1
* Finished net.sf.jniinchi.INCHI_STEREOTYPEEvoSuiteTest#test1
* Started net.sf.jniinchi.INCHI_STEREOTYPEEvoSuiteTest#test2
* Finished net.sf.jniinchi.INCHI_STEREOTYPEEvoSuiteTest#test2
* Started net.sf.jniinchi.INCHI_STEREOTYPEEvoSuiteTest#test3
* Finished net.sf.jniinchi.INCHI_STEREOTYPEEvoSuiteTest#test3
* Started net.sf.jniinchi.INCHI_STEREOTYPEEvoSuiteTest#test4
* Finished net.sf.jniinchi.INCHI_STEREOTYPEEvoSuiteTest#test4
* Started net.sf.jniinchi.INCHI_STEREOTYPEEvoSuiteTest#test5
* Finished net.sf.jniinchi.INCHI_STEREOTYPEEvoSuiteTest#test5
* Filtering test cases that do not cover any component
* Sending data to master
* Closing connection with client
* Performing fault localization
* Running Ochiai
* Writing coverage matrix to 'gzoltar-data/matrix'
* Writing spectra to 'gzoltar-data/spectra'
* Metrics
