   ____ _____     _ _               
  / ___|__  /___ | | |_ __ _ _ __   
 | |  _  / // _ \| | __/ _` | '__| 
 | |_| |/ /| (_) | | || (_| | |     
  \____/____\___/|_|\__\__,_|_| 

* Preparing classpath
OpenJDK 64-Bit Server VM warning: ignoring option MaxPermSize=256M; support was removed in 8.0
* Collecting classes under test
* Collecting test cases
* Performing analysis
* Started net.sf.xisemele.impl.OperationsImplEvoSuiteTest#test0
* Finished net.sf.xisemele.impl.OperationsImplEvoSuiteTest#test0
* Started net.sf.xisemele.impl.OperationsImplEvoSuiteTest#test1
* Finished net.sf.xisemele.impl.OperationsImplEvoSuiteTest#test1
* Started net.sf.xisemele.impl.OperationsImplEvoSuiteTest#test2
* Finished net.sf.xisemele.impl.OperationsImplEvoSuiteTest#test2
* Started net.sf.xisemele.impl.OperationsImplEvoSuiteTest#test3
* Finished net.sf.xisemele.impl.OperationsImplEvoSuiteTest#test3
* Started net.sf.xisemele.impl.OperationsImplEvoSuiteTest#test4
* Finished net.sf.xisemele.impl.OperationsImplEvoSuiteTest#test4
* Started net.sf.xisemele.impl.OperationsImplEvoSuiteTest#test5
* Finished net.sf.xisemele.impl.OperationsImplEvoSuiteTest#test5
* Started net.sf.xisemele.impl.OperationsImplEvoSuiteTest#test6
* Finished net.sf.xisemele.impl.OperationsImplEvoSuiteTest#test6
* Started net.sf.xisemele.impl.OperationsImplEvoSuiteTest#test7
* Finished net.sf.xisemele.impl.OperationsImplEvoSuiteTest#test7
* Started net.sf.xisemele.impl.OperationsImplEvoSuiteTest#test8
* Finished net.sf.xisemele.impl.OperationsImplEvoSuiteTest#test8
* Started net.sf.xisemele.impl.OperationsImplEvoSuiteTest#test9
* Finished net.sf.xisemele.impl.OperationsImplEvoSuiteTest#test9
* Started net.sf.xisemele.impl.ValueImplEvoSuiteTest#test10
* Finished net.sf.xisemele.impl.ValueImplEvoSuiteTest#test10
* Started net.sf.xisemele.impl.ValueImplEvoSuiteTest#test11
* Finished net.sf.xisemele.impl.ValueImplEvoSuiteTest#test11
* Started net.sf.xisemele.impl.ValueImplEvoSuiteTest#test12
* Finished net.sf.xisemele.impl.ValueImplEvoSuiteTest#test12
* Started net.sf.xisemele.impl.ValueImplEvoSuiteTest#test13
* Finished net.sf.xisemele.impl.ValueImplEvoSuiteTest#test13
* Started net.sf.xisemele.impl.ValueImplEvoSuiteTest#test14
* Finished net.sf.xisemele.impl.ValueImplEvoSuiteTest#test14
* Started net.sf.xisemele.impl.ValueImplEvoSuiteTest#test15
* Finished net.sf.xisemele.impl.ValueImplEvoSuiteTest#test15
* Started net.sf.xisemele.impl.ValueImplEvoSuiteTest#test0
* Finished net.sf.xisemele.impl.ValueImplEvoSuiteTest#test0
* Started net.sf.xisemele.impl.ValueImplEvoSuiteTest#test1
* Finished net.sf.xisemele.impl.ValueImplEvoSuiteTest#test1
* Started net.sf.xisemele.impl.ValueImplEvoSuiteTest#test2
* Finished net.sf.xisemele.impl.ValueImplEvoSuiteTest#test2
* Started net.sf.xisemele.impl.ValueImplEvoSuiteTest#test3
* Finished net.sf.xisemele.impl.ValueImplEvoSuiteTest#test3
* Started net.sf.xisemele.impl.ValueImplEvoSuiteTest#test4
* Finished net.sf.xisemele.impl.ValueImplEvoSuiteTest#test4
* Started net.sf.xisemele.impl.ValueImplEvoSuiteTest#test5
* Finished net.sf.xisemele.impl.ValueImplEvoSuiteTest#test5
* Started net.sf.xisemele.impl.ValueImplEvoSuiteTest#test6
* Finished net.sf.xisemele.impl.ValueImplEvoSuiteTest#test6
* Started net.sf.xisemele.impl.ValueImplEvoSuiteTest#test7
* Finished net.sf.xisemele.impl.ValueImplEvoSuiteTest#test7
* Started net.sf.xisemele.impl.ValueImplEvoSuiteTest#test8
* Finished net.sf.xisemele.impl.ValueImplEvoSuiteTest#test8
* Started net.sf.xisemele.impl.ValueImplEvoSuiteTest#test9
* Finished net.sf.xisemele.impl.ValueImplEvoSuiteTest#test9
* Started net.sf.xisemele.impl.NullValueEvoSuiteTest#test10
* Finished net.sf.xisemele.impl.NullValueEvoSuiteTest#test10
* Started net.sf.xisemele.impl.NullValueEvoSuiteTest#test11
* Finished net.sf.xisemele.impl.NullValueEvoSuiteTest#test11
* Started net.sf.xisemele.impl.NullValueEvoSuiteTest#test12
* Finished net.sf.xisemele.impl.NullValueEvoSuiteTest#test12
* Started net.sf.xisemele.impl.NullValueEvoSuiteTest#test13
* Finished net.sf.xisemele.impl.NullValueEvoSuiteTest#test13
* Started net.sf.xisemele.impl.NullValueEvoSuiteTest#test14
* Finished net.sf.xisemele.impl.NullValueEvoSuiteTest#test14
* Started net.sf.xisemele.impl.NullValueEvoSuiteTest#test15
* Finished net.sf.xisemele.impl.NullValueEvoSuiteTest#test15
* Started net.sf.xisemele.impl.NullValueEvoSuiteTest#test0
* Finished net.sf.xisemele.impl.NullValueEvoSuiteTest#test0
* Started net.sf.xisemele.impl.NullValueEvoSuiteTest#test1
* Finished net.sf.xisemele.impl.NullValueEvoSuiteTest#test1
* Started net.sf.xisemele.impl.NullValueEvoSuiteTest#test2
* Finished net.sf.xisemele.impl.NullValueEvoSuiteTest#test2
* Started net.sf.xisemele.impl.NullValueEvoSuiteTest#test3
* Finished net.sf.xisemele.impl.NullValueEvoSuiteTest#test3
* Started net.sf.xisemele.impl.NullValueEvoSuiteTest#test4
* Finished net.sf.xisemele.impl.NullValueEvoSuiteTest#test4
* Started net.sf.xisemele.impl.NullValueEvoSuiteTest#test5
* Finished net.sf.xisemele.impl.NullValueEvoSuiteTest#test5
* Started net.sf.xisemele.impl.NullValueEvoSuiteTest#test6
* Finished net.sf.xisemele.impl.NullValueEvoSuiteTest#test6
* Started net.sf.xisemele.impl.NullValueEvoSuiteTest#test7
* Finished net.sf.xisemele.impl.NullValueEvoSuiteTest#test7
* Started net.sf.xisemele.impl.NullValueEvoSuiteTest#test8
* Finished net.sf.xisemele.impl.NullValueEvoSuiteTest#test8
* Started net.sf.xisemele.impl.NullValueEvoSuiteTest#test9
* Finished net.sf.xisemele.impl.NullValueEvoSuiteTest#test9
* Started net.sf.xisemele.impl.XisemeleImplEvoSuiteTest#test0
* Finished net.sf.xisemele.impl.XisemeleImplEvoSuiteTest#test0
* Started net.sf.xisemele.impl.OperationsHelperImplEvoSuiteTest#test0
* Finished net.sf.xisemele.impl.OperationsHelperImplEvoSuiteTest#test0
* Started net.sf.xisemele.impl.OperationsHelperImplEvoSuiteTest#test1
* Finished net.sf.xisemele.impl.OperationsHelperImplEvoSuiteTest#test1
* Started net.sf.xisemele.impl.OperationsHelperImplEvoSuiteTest#test2
* Finished net.sf.xisemele.impl.OperationsHelperImplEvoSuiteTest#test2
* Started net.sf.xisemele.impl.OperationsHelperImplEvoSuiteTest#test3
* Finished net.sf.xisemele.impl.OperationsHelperImplEvoSuiteTest#test3
* Started net.sf.xisemele.impl.OperationsHelperImplEvoSuiteTest#test4
* Finished net.sf.xisemele.impl.OperationsHelperImplEvoSuiteTest#test4
* Started net.sf.xisemele.impl.OperationsHelperImplEvoSuiteTest#test5
* Failure: null | test5(net.sf.xisemele.impl.OperationsHelperImplEvoSuiteTest)
java.lang.NullPointerException
	at net.sf.xisemele.impl.OperationsHelperImpl.sublistWithName(OperationsHelperImpl.java:83)
	at net.sf.xisemele.impl.OperationsHelperImplEvoSuiteTest.test5(OperationsHelperImplEvoSuiteTest.java:110)
	at sun.reflect.NativeMethodAccessorImpl.invoke0(Native Method)
	at sun.reflect.NativeMethodAccessorImpl.invoke(NativeMethodAccessorImpl.java:62)
	at sun.reflect.DelegatingMethodAccessorImpl.invoke(DelegatingMethodAccessorImpl.java:43)
	at java.lang.reflect.Method.invoke(Method.java:498)
	at org.junit.runners.model.FrameworkMethod$1.runReflectiveCall(FrameworkMethod.java:47)
	at org.junit.internal.runners.model.ReflectiveCallable.run(ReflectiveCallable.java:12)
	at org.junit.runners.model.FrameworkMethod.invokeExplosively(FrameworkMethod.java:44)
	at org.junit.internal.runners.statements.InvokeMethod.evaluate(InvokeMethod.java:17)
	at org.junit.runners.ParentRunner.runLeaf(ParentRunner.java:271)
	at org.junit.runners.BlockJUnit4ClassRunner.runChild(BlockJUnit4ClassRunner.java:70)
	at org.junit.runners.BlockJUnit4ClassRunner.runChild(BlockJUnit4ClassRunner.java:50)
	at org.junit.runners.ParentRunner$3.run(ParentRunner.java:238)
	at org.junit.runners.ParentRunner$1.schedule(ParentRunner.java:63)
	at org.junit.runners.ParentRunner.runChildren(ParentRunner.java:236)
	at org.junit.runners.ParentRunner.access$000(ParentRunner.java:53)
	at org.junit.runners.ParentRunner$2.evaluate(ParentRunner.java:229)
	at org.junit.runners.ParentRunner.run(ParentRunner.java:309)
	at com.gzoltar.lib.instrumentation.testing.junit.a.call(Unknown Source)
	at java.util.concurrent.FutureTask.run(FutureTask.java:266)
	at java.util.concurrent.ThreadPoolExecutor.runWorker(ThreadPoolExecutor.java:1142)
	at java.util.concurrent.ThreadPoolExecutor$Worker.run(ThreadPoolExecutor.java:617)
	at java.lang.Thread.run(Thread.java:745)

* Finished net.sf.xisemele.impl.OperationsHelperImplEvoSuiteTest#test5
* Started net.sf.xisemele.impl.WithinContextImplEvoSuiteTest#test0
* Finished net.sf.xisemele.impl.WithinContextImplEvoSuiteTest#test0
* Started net.sf.xisemele.impl.WithinContextImplEvoSuiteTest#test1
* Finished net.sf.xisemele.impl.WithinContextImplEvoSuiteTest#test1
* Started net.sf.xisemele.impl.WithinContextImplEvoSuiteTest#test2
* Finished net.sf.xisemele.impl.WithinContextImplEvoSuiteTest#test2
* Started net.sf.xisemele.impl.MessageImplEvoSuiteTest#test0
[ERROR] Class not found
java.lang.ClassNotFoundException: messages
	at java.lang.ClassLoader.findClass(ClassLoader.java:530)
	at java.lang.ClassLoader.loadClass(ClassLoader.java:424)
	at java.lang.ClassLoader.loadClass(ClassLoader.java:357)
	at com.gzoltar.lib.instrumentation.util.GZoltarClassLoader.loadClass(Unknown Source)
	at java.util.ResourceBundle$Control.newBundle(ResourceBundle.java:2640)
	at java.util.ResourceBundle.loadBundle(ResourceBundle.java:1501)
	at java.util.ResourceBundle.findBundle(ResourceBundle.java:1465)
	at java.util.ResourceBundle.findBundle(ResourceBundle.java:1419)
	at java.util.ResourceBundle.findBundle(ResourceBundle.java:1419)
	at java.util.ResourceBundle.getBundleImpl(ResourceBundle.java:1361)
	at java.util.ResourceBundle.getBundle(ResourceBundle.java:773)
	at net.sf.xisemele.impl.MessageImpl.getMessage(MessageImpl.java:22)
	at net.sf.xisemele.impl.MessageImplEvoSuiteTest.test0(MessageImplEvoSuiteTest.java:28)
	at sun.reflect.NativeMethodAccessorImpl.invoke0(Native Method)
	at sun.reflect.NativeMethodAccessorImpl.invoke(NativeMethodAccessorImpl.java:62)
	at sun.reflect.DelegatingMethodAccessorImpl.invoke(DelegatingMethodAccessorImpl.java:43)
	at java.lang.reflect.Method.invoke(Method.java:498)
	at org.junit.runners.model.FrameworkMethod$1.runReflectiveCall(FrameworkMethod.java:47)
	at org.junit.internal.runners.model.ReflectiveCallable.run(ReflectiveCallable.java:12)
	at org.junit.runners.model.FrameworkMethod.invokeExplosively(FrameworkMethod.java:44)
	at org.junit.internal.runners.statements.InvokeMethod.evaluate(InvokeMethod.java:17)
	at org.junit.runners.ParentRunner.runLeaf(ParentRunner.java:271)
	at org.junit.runners.BlockJUnit4ClassRunner.runChild(BlockJUnit4ClassRunner.java:70)
	at org.junit.runners.BlockJUnit4ClassRunner.runChild(BlockJUnit4ClassRunner.java:50)
	at org.junit.runners.ParentRunner$3.run(ParentRunner.java:238)
	at org.junit.runners.ParentRunner$1.schedule(ParentRunner.java:63)
	at org.junit.runners.ParentRunner.runChildren(ParentRunner.java:236)
	at org.junit.runners.ParentRunner.access$000(ParentRunner.java:53)
	at org.junit.runners.ParentRunner$2.evaluate(ParentRunner.java:229)
	at org.junit.runners.ParentRunner.run(ParentRunner.java:309)
	at com.gzoltar.lib.instrumentation.testing.junit.a.call(Unknown Source)
	at java.util.concurrent.FutureTask.run(FutureTask.java:266)
	at java.util.concurrent.ThreadPoolExecutor.runWorker(ThreadPoolExecutor.java:1142)
	at java.util.concurrent.ThreadPoolExecutor$Worker.run(ThreadPoolExecutor.java:617)
	at java.lang.Thread.run(Thread.java:745)
[ERROR] Class not found
java.lang.ClassNotFoundException: messages_en
	at java.lang.ClassLoader.findClass(ClassLoader.java:530)
	at java.lang.ClassLoader.loadClass(ClassLoader.java:424)
	at java.lang.ClassLoader.loadClass(ClassLoader.java:357)
	at com.gzoltar.lib.instrumentation.util.GZoltarClassLoader.loadClass(Unknown Source)
	at java.util.ResourceBundle$Control.newBundle(ResourceBundle.java:2640)
	at java.util.ResourceBundle.loadBundle(ResourceBundle.java:1501)
	at java.util.ResourceBundle.findBundle(ResourceBundle.java:1465)
	at java.util.ResourceBundle.findBundle(ResourceBundle.java:1419)
	at java.util.ResourceBundle.getBundleImpl(ResourceBundle.java:1361)
	at java.util.ResourceBundle.getBundle(ResourceBundle.java:773)
	at net.sf.xisemele.impl.MessageImpl.getMessage(MessageImpl.java:22)
	at net.sf.xisemele.impl.MessageImplEvoSuiteTest.test0(MessageImplEvoSuiteTest.java:28)
	at sun.reflect.NativeMethodAccessorImpl.invoke0(Native Method)
	at sun.reflect.NativeMethodAccessorImpl.invoke(NativeMethodAccessorImpl.java:62)
	at sun.reflect.DelegatingMethodAccessorImpl.invoke(DelegatingMethodAccessorImpl.java:43)
	at java.lang.reflect.Method.invoke(Method.java:498)
	at org.junit.runners.model.FrameworkMethod$1.runReflectiveCall(FrameworkMethod.java:47)
	at org.junit.internal.runners.model.ReflectiveCallable.run(ReflectiveCallable.java:12)
	at org.junit.runners.model.FrameworkMethod.invokeExplosively(FrameworkMethod.java:44)
	at org.junit.internal.runners.statements.InvokeMethod.evaluate(InvokeMethod.java:17)
	at org.junit.runners.ParentRunner.runLeaf(ParentRunner.java:271)
	at org.junit.runners.BlockJUnit4ClassRunner.runChild(BlockJUnit4ClassRunner.java:70)
	at org.junit.runners.BlockJUnit4ClassRunner.runChild(BlockJUnit4ClassRunner.java:50)
	at org.junit.runners.ParentRunner$3.run(ParentRunner.java:238)
	at org.junit.runners.ParentRunner$1.schedule(ParentRunner.java:63)
	at org.junit.runners.ParentRunner.runChildren(ParentRunner.java:236)
	at org.junit.runners.ParentRunner.access$000(ParentRunner.java:53)
	at org.junit.runners.ParentRunner$2.evaluate(ParentRunner.java:229)
	at org.junit.runners.ParentRunner.run(ParentRunner.java:309)
	at com.gzoltar.lib.instrumentation.testing.junit.a.call(Unknown Source)
	at java.util.concurrent.FutureTask.run(FutureTask.java:266)
	at java.util.concurrent.ThreadPoolExecutor.runWorker(ThreadPoolExecutor.java:1142)
	at java.util.concurrent.ThreadPoolExecutor$Worker.run(ThreadPoolExecutor.java:617)
	at java.lang.Thread.run(Thread.java:745)
[ERROR] Class not found
java.lang.ClassNotFoundException: messages_en_US
	at java.lang.ClassLoader.findClass(ClassLoader.java:530)
	at java.lang.ClassLoader.loadClass(ClassLoader.java:424)
	at java.lang.ClassLoader.loadClass(ClassLoader.java:357)
	at com.gzoltar.lib.instrumentation.util.GZoltarClassLoader.loadClass(Unknown Source)
	at java.util.ResourceBundle$Control.newBundle(ResourceBundle.java:2640)
	at java.util.ResourceBundle.loadBundle(ResourceBundle.java:1501)
	at java.util.ResourceBundle.findBundle(ResourceBundle.java:1465)
	at java.util.ResourceBundle.getBundleImpl(ResourceBundle.java:1361)
	at java.util.ResourceBundle.getBundle(ResourceBundle.java:773)
	at net.sf.xisemele.impl.MessageImpl.getMessage(MessageImpl.java:22)
	at net.sf.xisemele.impl.MessageImplEvoSuiteTest.test0(MessageImplEvoSuiteTest.java:28)
	at sun.reflect.NativeMethodAccessorImpl.invoke0(Native Method)
	at sun.reflect.NativeMethodAccessorImpl.invoke(NativeMethodAccessorImpl.java:62)
	at sun.reflect.DelegatingMethodAccessorImpl.invoke(DelegatingMethodAccessorImpl.java:43)
	at java.lang.reflect.Method.invoke(Method.java:498)
	at org.junit.runners.model.FrameworkMethod$1.runReflectiveCall(FrameworkMethod.java:47)
	at org.junit.internal.runners.model.ReflectiveCallable.run(ReflectiveCallable.java:12)
	at org.junit.runners.model.FrameworkMethod.invokeExplosively(FrameworkMethod.java:44)
	at org.junit.internal.runners.statements.InvokeMethod.evaluate(InvokeMethod.java:17)
	at org.junit.runners.ParentRunner.runLeaf(ParentRunner.java:271)
	at org.junit.runners.BlockJUnit4ClassRunner.runChild(BlockJUnit4ClassRunner.java:70)
	at org.junit.runners.BlockJUnit4ClassRunner.runChild(BlockJUnit4ClassRunner.java:50)
	at org.junit.runners.ParentRunner$3.run(ParentRunner.java:238)
	at org.junit.runners.ParentRunner$1.schedule(ParentRunner.java:63)
	at org.junit.runners.ParentRunner.runChildren(ParentRunner.java:236)
	at org.junit.runners.ParentRunner.access$000(ParentRunner.java:53)
	at org.junit.runners.ParentRunner$2.evaluate(ParentRunner.java:229)
	at org.junit.runners.ParentRunner.run(ParentRunner.java:309)
	at com.gzoltar.lib.instrumentation.testing.junit.a.call(Unknown Source)
	at java.util.concurrent.FutureTask.run(FutureTask.java:266)
	at java.util.concurrent.ThreadPoolExecutor.runWorker(ThreadPoolExecutor.java:1142)
	at java.util.concurrent.ThreadPoolExecutor$Worker.run(ThreadPoolExecutor.java:617)
	at java.lang.Thread.run(Thread.java:745)
* Finished net.sf.xisemele.impl.MessageImplEvoSuiteTest#test0
* Started net.sf.xisemele.impl.ResultImplEvoSuiteTest#test0
* Finished net.sf.xisemele.impl.ResultImplEvoSuiteTest#test0
* Started net.sf.xisemele.impl.EditorImplEvoSuiteTest#test10
* Finished net.sf.xisemele.impl.EditorImplEvoSuiteTest#test10
* Started net.sf.xisemele.impl.EditorImplEvoSuiteTest#test11
* Finished net.sf.xisemele.impl.EditorImplEvoSuiteTest#test11
* Started net.sf.xisemele.impl.EditorImplEvoSuiteTest#test12
* Finished net.sf.xisemele.impl.EditorImplEvoSuiteTest#test12
* Started net.sf.xisemele.impl.EditorImplEvoSuiteTest#test13
* Finished net.sf.xisemele.impl.EditorImplEvoSuiteTest#test13
* Started net.sf.xisemele.impl.EditorImplEvoSuiteTest#test14
* Finished net.sf.xisemele.impl.EditorImplEvoSuiteTest#test14
* Started net.sf.xisemele.impl.EditorImplEvoSuiteTest#test15
* Finished net.sf.xisemele.impl.EditorImplEvoSuiteTest#test15
* Started net.sf.xisemele.impl.EditorImplEvoSuiteTest#test16
* Finished net.sf.xisemele.impl.EditorImplEvoSuiteTest#test16
* Started net.sf.xisemele.impl.EditorImplEvoSuiteTest#test17
* Finished net.sf.xisemele.impl.EditorImplEvoSuiteTest#test17
* Started net.sf.xisemele.impl.EditorImplEvoSuiteTest#test18
* Finished net.sf.xisemele.impl.EditorImplEvoSuiteTest#test18
* Started net.sf.xisemele.impl.EditorImplEvoSuiteTest#test19
* Finished net.sf.xisemele.impl.EditorImplEvoSuiteTest#test19
* Started net.sf.xisemele.impl.EditorImplEvoSuiteTest#test20
* Finished net.sf.xisemele.impl.EditorImplEvoSuiteTest#test20
* Started net.sf.xisemele.impl.EditorImplEvoSuiteTest#test0
* Finished net.sf.xisemele.impl.EditorImplEvoSuiteTest#test0
* Started net.sf.xisemele.impl.EditorImplEvoSuiteTest#test1
* Finished net.sf.xisemele.impl.EditorImplEvoSuiteTest#test1
* Started net.sf.xisemele.impl.EditorImplEvoSuiteTest#test2
* Finished net.sf.xisemele.impl.EditorImplEvoSuiteTest#test2
* Started net.sf.xisemele.impl.EditorImplEvoSuiteTest#test3
* Finished net.sf.xisemele.impl.EditorImplEvoSuiteTest#test3
* Started net.sf.xisemele.impl.EditorImplEvoSuiteTest#test4
* Finished net.sf.xisemele.impl.EditorImplEvoSuiteTest#test4
* Started net.sf.xisemele.impl.EditorImplEvoSuiteTest#test5
* Finished net.sf.xisemele.impl.EditorImplEvoSuiteTest#test5
* Started net.sf.xisemele.impl.EditorImplEvoSuiteTest#test6
* Finished net.sf.xisemele.impl.EditorImplEvoSuiteTest#test6
* Started net.sf.xisemele.impl.EditorImplEvoSuiteTest#test7
* Finished net.sf.xisemele.impl.EditorImplEvoSuiteTest#test7
* Started net.sf.xisemele.impl.EditorImplEvoSuiteTest#test8
* Finished net.sf.xisemele.impl.EditorImplEvoSuiteTest#test8
* Started net.sf.xisemele.impl.EditorImplEvoSuiteTest#test9
* Finished net.sf.xisemele.impl.EditorImplEvoSuiteTest#test9
* Started net.sf.xisemele.impl.FormatterProviderImplEvoSuiteTest#test0
* Finished net.sf.xisemele.impl.FormatterProviderImplEvoSuiteTest#test0
* Started net.sf.xisemele.impl.FormatterProviderImplEvoSuiteTest#test1
* Finished net.sf.xisemele.impl.FormatterProviderImplEvoSuiteTest#test1
* Started net.sf.xisemele.impl.WriterImplEvoSuiteTest#test0
* Finished net.sf.xisemele.impl.WriterImplEvoSuiteTest#test0
* Started net.sf.xisemele.impl.WriterImplEvoSuiteTest#test1
* Finished net.sf.xisemele.impl.WriterImplEvoSuiteTest#test1
* Started net.sf.xisemele.impl.WriterImplEvoSuiteTest#test2
* Finished net.sf.xisemele.impl.WriterImplEvoSuiteTest#test2
* Started net.sf.xisemele.impl.WriterImplEvoSuiteTest#test3
* Finished net.sf.xisemele.impl.WriterImplEvoSuiteTest#test3
* Started net.sf.xisemele.impl.WriterImplEvoSuiteTest#test4
* Finished net.sf.xisemele.impl.WriterImplEvoSuiteTest#test4
* Started net.sf.xisemele.impl.WriterImplEvoSuiteTest#test5
* Finished net.sf.xisemele.impl.WriterImplEvoSuiteTest#test5
* Started net.sf.xisemele.impl.WriterImplEvoSuiteTest#test6
* Finished net.sf.xisemele.impl.WriterImplEvoSuiteTest#test6
* Started net.sf.xisemele.impl.WriterImplEvoSuiteTest#test7
* Finished net.sf.xisemele.impl.WriterImplEvoSuiteTest#test7
* Started net.sf.xisemele.impl.WriterImplEvoSuiteTest#test8
* Finished net.sf.xisemele.impl.WriterImplEvoSuiteTest#test8
* Started net.sf.xisemele.impl.WriterImplEvoSuiteTest#test9
* Finished net.sf.xisemele.impl.WriterImplEvoSuiteTest#test9
* Started net.sf.xisemele.impl.FactoryImplEvoSuiteTest#test10
* Finished net.sf.xisemele.impl.FactoryImplEvoSuiteTest#test10
* Started net.sf.xisemele.impl.FactoryImplEvoSuiteTest#test11
[ERROR] Class not found
java.lang.ClassNotFoundException: messages
	at java.lang.ClassLoader.findClass(ClassLoader.java:530)
	at java.lang.ClassLoader.loadClass(ClassLoader.java:424)
	at java.lang.ClassLoader.loadClass(ClassLoader.java:357)
	at com.gzoltar.lib.instrumentation.util.GZoltarClassLoader.loadClass(Unknown Source)
	at java.util.ResourceBundle$Control.newBundle(ResourceBundle.java:2640)
	at java.util.ResourceBundle.loadBundle(ResourceBundle.java:1501)
	at java.util.ResourceBundle.findBundle(ResourceBundle.java:1465)
	at java.util.ResourceBundle.findBundle(ResourceBundle.java:1419)
	at java.util.ResourceBundle.findBundle(ResourceBundle.java:1419)
	at java.util.ResourceBundle.getBundleImpl(ResourceBundle.java:1361)
	at java.util.ResourceBundle.getBundle(ResourceBundle.java:773)
	at net.sf.xisemele.exception.XisemeleException.formatMessage(XisemeleException.java:64)
	at net.sf.xisemele.exception.XisemeleException.<init>(XisemeleException.java:32)
	at net.sf.xisemele.exception.XisemeleIOException.<init>(XisemeleIOException.java:28)
	at net.sf.xisemele.impl.FactoryImpl.createPrintWriter(FactoryImpl.java:158)
	at net.sf.xisemele.impl.FactoryImplEvoSuiteTest$1.run(FactoryImplEvoSuiteTest.java:237)
	at java.util.concurrent.Executors$RunnableAdapter.call(Executors.java:511)
	at java.util.concurrent.FutureTask.run(FutureTask.java:266)
	at java.util.concurrent.ThreadPoolExecutor.runWorker(ThreadPoolExecutor.java:1142)
	at java.util.concurrent.ThreadPoolExecutor$Worker.run(ThreadPoolExecutor.java:617)
	at java.lang.Thread.run(Thread.java:745)
[ERROR] Class not found
java.lang.ClassNotFoundException: messages_en
	at java.lang.ClassLoader.findClass(ClassLoader.java:530)
	at java.lang.ClassLoader.loadClass(ClassLoader.java:424)
	at java.lang.ClassLoader.loadClass(ClassLoader.java:357)
	at com.gzoltar.lib.instrumentation.util.GZoltarClassLoader.loadClass(Unknown Source)
	at java.util.ResourceBundle$Control.newBundle(ResourceBundle.java:2640)
	at java.util.ResourceBundle.loadBundle(ResourceBundle.java:1501)
	at java.util.ResourceBundle.findBundle(ResourceBundle.java:1465)
	at java.util.ResourceBundle.findBundle(ResourceBundle.java:1419)
	at java.util.ResourceBundle.getBundleImpl(ResourceBundle.java:1361)
	at java.util.ResourceBundle.getBundle(ResourceBundle.java:773)
	at net.sf.xisemele.exception.XisemeleException.formatMessage(XisemeleException.java:64)
	at net.sf.xisemele.exception.XisemeleException.<init>(XisemeleException.java:32)
	at net.sf.xisemele.exception.XisemeleIOException.<init>(XisemeleIOException.java:28)
	at net.sf.xisemele.impl.FactoryImpl.createPrintWriter(FactoryImpl.java:158)
	at net.sf.xisemele.impl.FactoryImplEvoSuiteTest$1.run(FactoryImplEvoSuiteTest.java:237)
	at java.util.concurrent.Executors$RunnableAdapter.call(Executors.java:511)
	at java.util.concurrent.FutureTask.run(FutureTask.java:266)
	at java.util.concurrent.ThreadPoolExecutor.runWorker(ThreadPoolExecutor.java:1142)
	at java.util.concurrent.ThreadPoolExecutor$Worker.run(ThreadPoolExecutor.java:617)
	at java.lang.Thread.run(Thread.java:745)
[ERROR] Class not found
java.lang.ClassNotFoundException: messages_en_US
	at java.lang.ClassLoader.findClass(ClassLoader.java:530)
	at java.lang.ClassLoader.loadClass(ClassLoader.java:424)
	at java.lang.ClassLoader.loadClass(ClassLoader.java:357)
	at com.gzoltar.lib.instrumentation.util.GZoltarClassLoader.loadClass(Unknown Source)
	at java.util.ResourceBundle$Control.newBundle(ResourceBundle.java:2640)
	at java.util.ResourceBundle.loadBundle(ResourceBundle.java:1501)
	at java.util.ResourceBundle.findBundle(ResourceBundle.java:1465)
	at java.util.ResourceBundle.getBundleImpl(ResourceBundle.java:1361)
	at java.util.ResourceBundle.getBundle(ResourceBundle.java:773)
	at net.sf.xisemele.exception.XisemeleException.formatMessage(XisemeleException.java:64)
	at net.sf.xisemele.exception.XisemeleException.<init>(XisemeleException.java:32)
	at net.sf.xisemele.exception.XisemeleIOException.<init>(XisemeleIOException.java:28)
	at net.sf.xisemele.impl.FactoryImpl.createPrintWriter(FactoryImpl.java:158)
	at net.sf.xisemele.impl.FactoryImplEvoSuiteTest$1.run(FactoryImplEvoSuiteTest.java:237)
	at java.util.concurrent.Executors$RunnableAdapter.call(Executors.java:511)
	at java.util.concurrent.FutureTask.run(FutureTask.java:266)
	at java.util.concurrent.ThreadPoolExecutor.runWorker(ThreadPoolExecutor.java:1142)
	at java.util.concurrent.ThreadPoolExecutor$Worker.run(ThreadPoolExecutor.java:617)
	at java.lang.Thread.run(Thread.java:745)
* Finished net.sf.xisemele.impl.FactoryImplEvoSuiteTest#test11
* Started net.sf.xisemele.impl.FactoryImplEvoSuiteTest#test12
* Finished net.sf.xisemele.impl.FactoryImplEvoSuiteTest#test12
* Started net.sf.xisemele.impl.FactoryImplEvoSuiteTest#test13
* Finished net.sf.xisemele.impl.FactoryImplEvoSuiteTest#test13
* Started net.sf.xisemele.impl.FactoryImplEvoSuiteTest#test14
* Finished net.sf.xisemele.impl.FactoryImplEvoSuiteTest#test14
* Started net.sf.xisemele.impl.FactoryImplEvoSuiteTest#test15
* Finished net.sf.xisemele.impl.FactoryImplEvoSuiteTest#test15
* Started net.sf.xisemele.impl.FactoryImplEvoSuiteTest#test0
* Finished net.sf.xisemele.impl.FactoryImplEvoSuiteTest#test0
* Started net.sf.xisemele.impl.FactoryImplEvoSuiteTest#test1
* Finished net.sf.xisemele.impl.FactoryImplEvoSuiteTest#test1
* Started net.sf.xisemele.impl.FactoryImplEvoSuiteTest#test2
* Finished net.sf.xisemele.impl.FactoryImplEvoSuiteTest#test2
* Started net.sf.xisemele.impl.FactoryImplEvoSuiteTest#test3
* Finished net.sf.xisemele.impl.FactoryImplEvoSuiteTest#test3
* Started net.sf.xisemele.impl.FactoryImplEvoSuiteTest#test4
* Finished net.sf.xisemele.impl.FactoryImplEvoSuiteTest#test4
* Started net.sf.xisemele.impl.FactoryImplEvoSuiteTest#test5
* Finished net.sf.xisemele.impl.FactoryImplEvoSuiteTest#test5
* Started net.sf.xisemele.impl.FactoryImplEvoSuiteTest#test6
* Finished net.sf.xisemele.impl.FactoryImplEvoSuiteTest#test6
* Started net.sf.xisemele.impl.FactoryImplEvoSuiteTest#test7
* Finished net.sf.xisemele.impl.FactoryImplEvoSuiteTest#test7
* Started net.sf.xisemele.impl.FactoryImplEvoSuiteTest#test8
* Finished net.sf.xisemele.impl.FactoryImplEvoSuiteTest#test8
* Started net.sf.xisemele.impl.FactoryImplEvoSuiteTest#test9
* Finished net.sf.xisemele.impl.FactoryImplEvoSuiteTest#test9
* Started net.sf.xisemele.impl.ReaderImplEvoSuiteTest#test0
* Finished net.sf.xisemele.impl.ReaderImplEvoSuiteTest#test0
* Started net.sf.xisemele.impl.WriterEditorImplEvoSuiteTest#test0
* Finished net.sf.xisemele.impl.WriterEditorImplEvoSuiteTest#test0
* Started net.sf.xisemele.impl.WriterEditorImplEvoSuiteTest#test1
* Finished net.sf.xisemele.impl.WriterEditorImplEvoSuiteTest#test1
* Started net.sf.xisemele.impl.ValidationsImplEvoSuiteTest#test0
* Finished net.sf.xisemele.impl.ValidationsImplEvoSuiteTest#test0
* Started net.sf.xisemele.impl.ValidationsImplEvoSuiteTest#test1
* Finished net.sf.xisemele.impl.ValidationsImplEvoSuiteTest#test1
* Started net.sf.xisemele.impl.ValidationsImplEvoSuiteTest#test2
* Finished net.sf.xisemele.impl.ValidationsImplEvoSuiteTest#test2
* Started net.sf.xisemele.impl.ValidationsImplEvoSuiteTest#test3
[ERROR] Class not found
java.lang.ClassNotFoundException: messages
	at java.lang.ClassLoader.findClass(ClassLoader.java:530)
	at java.lang.ClassLoader.loadClass(ClassLoader.java:424)
	at java.lang.ClassLoader.loadClass(ClassLoader.java:357)
	at com.gzoltar.lib.instrumentation.util.GZoltarClassLoader.loadClass(Unknown Source)
	at java.util.ResourceBundle$Control.newBundle(ResourceBundle.java:2640)
	at java.util.ResourceBundle.loadBundle(ResourceBundle.java:1501)
	at java.util.ResourceBundle.findBundle(ResourceBundle.java:1465)
	at java.util.ResourceBundle.findBundle(ResourceBundle.java:1419)
	at java.util.ResourceBundle.findBundle(ResourceBundle.java:1419)
	at java.util.ResourceBundle.getBundleImpl(ResourceBundle.java:1361)
	at java.util.ResourceBundle.getBundle(ResourceBundle.java:773)
	at net.sf.xisemele.exception.XisemeleException.formatMessage(XisemeleException.java:64)
	at net.sf.xisemele.exception.XisemeleException.<init>(XisemeleException.java:46)
	at net.sf.xisemele.exception.InvalidNameException.<init>(InvalidNameException.java:23)
	at net.sf.xisemele.impl.ValidationsImpl.assertValidName(ValidationsImpl.java:56)
	at net.sf.xisemele.impl.ValidationsImplEvoSuiteTest.test3(ValidationsImplEvoSuiteTest.java:70)
	at sun.reflect.NativeMethodAccessorImpl.invoke0(Native Method)
	at sun.reflect.NativeMethodAccessorImpl.invoke(NativeMethodAccessorImpl.java:62)
	at sun.reflect.DelegatingMethodAccessorImpl.invoke(DelegatingMethodAccessorImpl.java:43)
	at java.lang.reflect.Method.invoke(Method.java:498)
	at org.junit.runners.model.FrameworkMethod$1.runReflectiveCall(FrameworkMethod.java:47)
	at org.junit.internal.runners.model.ReflectiveCallable.run(ReflectiveCallable.java:12)
	at org.junit.runners.model.FrameworkMethod.invokeExplosively(FrameworkMethod.java:44)
	at org.junit.internal.runners.statements.InvokeMethod.evaluate(InvokeMethod.java:17)
	at org.junit.runners.ParentRunner.runLeaf(ParentRunner.java:271)
	at org.junit.runners.BlockJUnit4ClassRunner.runChild(BlockJUnit4ClassRunner.java:70)
	at org.junit.runners.BlockJUnit4ClassRunner.runChild(BlockJUnit4ClassRunner.java:50)
	at org.junit.runners.ParentRunner$3.run(ParentRunner.java:238)
	at org.junit.runners.ParentRunner$1.schedule(ParentRunner.java:63)
	at org.junit.runners.ParentRunner.runChildren(ParentRunner.java:236)
	at org.junit.runners.ParentRunner.access$000(ParentRunner.java:53)
	at org.junit.runners.ParentRunner$2.evaluate(ParentRunner.java:229)
	at org.junit.runners.ParentRunner.run(ParentRunner.java:309)
	at com.gzoltar.lib.instrumentation.testing.junit.a.call(Unknown Source)
	at java.util.concurrent.FutureTask.run(FutureTask.java:266)
	at java.util.concurrent.ThreadPoolExecutor.runWorker(ThreadPoolExecutor.java:1142)
	at java.util.concurrent.ThreadPoolExecutor$Worker.run(ThreadPoolExecutor.java:617)
	at java.lang.Thread.run(Thread.java:745)
[ERROR] Class not found
java.lang.ClassNotFoundException: messages_en
	at java.lang.ClassLoader.findClass(ClassLoader.java:530)
	at java.lang.ClassLoader.loadClass(ClassLoader.java:424)
	at java.lang.ClassLoader.loadClass(ClassLoader.java:357)
	at com.gzoltar.lib.instrumentation.util.GZoltarClassLoader.loadClass(Unknown Source)
	at java.util.ResourceBundle$Control.newBundle(ResourceBundle.java:2640)
	at java.util.ResourceBundle.loadBundle(ResourceBundle.java:1501)
	at java.util.ResourceBundle.findBundle(ResourceBundle.java:1465)
	at java.util.ResourceBundle.findBundle(ResourceBundle.java:1419)
	at java.util.ResourceBundle.getBundleImpl(ResourceBundle.java:1361)
	at java.util.ResourceBundle.getBundle(ResourceBundle.java:773)
	at net.sf.xisemele.exception.XisemeleException.formatMessage(XisemeleException.java:64)
	at net.sf.xisemele.exception.XisemeleException.<init>(XisemeleException.java:46)
	at net.sf.xisemele.exception.InvalidNameException.<init>(InvalidNameException.java:23)
	at net.sf.xisemele.impl.ValidationsImpl.assertValidName(ValidationsImpl.java:56)
	at net.sf.xisemele.impl.ValidationsImplEvoSuiteTest.test3(ValidationsImplEvoSuiteTest.java:70)
	at sun.reflect.NativeMethodAccessorImpl.invoke0(Native Method)
	at sun.reflect.NativeMethodAccessorImpl.invoke(NativeMethodAccessorImpl.java:62)
	at sun.reflect.DelegatingMethodAccessorImpl.invoke(DelegatingMethodAccessorImpl.java:43)
	at java.lang.reflect.Method.invoke(Method.java:498)
	at org.junit.runners.model.FrameworkMethod$1.runReflectiveCall(FrameworkMethod.java:47)
	at org.junit.internal.runners.model.ReflectiveCallable.run(ReflectiveCallable.java:12)
	at org.junit.runners.model.FrameworkMethod.invokeExplosively(FrameworkMethod.java:44)
	at org.junit.internal.runners.statements.InvokeMethod.evaluate(InvokeMethod.java:17)
	at org.junit.runners.ParentRunner.runLeaf(ParentRunner.java:271)
	at org.junit.runners.BlockJUnit4ClassRunner.runChild(BlockJUnit4ClassRunner.java:70)
	at org.junit.runners.BlockJUnit4ClassRunner.runChild(BlockJUnit4ClassRunner.java:50)
	at org.junit.runners.ParentRunner$3.run(ParentRunner.java:238)
	at org.junit.runners.ParentRunner$1.schedule(ParentRunner.java:63)
	at org.junit.runners.ParentRunner.runChildren(ParentRunner.java:236)
	at org.junit.runners.ParentRunner.access$000(ParentRunner.java:53)
	at org.junit.runners.ParentRunner$2.evaluate(ParentRunner.java:229)
	at org.junit.runners.ParentRunner.run(ParentRunner.java:309)
	at com.gzoltar.lib.instrumentation.testing.junit.a.call(Unknown Source)
	at java.util.concurrent.FutureTask.run(FutureTask.java:266)
	at java.util.concurrent.ThreadPoolExecutor.runWorker(ThreadPoolExecutor.java:1142)
	at java.util.concurrent.ThreadPoolExecutor$Worker.run(ThreadPoolExecutor.java:617)
	at java.lang.Thread.run(Thread.java:745)
[ERROR] Class not found
java.lang.ClassNotFoundException: messages_en_US
	at java.lang.ClassLoader.findClass(ClassLoader.java:530)
	at java.lang.ClassLoader.loadClass(ClassLoader.java:424)
	at java.lang.ClassLoader.loadClass(ClassLoader.java:357)
	at com.gzoltar.lib.instrumentation.util.GZoltarClassLoader.loadClass(Unknown Source)
	at java.util.ResourceBundle$Control.newBundle(ResourceBundle.java:2640)
	at java.util.ResourceBundle.loadBundle(ResourceBundle.java:1501)
	at java.util.ResourceBundle.findBundle(ResourceBundle.java:1465)
	at java.util.ResourceBundle.getBundleImpl(ResourceBundle.java:1361)
	at java.util.ResourceBundle.getBundle(ResourceBundle.java:773)
	at net.sf.xisemele.exception.XisemeleException.formatMessage(XisemeleException.java:64)
	at net.sf.xisemele.exception.XisemeleException.<init>(XisemeleException.java:46)
	at net.sf.xisemele.exception.InvalidNameException.<init>(InvalidNameException.java:23)
	at net.sf.xisemele.impl.ValidationsImpl.assertValidName(ValidationsImpl.java:56)
	at net.sf.xisemele.impl.ValidationsImplEvoSuiteTest.test3(ValidationsImplEvoSuiteTest.java:70)
	at sun.reflect.NativeMethodAccessorImpl.invoke0(Native Method)
	at sun.reflect.NativeMethodAccessorImpl.invoke(NativeMethodAccessorImpl.java:62)
	at sun.reflect.DelegatingMethodAccessorImpl.invoke(DelegatingMethodAccessorImpl.java:43)
	at java.lang.reflect.Method.invoke(Method.java:498)
	at org.junit.runners.model.FrameworkMethod$1.runReflectiveCall(FrameworkMethod.java:47)
	at org.junit.internal.runners.model.ReflectiveCallable.run(ReflectiveCallable.java:12)
	at org.junit.runners.model.FrameworkMethod.invokeExplosively(FrameworkMethod.java:44)
	at org.junit.internal.runners.statements.InvokeMethod.evaluate(InvokeMethod.java:17)
	at org.junit.runners.ParentRunner.runLeaf(ParentRunner.java:271)
	at org.junit.runners.BlockJUnit4ClassRunner.runChild(BlockJUnit4ClassRunner.java:70)
	at org.junit.runners.BlockJUnit4ClassRunner.runChild(BlockJUnit4ClassRunner.java:50)
	at org.junit.runners.ParentRunner$3.run(ParentRunner.java:238)
	at org.junit.runners.ParentRunner$1.schedule(ParentRunner.java:63)
	at org.junit.runners.ParentRunner.runChildren(ParentRunner.java:236)
	at org.junit.runners.ParentRunner.access$000(ParentRunner.java:53)
	at org.junit.runners.ParentRunner$2.evaluate(ParentRunner.java:229)
	at org.junit.runners.ParentRunner.run(ParentRunner.java:309)
	at com.gzoltar.lib.instrumentation.testing.junit.a.call(Unknown Source)
	at java.util.concurrent.FutureTask.run(FutureTask.java:266)
	at java.util.concurrent.ThreadPoolExecutor.runWorker(ThreadPoolExecutor.java:1142)
	at java.util.concurrent.ThreadPoolExecutor$Worker.run(ThreadPoolExecutor.java:617)
	at java.lang.Thread.run(Thread.java:745)
* Finished net.sf.xisemele.impl.ValidationsImplEvoSuiteTest#test3
* Started net.sf.xisemele.impl.ValidationsImplEvoSuiteTest#test4
* Finished net.sf.xisemele.impl.ValidationsImplEvoSuiteTest#test4
* Started net.sf.xisemele.impl.ValidationsImplEvoSuiteTest#test5
* Finished net.sf.xisemele.impl.ValidationsImplEvoSuiteTest#test5
* Started net.sf.xisemele.impl.ElementImplEvoSuiteTest#test0
* Finished net.sf.xisemele.impl.ElementImplEvoSuiteTest#test0
* Started net.sf.xisemele.impl.DateFormatterEvoSuiteTest#test0
* Finished net.sf.xisemele.impl.DateFormatterEvoSuiteTest#test0
* Started net.sf.xisemele.impl.DateFormatterEvoSuiteTest#test1
[ERROR] Class not found
java.lang.ClassNotFoundException: messages
	at java.lang.ClassLoader.findClass(ClassLoader.java:530)
	at java.lang.ClassLoader.loadClass(ClassLoader.java:424)
	at java.lang.ClassLoader.loadClass(ClassLoader.java:357)
	at com.gzoltar.lib.instrumentation.util.GZoltarClassLoader.loadClass(Unknown Source)
	at java.util.ResourceBundle$Control.newBundle(ResourceBundle.java:2640)
	at java.util.ResourceBundle.loadBundle(ResourceBundle.java:1501)
	at java.util.ResourceBundle.findBundle(ResourceBundle.java:1465)
	at java.util.ResourceBundle.findBundle(ResourceBundle.java:1419)
	at java.util.ResourceBundle.findBundle(ResourceBundle.java:1419)
	at java.util.ResourceBundle.getBundleImpl(ResourceBundle.java:1361)
	at java.util.ResourceBundle.getBundle(ResourceBundle.java:773)
	at net.sf.xisemele.exception.XisemeleException.formatMessage(XisemeleException.java:64)
	at net.sf.xisemele.exception.XisemeleException.<init>(XisemeleException.java:32)
	at net.sf.xisemele.exception.FormatterException.<init>(FormatterException.java:48)
	at net.sf.xisemele.impl.DateFormatter.parse(DateFormatter.java:52)
	at net.sf.xisemele.impl.DateFormatterEvoSuiteTest.test1(DateFormatterEvoSuiteTest.java:40)
	at sun.reflect.NativeMethodAccessorImpl.invoke0(Native Method)
	at sun.reflect.NativeMethodAccessorImpl.invoke(NativeMethodAccessorImpl.java:62)
	at sun.reflect.DelegatingMethodAccessorImpl.invoke(DelegatingMethodAccessorImpl.java:43)
	at java.lang.reflect.Method.invoke(Method.java:498)
	at org.junit.runners.model.FrameworkMethod$1.runReflectiveCall(FrameworkMethod.java:47)
	at org.junit.internal.runners.model.ReflectiveCallable.run(ReflectiveCallable.java:12)
	at org.junit.runners.model.FrameworkMethod.invokeExplosively(FrameworkMethod.java:44)
	at org.junit.internal.runners.statements.InvokeMethod.evaluate(InvokeMethod.java:17)
	at org.junit.runners.ParentRunner.runLeaf(ParentRunner.java:271)
	at org.junit.runners.BlockJUnit4ClassRunner.runChild(BlockJUnit4ClassRunner.java:70)
	at org.junit.runners.BlockJUnit4ClassRunner.runChild(BlockJUnit4ClassRunner.java:50)
	at org.junit.runners.ParentRunner$3.run(ParentRunner.java:238)
	at org.junit.runners.ParentRunner$1.schedule(ParentRunner.java:63)
	at org.junit.runners.ParentRunner.runChildren(ParentRunner.java:236)
	at org.junit.runners.ParentRunner.access$000(ParentRunner.java:53)
	at org.junit.runners.ParentRunner$2.evaluate(ParentRunner.java:229)
	at org.junit.runners.ParentRunner.run(ParentRunner.java:309)
	at com.gzoltar.lib.instrumentation.testing.junit.a.call(Unknown Source)
	at java.util.concurrent.FutureTask.run(FutureTask.java:266)
	at java.util.concurrent.ThreadPoolExecutor.runWorker(ThreadPoolExecutor.java:1142)
	at java.util.concurrent.ThreadPoolExecutor$Worker.run(ThreadPoolExecutor.java:617)
	at java.lang.Thread.run(Thread.java:745)
[ERROR] Class not found
java.lang.ClassNotFoundException: messages_en
	at java.lang.ClassLoader.findClass(ClassLoader.java:530)
	at java.lang.ClassLoader.loadClass(ClassLoader.java:424)
	at java.lang.ClassLoader.loadClass(ClassLoader.java:357)
	at com.gzoltar.lib.instrumentation.util.GZoltarClassLoader.loadClass(Unknown Source)
	at java.util.ResourceBundle$Control.newBundle(ResourceBundle.java:2640)
	at java.util.ResourceBundle.loadBundle(ResourceBundle.java:1501)
	at java.util.ResourceBundle.findBundle(ResourceBundle.java:1465)
	at java.util.ResourceBundle.findBundle(ResourceBundle.java:1419)
	at java.util.ResourceBundle.getBundleImpl(ResourceBundle.java:1361)
	at java.util.ResourceBundle.getBundle(ResourceBundle.java:773)
	at net.sf.xisemele.exception.XisemeleException.formatMessage(XisemeleException.java:64)
	at net.sf.xisemele.exception.XisemeleException.<init>(XisemeleException.java:32)
	at net.sf.xisemele.exception.FormatterException.<init>(FormatterException.java:48)
	at net.sf.xisemele.impl.DateFormatter.parse(DateFormatter.java:52)
	at net.sf.xisemele.impl.DateFormatterEvoSuiteTest.test1(DateFormatterEvoSuiteTest.java:40)
	at sun.reflect.NativeMethodAccessorImpl.invoke0(Native Method)
	at sun.reflect.NativeMethodAccessorImpl.invoke(NativeMethodAccessorImpl.java:62)
	at sun.reflect.DelegatingMethodAccessorImpl.invoke(DelegatingMethodAccessorImpl.java:43)
	at java.lang.reflect.Method.invoke(Method.java:498)
	at org.junit.runners.model.FrameworkMethod$1.runReflectiveCall(FrameworkMethod.java:47)
	at org.junit.internal.runners.model.ReflectiveCallable.run(ReflectiveCallable.java:12)
	at org.junit.runners.model.FrameworkMethod.invokeExplosively(FrameworkMethod.java:44)
	at org.junit.internal.runners.statements.InvokeMethod.evaluate(InvokeMethod.java:17)
	at org.junit.runners.ParentRunner.runLeaf(ParentRunner.java:271)
	at org.junit.runners.BlockJUnit4ClassRunner.runChild(BlockJUnit4ClassRunner.java:70)
	at org.junit.runners.BlockJUnit4ClassRunner.runChild(BlockJUnit4ClassRunner.java:50)
	at org.junit.runners.ParentRunner$3.run(ParentRunner.java:238)
	at org.junit.runners.ParentRunner$1.schedule(ParentRunner.java:63)
	at org.junit.runners.ParentRunner.runChildren(ParentRunner.java:236)
	at org.junit.runners.ParentRunner.access$000(ParentRunner.java:53)
	at org.junit.runners.ParentRunner$2.evaluate(ParentRunner.java:229)
	at org.junit.runners.ParentRunner.run(ParentRunner.java:309)
	at com.gzoltar.lib.instrumentation.testing.junit.a.call(Unknown Source)
	at java.util.concurrent.FutureTask.run(FutureTask.java:266)
	at java.util.concurrent.ThreadPoolExecutor.runWorker(ThreadPoolExecutor.java:1142)
	at java.util.concurrent.ThreadPoolExecutor$Worker.run(ThreadPoolExecutor.java:617)
	at java.lang.Thread.run(Thread.java:745)
[ERROR] Class not found
java.lang.ClassNotFoundException: messages_en_US
	at java.lang.ClassLoader.findClass(ClassLoader.java:530)
	at java.lang.ClassLoader.loadClass(ClassLoader.java:424)
	at java.lang.ClassLoader.loadClass(ClassLoader.java:357)
	at com.gzoltar.lib.instrumentation.util.GZoltarClassLoader.loadClass(Unknown Source)
	at java.util.ResourceBundle$Control.newBundle(ResourceBundle.java:2640)
	at java.util.ResourceBundle.loadBundle(ResourceBundle.java:1501)
	at java.util.ResourceBundle.findBundle(ResourceBundle.java:1465)
	at java.util.ResourceBundle.getBundleImpl(ResourceBundle.java:1361)
	at java.util.ResourceBundle.getBundle(ResourceBundle.java:773)
	at net.sf.xisemele.exception.XisemeleException.formatMessage(XisemeleException.java:64)
	at net.sf.xisemele.exception.XisemeleException.<init>(XisemeleException.java:32)
	at net.sf.xisemele.exception.FormatterException.<init>(FormatterException.java:48)
	at net.sf.xisemele.impl.DateFormatter.parse(DateFormatter.java:52)
	at net.sf.xisemele.impl.DateFormatterEvoSuiteTest.test1(DateFormatterEvoSuiteTest.java:40)
	at sun.reflect.NativeMethodAccessorImpl.invoke0(Native Method)
	at sun.reflect.NativeMethodAccessorImpl.invoke(NativeMethodAccessorImpl.java:62)
	at sun.reflect.DelegatingMethodAccessorImpl.invoke(DelegatingMethodAccessorImpl.java:43)
	at java.lang.reflect.Method.invoke(Method.java:498)
	at org.junit.runners.model.FrameworkMethod$1.runReflectiveCall(FrameworkMethod.java:47)
	at org.junit.internal.runners.model.ReflectiveCallable.run(ReflectiveCallable.java:12)
	at org.junit.runners.model.FrameworkMethod.invokeExplosively(FrameworkMethod.java:44)
	at org.junit.internal.runners.statements.InvokeMethod.evaluate(InvokeMethod.java:17)
	at org.junit.runners.ParentRunner.runLeaf(ParentRunner.java:271)
	at org.junit.runners.BlockJUnit4ClassRunner.runChild(BlockJUnit4ClassRunner.java:70)
	at org.junit.runners.BlockJUnit4ClassRunner.runChild(BlockJUnit4ClassRunner.java:50)
	at org.junit.runners.ParentRunner$3.run(ParentRunner.java:238)
	at org.junit.runners.ParentRunner$1.schedule(ParentRunner.java:63)
	at org.junit.runners.ParentRunner.runChildren(ParentRunner.java:236)
	at org.junit.runners.ParentRunner.access$000(ParentRunner.java:53)
	at org.junit.runners.ParentRunner$2.evaluate(ParentRunner.java:229)
	at org.junit.runners.ParentRunner.run(ParentRunner.java:309)
	at com.gzoltar.lib.instrumentation.testing.junit.a.call(Unknown Source)
	at java.util.concurrent.FutureTask.run(FutureTask.java:266)
	at java.util.concurrent.ThreadPoolExecutor.runWorker(ThreadPoolExecutor.java:1142)
	at java.util.concurrent.ThreadPoolExecutor$Worker.run(ThreadPoolExecutor.java:617)
	at java.lang.Thread.run(Thread.java:745)
* Finished net.sf.xisemele.impl.DateFormatterEvoSuiteTest#test1
* Started net.sf.xisemele.impl.DateFormatterEvoSuiteTest#test2
* Finished net.sf.xisemele.impl.DateFormatterEvoSuiteTest#test2
* Started net.sf.xisemele.impl.NullErrorHandlerEvoSuiteTest#test0
* Finished net.sf.xisemele.impl.NullErrorHandlerEvoSuiteTest#test0
* Started net.sf.xisemele.impl.NullErrorHandlerEvoSuiteTest#test1
* Finished net.sf.xisemele.impl.NullErrorHandlerEvoSuiteTest#test1
* Started net.sf.xisemele.impl.NullErrorHandlerEvoSuiteTest#test2
* Finished net.sf.xisemele.impl.NullErrorHandlerEvoSuiteTest#test2
* Started net.sf.xisemele.impl.ValueListImplEvoSuiteTest#test10
* Finished net.sf.xisemele.impl.ValueListImplEvoSuiteTest#test10
* Started net.sf.xisemele.impl.ValueListImplEvoSuiteTest#test11
* Finished net.sf.xisemele.impl.ValueListImplEvoSuiteTest#test11
* Started net.sf.xisemele.impl.ValueListImplEvoSuiteTest#test12
* Finished net.sf.xisemele.impl.ValueListImplEvoSuiteTest#test12
* Started net.sf.xisemele.impl.ValueListImplEvoSuiteTest#test13
* Finished net.sf.xisemele.impl.ValueListImplEvoSuiteTest#test13
* Started net.sf.xisemele.impl.ValueListImplEvoSuiteTest#test14
* Finished net.sf.xisemele.impl.ValueListImplEvoSuiteTest#test14
* Started net.sf.xisemele.impl.ValueListImplEvoSuiteTest#test15
* Finished net.sf.xisemele.impl.ValueListImplEvoSuiteTest#test15
* Started net.sf.xisemele.impl.ValueListImplEvoSuiteTest#test16
* Finished net.sf.xisemele.impl.ValueListImplEvoSuiteTest#test16
* Started net.sf.xisemele.impl.ValueListImplEvoSuiteTest#test17
* Finished net.sf.xisemele.impl.ValueListImplEvoSuiteTest#test17
* Started net.sf.xisemele.impl.ValueListImplEvoSuiteTest#test18
* Finished net.sf.xisemele.impl.ValueListImplEvoSuiteTest#test18
* Started net.sf.xisemele.impl.ValueListImplEvoSuiteTest#test19
* Finished net.sf.xisemele.impl.ValueListImplEvoSuiteTest#test19
* Started net.sf.xisemele.impl.ValueListImplEvoSuiteTest#test20
* Finished net.sf.xisemele.impl.ValueListImplEvoSuiteTest#test20
* Started net.sf.xisemele.impl.ValueListImplEvoSuiteTest#test21
* Finished net.sf.xisemele.impl.ValueListImplEvoSuiteTest#test21
* Started net.sf.xisemele.impl.ValueListImplEvoSuiteTest#test22
* Finished net.sf.xisemele.impl.ValueListImplEvoSuiteTest#test22
* Started net.sf.xisemele.impl.ValueListImplEvoSuiteTest#test23
* Finished net.sf.xisemele.impl.ValueListImplEvoSuiteTest#test23
* Started net.sf.xisemele.impl.ValueListImplEvoSuiteTest#test24
* Finished net.sf.xisemele.impl.ValueListImplEvoSuiteTest#test24
* Started net.sf.xisemele.impl.ValueListImplEvoSuiteTest#test0
* Finished net.sf.xisemele.impl.ValueListImplEvoSuiteTest#test0
* Started net.sf.xisemele.impl.ValueListImplEvoSuiteTest#test1
* Finished net.sf.xisemele.impl.ValueListImplEvoSuiteTest#test1
* Started net.sf.xisemele.impl.ValueListImplEvoSuiteTest#test2
* Finished net.sf.xisemele.impl.ValueListImplEvoSuiteTest#test2
* Started net.sf.xisemele.impl.ValueListImplEvoSuiteTest#test3
* Finished net.sf.xisemele.impl.ValueListImplEvoSuiteTest#test3
* Started net.sf.xisemele.impl.ValueListImplEvoSuiteTest#test4
* Finished net.sf.xisemele.impl.ValueListImplEvoSuiteTest#test4
* Started net.sf.xisemele.impl.ValueListImplEvoSuiteTest#test5
* Finished net.sf.xisemele.impl.ValueListImplEvoSuiteTest#test5
* Started net.sf.xisemele.impl.ValueListImplEvoSuiteTest#test6
* Finished net.sf.xisemele.impl.ValueListImplEvoSuiteTest#test6
* Started net.sf.xisemele.impl.ValueListImplEvoSuiteTest#test7
* Finished net.sf.xisemele.impl.ValueListImplEvoSuiteTest#test7
* Started net.sf.xisemele.impl.ValueListImplEvoSuiteTest#test8
* Finished net.sf.xisemele.impl.ValueListImplEvoSuiteTest#test8
* Started net.sf.xisemele.impl.ValueListImplEvoSuiteTest#test9
* Finished net.sf.xisemele.impl.ValueListImplEvoSuiteTest#test9
* Started net.sf.xisemele.impl.AttributeImplEvoSuiteTest#test0
* Finished net.sf.xisemele.impl.AttributeImplEvoSuiteTest#test0
* Started net.sf.xisemele.impl.AttributeImplEvoSuiteTest#test1
* Finished net.sf.xisemele.impl.AttributeImplEvoSuiteTest#test1
* Started net.sf.xisemele.impl.AttributeImplEvoSuiteTest#test2
* Finished net.sf.xisemele.impl.AttributeImplEvoSuiteTest#test2
* Started net.sf.xisemele.impl.AttributeImplEvoSuiteTest#test3
* Finished net.sf.xisemele.impl.AttributeImplEvoSuiteTest#test3
* Started net.sf.xisemele.impl.AttributeImplEvoSuiteTest#test4
* Finished net.sf.xisemele.impl.AttributeImplEvoSuiteTest#test4
* Started net.sf.xisemele.impl.AttributeImplEvoSuiteTest#test5
* Finished net.sf.xisemele.impl.AttributeImplEvoSuiteTest#test5
* Started net.sf.xisemele.impl.XisemeleFactoryEvoSuiteTest#test0
* Finished net.sf.xisemele.impl.XisemeleFactoryEvoSuiteTest#test0
* Started net.sf.xisemele.impl.XisemeleFactoryEvoSuiteTest#test1
* Finished net.sf.xisemele.impl.XisemeleFactoryEvoSuiteTest#test1
* Filtering test cases that do not cover any component
* Sending data to master
* Closing connection with client
* Performing fault localization
* Running Ochiai
* Writing coverage matrix to 'gzoltar-data/matrix'
* Writing spectra to 'gzoltar-data/spectra'
* Metrics
