   ____ _____     _ _               
  / ___|__  /___ | | |_ __ _ _ __   
 | |  _  / // _ \| | __/ _` | '__| 
 | |_| |/ /| (_) | | || (_| | |     
  \____/____\___/|_|\__\__,_|_| 

* Preparing classpath
OpenJDK 64-Bit Server VM warning: ignoring option MaxPermSize=256M; support was removed in 8.0
* Collecting classes under test
* Collecting test cases
* Performing analysis
* Started org.databene.jdbacl.model.csv.CSVModelExporterEvoSuiteTest#test0
* Finished org.databene.jdbacl.model.csv.CSVModelExporterEvoSuiteTest#test0
* Started org.databene.jdbacl.model.xml.XMLModelExporterEvoSuiteTest#test0
* Finished org.databene.jdbacl.model.xml.XMLModelExporterEvoSuiteTest#test0
* Started org.databene.jdbacl.model.jdbc.DBIndexInfoEvoSuiteTest#test0
* Failure: Expecting exception: NoClassDefFoundError | test0(org.databene.jdbacl.model.jdbc.DBIndexInfoEvoSuiteTest)
java.lang.AssertionError: Expecting exception: NoClassDefFoundError
	at org.junit.Assert.fail(Assert.java:88)
	at org.databene.jdbacl.model.jdbc.DBIndexInfoEvoSuiteTest.test0(DBIndexInfoEvoSuiteTest.java:29)
	at sun.reflect.NativeMethodAccessorImpl.invoke0(Native Method)
	at sun.reflect.NativeMethodAccessorImpl.invoke(NativeMethodAccessorImpl.java:62)
	at sun.reflect.DelegatingMethodAccessorImpl.invoke(DelegatingMethodAccessorImpl.java:43)
	at java.lang.reflect.Method.invoke(Method.java:498)
	at org.junit.runners.model.FrameworkMethod$1.runReflectiveCall(FrameworkMethod.java:47)
	at org.junit.internal.runners.model.ReflectiveCallable.run(ReflectiveCallable.java:12)
	at org.junit.runners.model.FrameworkMethod.invokeExplosively(FrameworkMethod.java:44)
	at org.junit.internal.runners.statements.InvokeMethod.evaluate(InvokeMethod.java:17)
	at org.junit.runners.ParentRunner.runLeaf(ParentRunner.java:271)
	at org.junit.runners.BlockJUnit4ClassRunner.runChild(BlockJUnit4ClassRunner.java:70)
	at org.junit.runners.BlockJUnit4ClassRunner.runChild(BlockJUnit4ClassRunner.java:50)
	at org.junit.runners.ParentRunner$3.run(ParentRunner.java:238)
	at org.junit.runners.ParentRunner$1.schedule(ParentRunner.java:63)
	at org.junit.runners.ParentRunner.runChildren(ParentRunner.java:236)
	at org.junit.runners.ParentRunner.access$000(ParentRunner.java:53)
	at org.junit.runners.ParentRunner$2.evaluate(ParentRunner.java:229)
	at org.junit.runners.ParentRunner.run(ParentRunner.java:309)
	at com.gzoltar.lib.instrumentation.testing.junit.a.call(Unknown Source)
	at java.util.concurrent.FutureTask.run(FutureTask.java:266)
	at java.util.concurrent.ThreadPoolExecutor.runWorker(ThreadPoolExecutor.java:1142)
	at java.util.concurrent.ThreadPoolExecutor$Worker.run(ThreadPoolExecutor.java:617)
	at java.lang.Thread.run(Thread.java:745)

* Finished org.databene.jdbacl.model.jdbc.DBIndexInfoEvoSuiteTest#test0
* Started org.databene.jdbacl.model.jdbc.DBIndexInfoEvoSuiteTest#test1
* Finished org.databene.jdbacl.model.jdbc.DBIndexInfoEvoSuiteTest#test1
* Started org.databene.jdbacl.model.jdbc.DBIndexInfoEvoSuiteTest#test2
* Finished org.databene.jdbacl.model.jdbc.DBIndexInfoEvoSuiteTest#test2
* Started org.databene.jdbacl.model.jdbc.DBIndexInfoEvoSuiteTest#test3
* Finished org.databene.jdbacl.model.jdbc.DBIndexInfoEvoSuiteTest#test3
* Started org.databene.jdbacl.model.jdbc.DBIndexInfoEvoSuiteTest#test4
* Finished org.databene.jdbacl.model.jdbc.DBIndexInfoEvoSuiteTest#test4
* Started org.databene.jdbacl.ColumnInfoEvoSuiteTest#test0
* Finished org.databene.jdbacl.ColumnInfoEvoSuiteTest#test0
* Started org.databene.jdbacl.swing.TextFieldValueProviderEvoSuiteTest#test0
* Finished org.databene.jdbacl.swing.TextFieldValueProviderEvoSuiteTest#test0
* Started org.databene.jdbacl.swing.DatabaseTreeEvoSuiteTest#test0
* Finished org.databene.jdbacl.swing.DatabaseTreeEvoSuiteTest#test0
* Started org.databene.jdbacl.DBExecutionResultEvoSuiteTest#test0
* Finished org.databene.jdbacl.DBExecutionResultEvoSuiteTest#test0
* Started org.databene.jdbacl.JDBCConnectDataEvoSuiteTest#test0
* Finished org.databene.jdbacl.JDBCConnectDataEvoSuiteTest#test0
* Started org.databene.jdbacl.JDBCConnectDataEvoSuiteTest#test1
log4j:WARN No appenders could be found for logger (org.databene.commons.IOUtil).
log4j:WARN Please initialize the log4j system properly.
* Failure: Resource not found: db_password | test1(org.databene.jdbacl.JDBCConnectDataEvoSuiteTest)
org.databene.commons.ConfigurationError: Resource not found: db_password
	at org.databene.commons.IOUtil.getResourceAsStream(IOUtil.java:547)
	at org.databene.commons.IOUtil.getFileOrResourceAsStream(IOUtil.java:534)
	at org.databene.commons.IOUtil.getInputStreamForURI(IOUtil.java:208)
	at org.databene.commons.IOUtil.getInputStreamForURI(IOUtil.java:186)
	at org.databene.commons.IOUtil.getFileReader(IOUtil.java:689)
	at org.databene.commons.IOUtil.getReaderForURI(IOUtil.java:181)
	at org.databene.commons.IOUtil.readProperties(IOUtil.java:430)
	at org.databene.commons.IOUtil.readProperties(IOUtil.java:409)
	at org.databene.commons.IOUtil.readProperties(IOUtil.java:404)
	at org.databene.jdbacl.JDBCConnectData.parseSingleDbProperties(JDBCConnectData.java:59)
	at org.databene.jdbacl.JDBCConnectDataEvoSuiteTest.test1(JDBCConnectDataEvoSuiteTest.java:37)
	at sun.reflect.NativeMethodAccessorImpl.invoke0(Native Method)
	at sun.reflect.NativeMethodAccessorImpl.invoke(NativeMethodAccessorImpl.java:62)
	at sun.reflect.DelegatingMethodAccessorImpl.invoke(DelegatingMethodAccessorImpl.java:43)
	at java.lang.reflect.Method.invoke(Method.java:498)
	at org.junit.runners.model.FrameworkMethod$1.runReflectiveCall(FrameworkMethod.java:47)
	at org.junit.internal.runners.model.ReflectiveCallable.run(ReflectiveCallable.java:12)
	at org.junit.runners.model.FrameworkMethod.invokeExplosively(FrameworkMethod.java:44)
	at org.junit.internal.runners.statements.InvokeMethod.evaluate(InvokeMethod.java:17)
	at org.junit.runners.ParentRunner.runLeaf(ParentRunner.java:271)
	at org.junit.runners.BlockJUnit4ClassRunner.runChild(BlockJUnit4ClassRunner.java:70)
	at org.junit.runners.BlockJUnit4ClassRunner.runChild(BlockJUnit4ClassRunner.java:50)
	at org.junit.runners.ParentRunner$3.run(ParentRunner.java:238)
	at org.junit.runners.ParentRunner$1.schedule(ParentRunner.java:63)
	at org.junit.runners.ParentRunner.runChildren(ParentRunner.java:236)
	at org.junit.runners.ParentRunner.access$000(ParentRunner.java:53)
	at org.junit.runners.ParentRunner$2.evaluate(ParentRunner.java:229)
	at org.junit.runners.ParentRunner.run(ParentRunner.java:309)
	at com.gzoltar.lib.instrumentation.testing.junit.a.call(Unknown Source)
	at java.util.concurrent.FutureTask.run(FutureTask.java:266)
	at java.util.concurrent.ThreadPoolExecutor.runWorker(ThreadPoolExecutor.java:1142)
	at java.util.concurrent.ThreadPoolExecutor$Worker.run(ThreadPoolExecutor.java:617)
	at java.lang.Thread.run(Thread.java:745)

* Finished org.databene.jdbacl.JDBCConnectDataEvoSuiteTest#test1
* Started org.databene.jdbacl.ResultsWithMetadataEvoSuiteTest#test0
* Finished org.databene.jdbacl.ResultsWithMetadataEvoSuiteTest#test0
* Started org.databene.jdbacl.ResultsWithMetadataEvoSuiteTest#test1
* Finished org.databene.jdbacl.ResultsWithMetadataEvoSuiteTest#test1
* Started org.databene.jdbacl.DatabaseTestUtilEvoSuiteTest#test0
* Finished org.databene.jdbacl.DatabaseTestUtilEvoSuiteTest#test0
* Started org.databene.jdbacl.identity.mem.GlobalRowIdEvoSuiteTest#test0
* Failure: Expecting exception: NoClassDefFoundError | test0(org.databene.jdbacl.identity.mem.GlobalRowIdEvoSuiteTest)
java.lang.AssertionError: Expecting exception: NoClassDefFoundError
	at org.junit.Assert.fail(Assert.java:88)
	at org.databene.jdbacl.identity.mem.GlobalRowIdEvoSuiteTest.test0(GlobalRowIdEvoSuiteTest.java:25)
	at sun.reflect.NativeMethodAccessorImpl.invoke0(Native Method)
	at sun.reflect.NativeMethodAccessorImpl.invoke(NativeMethodAccessorImpl.java:62)
	at sun.reflect.DelegatingMethodAccessorImpl.invoke(DelegatingMethodAccessorImpl.java:43)
	at java.lang.reflect.Method.invoke(Method.java:498)
	at org.junit.runners.model.FrameworkMethod$1.runReflectiveCall(FrameworkMethod.java:47)
	at org.junit.internal.runners.model.ReflectiveCallable.run(ReflectiveCallable.java:12)
	at org.junit.runners.model.FrameworkMethod.invokeExplosively(FrameworkMethod.java:44)
	at org.junit.internal.runners.statements.InvokeMethod.evaluate(InvokeMethod.java:17)
	at org.junit.runners.ParentRunner.runLeaf(ParentRunner.java:271)
	at org.junit.runners.BlockJUnit4ClassRunner.runChild(BlockJUnit4ClassRunner.java:70)
	at org.junit.runners.BlockJUnit4ClassRunner.runChild(BlockJUnit4ClassRunner.java:50)
	at org.junit.runners.ParentRunner$3.run(ParentRunner.java:238)
	at org.junit.runners.ParentRunner$1.schedule(ParentRunner.java:63)
	at org.junit.runners.ParentRunner.runChildren(ParentRunner.java:236)
	at org.junit.runners.ParentRunner.access$000(ParentRunner.java:53)
	at org.junit.runners.ParentRunner$2.evaluate(ParentRunner.java:229)
	at org.junit.runners.ParentRunner.run(ParentRunner.java:309)
	at com.gzoltar.lib.instrumentation.testing.junit.a.call(Unknown Source)
	at java.util.concurrent.FutureTask.run(FutureTask.java:266)
	at java.util.concurrent.ThreadPoolExecutor.runWorker(ThreadPoolExecutor.java:1142)
	at java.util.concurrent.ThreadPoolExecutor$Worker.run(ThreadPoolExecutor.java:617)
	at java.lang.Thread.run(Thread.java:745)

* Finished org.databene.jdbacl.identity.mem.GlobalRowIdEvoSuiteTest#test0
* Started org.databene.jdbacl.identity.NKBuilderEvoSuiteTest#test0
* Finished org.databene.jdbacl.identity.NKBuilderEvoSuiteTest#test0
* Started org.databene.jdbacl.identity.NKBuilderEvoSuiteTest#test1
* Finished org.databene.jdbacl.identity.NKBuilderEvoSuiteTest#test1
* Filtering test cases that do not cover any component
* Sending data to master
* Closing connection with client
* Performing fault localization
* Running Ochiai
* Writing coverage matrix to 'gzoltar-data/matrix'
* Writing spectra to 'gzoltar-data/spectra'
* Metrics
